#
# There is insufficient memory for the Java Runtime Environment to continue.
# Native memory allocation (malloc) failed to allocate 1048576 bytes for AllocateHeap
# Possible reasons:
#   The system is out of physical RAM or swap space
#   The process is running with CompressedOops enabled, and the Java Heap may be blocking the growth of the native heap
# Possible solutions:
#   Reduce memory load on the system
#   Increase physical memory or swap space
#   Check if swap backing store is full
#   Decrease Java heap size (-Xmx/-Xms)
#   Decrease number of Java threads
#   Decrease Java thread stack sizes (-Xss)
#   Set larger code cache with -XX:ReservedCodeCacheSize=
#   JVM is running with Unscaled Compressed Oops mode in which the Java heap is
#     placed in the first 4GB address space. The Java Heap base address is the
#     maximum limit for the native heap growth. Please use -XX:HeapBaseMinAddress
#     to set the Java Heap base and to place the Java Heap above 4GB virtual address.
# This output file may be truncated or incomplete.
#
#  Out of Memory Error (./src/hotspot/share/memory/allocation.cpp:46), pid=8516, tid=9148
#
# JRE version: OpenJDK Runtime Environment (11.0.12+7) (build 11.0.12+7-b1504.28-7817840)
# Java VM: OpenJDK 64-Bit Server VM (11.0.12+7-b1504.28-7817840, mixed mode, tiered, compressed oops, g1 gc, windows-amd64)
# No core dump will be written. Minidumps are not enabled by default on client versions of Windows
#

---------------  S U M M A R Y ------------

Command Line: -Dorg.gradle.appname=gradlew org.gradle.wrapper.GradleWrapperMain -q -Ptarget-platform=android-arm64 -Ptarget=C:\Users\pc\Downloads\CBI_Flutter_App\lib\main.dart -Pbase-application-name=android.app.Application -Pdart-defines=Zmx1dHRlci5pbnNwZWN0b3Iuc3RydWN0dXJlZEVycm9ycz10cnVl,RkxVVFRFUl9XRUJfQVVUT19ERVRFQ1Q9dHJ1ZQ==,RkxVVFRFUl9XRUJfQ0FOVkFTS0lUX1VSTD1odHRwczovL3d3dy5nc3RhdGljLmNvbS9mbHV0dGVyLWNhbnZhc2tpdC8wNTQ1Zjg3MDVkZjMwMTg3N2Q3ODcxMDdiYWMxYTZlOWZjOWVlMWFkLw== -Pdart-obfuscation=false -Ptrack-widget-creation=true -Ptree-shake-icons=false -Pfilesystem-scheme=org-dartlang-root assembleDebug

Host: Intel(R) Core(TM) i5-3470 CPU @ 3.20GHz, 4 cores, 7G,  Windows 10 , 64 bit Build 19041 (10.0.19041.3570)
Time: Thu Nov  2 15:56:07 2023 India Standard Time elapsed time: 2.578357 seconds (0d 0h 0m 2s)

---------------  T H R E A D  ---------------

Current thread (0x000001f323e51000):  VMThread "VM Thread" [stack: 0x000000b77bb00000,0x000000b77bc00000] [id=9148]

Stack: [0x000000b77bb00000,0x000000b77bc00000]
[error occurred during error reporting (printing stack bounds), id 0xc0000005, EXCEPTION_ACCESS_VIOLATION (0xc0000005) at pc=0x000001f30d6e112d]

Native frames: (J=compiled Java code, j=interpreted, Vv=VM code, C=native code)
V  [jvm.dll+0x5fbcea]
V  [jvm.dll+0x731905]
V  [jvm.dll+0x732f1d]
V  [jvm.dll+0x733535]
V  [jvm.dll+0x7334eb]
V  [jvm.dll+0x5fb080]
V  [jvm.dll+0x5fb818]
C  [ntdll.dll+0xa23af]
C  [ntdll.dll+0x514b4]
C  [ntdll.dll+0xa0ebe]
C  0x000001f30d6e112d

VM_Operation (0x000000b77b5fb8e0): CollectForMetadataAllocation, mode: safepoint, requested by thread 0x000001f3083ce000


---------------  P R O C E S S  ---------------

Threads class SMR info:
_java_thread_list=0x000001f3256d1180, length=13, elements={
0x000001f3083ce000, 0x000001f323e75800, 0x000001f323e77800, 0x000001f323e92000,
0x000001f323e95800, 0x000001f323e97800, 0x000001f323e9a800, 0x000001f323e9d000,
0x000001f323ea0800, 0x000001f324956000, 0x000001f3251e2800, 0x000001f325839000,
0x000001f32562b800
}

Java Threads: ( => current thread )
  0x000001f3083ce000 JavaThread "main" [_thread_blocked, id=1052, stack(0x000000b77b500000,0x000000b77b600000)]
  0x000001f323e75800 JavaThread "Reference Handler" daemon [_thread_blocked, id=5980, stack(0x000000b77bc00000,0x000000b77bd00000)]
  0x000001f323e77800 JavaThread "Finalizer" daemon [_thread_blocked, id=8384, stack(0x000000b77bd00000,0x000000b77be00000)]
  0x000001f323e92000 JavaThread "Signal Dispatcher" daemon [_thread_blocked, id=8548, stack(0x000000b77be00000,0x000000b77bf00000)]
  0x000001f323e95800 JavaThread "Attach Listener" daemon [_thread_blocked, id=9464, stack(0x000000b77bf00000,0x000000b77c000000)]
  0x000001f323e97800 JavaThread "Service Thread" daemon [_thread_blocked, id=5808, stack(0x000000b77c000000,0x000000b77c100000)]
  0x000001f323e9a800 JavaThread "C2 CompilerThread0" daemon [_thread_blocked, id=4904, stack(0x000000b77c100000,0x000000b77c200000)]
  0x000001f323e9d000 JavaThread "C1 CompilerThread0" daemon [_thread_blocked, id=9924, stack(0x000000b77c200000,0x000000b77c300000)]
  0x000001f323ea0800 JavaThread "Sweeper thread" daemon [_thread_blocked, id=3056, stack(0x000000b77c300000,0x000000b77c400000)]
  0x000001f324956000 JavaThread "Common-Cleaner" daemon [_thread_blocked, id=5516, stack(0x000000b77c500000,0x000000b77c600000)]
  0x000001f3251e2800 JavaThread "pool-1-thread-1" [_thread_blocked, id=4484, stack(0x000000b77c900000,0x000000b77ca00000)]
  0x000001f325839000 JavaThread "DisconnectableInputStream source reader" daemon [_thread_in_native, id=4580, stack(0x000000b77cb00000,0x000000b77cc00000)]
  0x000001f32562b800 JavaThread "Forward input" [_thread_blocked, id=3220, stack(0x000000b77cc00000,0x000000b77cd00000)]

Other Threads:
=>0x000001f323e51000 VMThread "VM Thread" [stack: 0x000000b77bb00000,0x000000b77bc00000] [id=9148]
  0x000001f32494d800 WatcherThread [stack: 0x000000b77c400000,0x000000b77c500000] [id=2840]
  0x000001f3083e7000 GCTaskThread "GC Thread#0" [stack: 0x000000b77b600000,0x000000b77b700000] [id=8084]
  0x000001f324afa000 GCTaskThread "GC Thread#1" [stack: 0x000000b77c600000,0x000000b77c700000] [id=5324]
  0x000001f324c32000 GCTaskThread "GC Thread#2" [stack: 0x000000b77c700000,0x000000b77c800000] [id=9776]
  0x000001f3253bd000 GCTaskThread "GC Thread#3" [stack: 0x000000b77c800000,0x000000b77c900000] [id=2908]
  0x000001f308416000 ConcurrentGCThread "G1 Main Marker" [stack: 0x000000b77b700000,0x000000b77b800000] [id=2164]
  0x000001f308418800 ConcurrentGCThread "G1 Conc#0" [stack: 0x000000b77b800000,0x000000b77b900000] [id=4608]
  0x000001f3084a9000 ConcurrentGCThread "G1 Refine#0" [stack: 0x000000b77b900000,0x000000b77ba00000] [id=8764]
  0x000001f3084aa000 ConcurrentGCThread "G1 Young RemSet Sampling" [stack: 0x000000b77ba00000,0x000000b77bb00000] [id=1820]

Threads with active compile tasks:

VM state:at safepoint (normal execution)

VM Mutex/Monitor currently owned by a thread:  ([mutex/lock_event])
[0x000001f3083cbde0] Threads_lock - owner thread: 0x000001f323e51000
[0x000001f3083cb0f0] Heap_lock - owner thread: 0x000001f3083ce000

Heap address: 0x0000000081e00000, size: 2018 MB, Compressed Oops mode: 32-bit
Narrow klass base: 0x0000000000000000, Narrow klass shift: 3
Compressed class space size: 1073741824 Address: 0x0000000100000000

Heap:
 garbage-first heap   total 131072K, used 10527K [0x0000000081e00000, 0x0000000100000000)
  region size 1024K, 1 young (1024K), 1 survivors (1024K)
 Metaspace       used 15149K, capacity 15438K, committed 15488K, reserved 1077248K
  class space    used 1767K, capacity 1873K, committed 1920K, reserved 1048576K
Heap Regions: E=young(eden), S=young(survivor), O=old, HS=humongous(starts), HC=humongous(continues), CS=collection set, F=free, A=archive, TAMS=top-at-mark-start (previous, next)
|   0|0x0000000081e00000, 0x0000000081f00000, 0x0000000081f00000|100%|HS|  |TAMS 0x0000000081f00000, 0x0000000081f00000| Complete 
|   1|0x0000000081f00000, 0x0000000082000000, 0x0000000082000000|100%|HC|  |TAMS 0x0000000082000000, 0x0000000082000000| Complete 
|   2|0x0000000082000000, 0x0000000082100000, 0x0000000082100000|100%|HC|  |TAMS 0x0000000082100000, 0x0000000082100000| Complete 
|   3|0x0000000082100000, 0x0000000082200000, 0x0000000082200000|100%| O|  |TAMS 0x0000000082200000, 0x0000000082200000| Untracked 
|   4|0x0000000082200000, 0x0000000082300000, 0x0000000082300000|100%| O|  |TAMS 0x000000008222e200, 0x0000000082300000| Untracked 
|   5|0x0000000082300000, 0x0000000082400000, 0x0000000082400000|100%| O|  |TAMS 0x0000000082300000, 0x0000000082400000| Untracked 
|   6|0x0000000082400000, 0x0000000082500000, 0x0000000082500000|100%| O|  |TAMS 0x0000000082400000, 0x0000000082500000| Untracked 
|   7|0x0000000082500000, 0x0000000082600000, 0x0000000082600000|100%| O|  |TAMS 0x0000000082500000, 0x0000000082600000| Untracked 
|   8|0x0000000082600000, 0x0000000082700000, 0x0000000082700000|100%| O|  |TAMS 0x0000000082600000, 0x0000000082700000| Untracked 
|   9|0x0000000082700000, 0x00000000827d0c00, 0x0000000082800000| 81%| O|  |TAMS 0x0000000082700000, 0x00000000827d0c00| Untracked 
|  10|0x0000000082800000, 0x0000000082800000, 0x0000000082900000|  0%| F|  |TAMS 0x0000000082800000, 0x0000000082800000| Untracked 
|  11|0x0000000082900000, 0x0000000082900000, 0x0000000082a00000|  0%| F|  |TAMS 0x0000000082900000, 0x0000000082900000| Untracked 
|  12|0x0000000082a00000, 0x0000000082a00000, 0x0000000082b00000|  0%| F|  |TAMS 0x0000000082a00000, 0x0000000082a00000| Untracked 
|  13|0x0000000082b00000, 0x0000000082b00000, 0x0000000082c00000|  0%| F|  |TAMS 0x0000000082b00000, 0x0000000082b00000| Untracked 
|  14|0x0000000082c00000, 0x0000000082c00000, 0x0000000082d00000|  0%| F|  |TAMS 0x0000000082c00000, 0x0000000082c00000| Untracked 
|  15|0x0000000082d00000, 0x0000000082d00000, 0x0000000082e00000|  0%| F|  |TAMS 0x0000000082d00000, 0x0000000082d00000| Untracked 
|  16|0x0000000082e00000, 0x0000000082e00000, 0x0000000082f00000|  0%| F|  |TAMS 0x0000000082e00000, 0x0000000082e00000| Untracked 
|  17|0x0000000082f00000, 0x0000000082f00000, 0x0000000083000000|  0%| F|  |TAMS 0x0000000082f00000, 0x0000000082f00000| Untracked 
|  18|0x0000000083000000, 0x0000000083000000, 0x0000000083100000|  0%| F|  |TAMS 0x0000000083000000, 0x0000000083000000| Untracked 
|  19|0x0000000083100000, 0x0000000083100000, 0x0000000083200000|  0%| F|  |TAMS 0x0000000083100000, 0x0000000083100000| Untracked 
|  20|0x0000000083200000, 0x0000000083200000, 0x0000000083300000|  0%| F|  |TAMS 0x0000000083200000, 0x0000000083200000| Untracked 
|  21|0x0000000083300000, 0x0000000083300000, 0x0000000083400000|  0%| F|  |TAMS 0x0000000083300000, 0x0000000083300000| Untracked 
|  22|0x0000000083400000, 0x0000000083400000, 0x0000000083500000|  0%| F|  |TAMS 0x0000000083400000, 0x0000000083400000| Untracked 
|  23|0x0000000083500000, 0x0000000083500000, 0x0000000083600000|  0%| F|  |TAMS 0x0000000083500000, 0x0000000083500000| Untracked 
|  24|0x0000000083600000, 0x0000000083600000, 0x0000000083700000|  0%| F|  |TAMS 0x0000000083600000, 0x0000000083600000| Untracked 
|  25|0x0000000083700000, 0x0000000083700000, 0x0000000083800000|  0%| F|  |TAMS 0x0000000083700000, 0x0000000083700000| Untracked 
|  26|0x0000000083800000, 0x0000000083800000, 0x0000000083900000|  0%| F|  |TAMS 0x0000000083800000, 0x0000000083800000| Untracked 
|  27|0x0000000083900000, 0x0000000083900000, 0x0000000083a00000|  0%| F|  |TAMS 0x0000000083900000, 0x0000000083900000| Untracked 
|  28|0x0000000083a00000, 0x0000000083a00000, 0x0000000083b00000|  0%| F|  |TAMS 0x0000000083a00000, 0x0000000083a00000| Untracked 
|  29|0x0000000083b00000, 0x0000000083b00000, 0x0000000083c00000|  0%| F|  |TAMS 0x0000000083b00000, 0x0000000083b00000| Untracked 
|  30|0x0000000083c00000, 0x0000000083c00000, 0x0000000083d00000|  0%| F|  |TAMS 0x0000000083c00000, 0x0000000083c00000| Untracked 
|  31|0x0000000083d00000, 0x0000000083d00000, 0x0000000083e00000|  0%| F|  |TAMS 0x0000000083d00000, 0x0000000083d00000| Untracked 
|  32|0x0000000083e00000, 0x0000000083e00000, 0x0000000083f00000|  0%| F|  |TAMS 0x0000000083e00000, 0x0000000083e00000| Untracked 
|  33|0x0000000083f00000, 0x0000000083f00000, 0x0000000084000000|  0%| F|  |TAMS 0x0000000083f00000, 0x0000000083f00000| Untracked 
|  34|0x0000000084000000, 0x0000000084000000, 0x0000000084100000|  0%| F|  |TAMS 0x0000000084000000, 0x0000000084000000| Untracked 
|  35|0x0000000084100000, 0x0000000084100000, 0x0000000084200000|  0%| F|  |TAMS 0x0000000084100000, 0x0000000084100000| Untracked 
|  36|0x0000000084200000, 0x0000000084200000, 0x0000000084300000|  0%| F|  |TAMS 0x0000000084200000, 0x0000000084200000| Untracked 
|  37|0x0000000084300000, 0x0000000084300000, 0x0000000084400000|  0%| F|  |TAMS 0x0000000084300000, 0x0000000084300000| Untracked 
|  38|0x0000000084400000, 0x0000000084400000, 0x0000000084500000|  0%| F|  |TAMS 0x0000000084400000, 0x0000000084400000| Untracked 
|  39|0x0000000084500000, 0x0000000084500000, 0x0000000084600000|  0%| F|  |TAMS 0x0000000084500000, 0x0000000084500000| Untracked 
|  40|0x0000000084600000, 0x0000000084600000, 0x0000000084700000|  0%| F|  |TAMS 0x0000000084600000, 0x0000000084600000| Untracked 
|  41|0x0000000084700000, 0x0000000084700000, 0x0000000084800000|  0%| F|  |TAMS 0x0000000084700000, 0x0000000084700000| Untracked 
|  42|0x0000000084800000, 0x0000000084800000, 0x0000000084900000|  0%| F|  |TAMS 0x0000000084800000, 0x0000000084800000| Untracked 
|  43|0x0000000084900000, 0x0000000084900000, 0x0000000084a00000|  0%| F|  |TAMS 0x0000000084900000, 0x0000000084900000| Untracked 
|  44|0x0000000084a00000, 0x0000000084a00000, 0x0000000084b00000|  0%| F|  |TAMS 0x0000000084a00000, 0x0000000084a00000| Untracked 
|  45|0x0000000084b00000, 0x0000000084b00000, 0x0000000084c00000|  0%| F|  |TAMS 0x0000000084b00000, 0x0000000084b00000| Untracked 
|  46|0x0000000084c00000, 0x0000000084c00000, 0x0000000084d00000|  0%| F|  |TAMS 0x0000000084c00000, 0x0000000084c00000| Untracked 
|  47|0x0000000084d00000, 0x0000000084d00000, 0x0000000084e00000|  0%| F|  |TAMS 0x0000000084d00000, 0x0000000084d00000| Untracked 
|  48|0x0000000084e00000, 0x0000000084e00000, 0x0000000084f00000|  0%| F|  |TAMS 0x0000000084e00000, 0x0000000084e00000| Untracked 
|  49|0x0000000084f00000, 0x0000000084f00000, 0x0000000085000000|  0%| F|  |TAMS 0x0000000084f00000, 0x0000000084f00000| Untracked 
|  50|0x0000000085000000, 0x0000000085000000, 0x0000000085100000|  0%| F|  |TAMS 0x0000000085000000, 0x0000000085000000| Untracked 
|  51|0x0000000085100000, 0x0000000085100000, 0x0000000085200000|  0%| F|  |TAMS 0x0000000085100000, 0x0000000085100000| Untracked 
|  52|0x0000000085200000, 0x0000000085200000, 0x0000000085300000|  0%| F|  |TAMS 0x0000000085200000, 0x0000000085200000| Untracked 
|  53|0x0000000085300000, 0x0000000085300000, 0x0000000085400000|  0%| F|  |TAMS 0x0000000085300000, 0x0000000085300000| Untracked 
|  54|0x0000000085400000, 0x0000000085400000, 0x0000000085500000|  0%| F|  |TAMS 0x0000000085400000, 0x0000000085400000| Untracked 
|  55|0x0000000085500000, 0x0000000085500000, 0x0000000085600000|  0%| F|  |TAMS 0x0000000085500000, 0x0000000085500000| Untracked 
|  56|0x0000000085600000, 0x0000000085600000, 0x0000000085700000|  0%| F|  |TAMS 0x0000000085600000, 0x0000000085600000| Untracked 
|  57|0x0000000085700000, 0x0000000085700000, 0x0000000085800000|  0%| F|  |TAMS 0x0000000085700000, 0x0000000085700000| Untracked 
|  58|0x0000000085800000, 0x0000000085800000, 0x0000000085900000|  0%| F|  |TAMS 0x0000000085800000, 0x0000000085800000| Untracked 
|  59|0x0000000085900000, 0x0000000085900000, 0x0000000085a00000|  0%| F|  |TAMS 0x0000000085900000, 0x0000000085900000| Untracked 
|  60|0x0000000085a00000, 0x0000000085a00000, 0x0000000085b00000|  0%| F|  |TAMS 0x0000000085a00000, 0x0000000085a00000| Untracked 
|  61|0x0000000085b00000, 0x0000000085b00000, 0x0000000085c00000|  0%| F|  |TAMS 0x0000000085b00000, 0x0000000085b00000| Untracked 
|  62|0x0000000085c00000, 0x0000000085c00000, 0x0000000085d00000|  0%| F|  |TAMS 0x0000000085c00000, 0x0000000085c00000| Untracked 
|  63|0x0000000085d00000, 0x0000000085d00000, 0x0000000085e00000|  0%| F|  |TAMS 0x0000000085d00000, 0x0000000085d00000| Untracked 
|  64|0x0000000085e00000, 0x0000000085e00000, 0x0000000085f00000|  0%| F|  |TAMS 0x0000000085e00000, 0x0000000085e00000| Untracked 
|  65|0x0000000085f00000, 0x0000000085f00000, 0x0000000086000000|  0%| F|  |TAMS 0x0000000085f00000, 0x0000000085f00000| Untracked 
|  66|0x0000000086000000, 0x0000000086000000, 0x0000000086100000|  0%| F|  |TAMS 0x0000000086000000, 0x0000000086000000| Untracked 
|  67|0x0000000086100000, 0x0000000086100000, 0x0000000086200000|  0%| F|  |TAMS 0x0000000086100000, 0x0000000086100000| Untracked 
|  68|0x0000000086200000, 0x0000000086200000, 0x0000000086300000|  0%| F|  |TAMS 0x0000000086200000, 0x0000000086200000| Untracked 
|  69|0x0000000086300000, 0x0000000086300000, 0x0000000086400000|  0%| F|  |TAMS 0x0000000086300000, 0x0000000086300000| Untracked 
|  70|0x0000000086400000, 0x0000000086400000, 0x0000000086500000|  0%| F|  |TAMS 0x0000000086400000, 0x0000000086400000| Untracked 
|  71|0x0000000086500000, 0x0000000086500000, 0x0000000086600000|  0%| F|  |TAMS 0x0000000086500000, 0x0000000086500000| Untracked 
|  72|0x0000000086600000, 0x0000000086600000, 0x0000000086700000|  0%| F|  |TAMS 0x0000000086600000, 0x0000000086600000| Untracked 
|  73|0x0000000086700000, 0x0000000086700000, 0x0000000086800000|  0%| F|  |TAMS 0x0000000086700000, 0x0000000086700000| Untracked 
|  74|0x0000000086800000, 0x0000000086800000, 0x0000000086900000|  0%| F|  |TAMS 0x0000000086800000, 0x0000000086800000| Untracked 
|  75|0x0000000086900000, 0x0000000086900000, 0x0000000086a00000|  0%| F|  |TAMS 0x0000000086900000, 0x0000000086900000| Untracked 
|  76|0x0000000086a00000, 0x0000000086a00000, 0x0000000086b00000|  0%| F|  |TAMS 0x0000000086a00000, 0x0000000086a00000| Untracked 
|  77|0x0000000086b00000, 0x0000000086b00000, 0x0000000086c00000|  0%| F|  |TAMS 0x0000000086b00000, 0x0000000086b00000| Untracked 
|  78|0x0000000086c00000, 0x0000000086c00000, 0x0000000086d00000|  0%| F|  |TAMS 0x0000000086c00000, 0x0000000086c00000| Untracked 
|  79|0x0000000086d00000, 0x0000000086d00000, 0x0000000086e00000|  0%| F|  |TAMS 0x0000000086d00000, 0x0000000086d00000| Untracked 
|  80|0x0000000086e00000, 0x0000000086e00000, 0x0000000086f00000|  0%| F|  |TAMS 0x0000000086e00000, 0x0000000086e00000| Untracked 
|  81|0x0000000086f00000, 0x0000000086f00000, 0x0000000087000000|  0%| F|  |TAMS 0x0000000086f00000, 0x0000000086f00000| Untracked 
|  82|0x0000000087000000, 0x0000000087000000, 0x0000000087100000|  0%| F|  |TAMS 0x0000000087000000, 0x0000000087000000| Untracked 
|  83|0x0000000087100000, 0x0000000087100000, 0x0000000087200000|  0%| F|  |TAMS 0x0000000087100000, 0x0000000087100000| Untracked 
|  84|0x0000000087200000, 0x0000000087200000, 0x0000000087300000|  0%| F|  |TAMS 0x0000000087200000, 0x0000000087200000| Untracked 
|  85|0x0000000087300000, 0x0000000087300000, 0x0000000087400000|  0%| F|  |TAMS 0x0000000087300000, 0x0000000087300000| Untracked 
|  86|0x0000000087400000, 0x0000000087400000, 0x0000000087500000|  0%| F|  |TAMS 0x0000000087400000, 0x0000000087400000| Untracked 
|  87|0x0000000087500000, 0x0000000087500000, 0x0000000087600000|  0%| F|  |TAMS 0x0000000087500000, 0x0000000087500000| Untracked 
|  88|0x0000000087600000, 0x0000000087600000, 0x0000000087700000|  0%| F|  |TAMS 0x0000000087600000, 0x0000000087600000| Untracked 
|  89|0x0000000087700000, 0x0000000087700000, 0x0000000087800000|  0%| F|  |TAMS 0x0000000087700000, 0x0000000087700000| Untracked 
|  90|0x0000000087800000, 0x0000000087800000, 0x0000000087900000|  0%| F|  |TAMS 0x0000000087800000, 0x0000000087800000| Untracked 
|  91|0x0000000087900000, 0x0000000087900000, 0x0000000087a00000|  0%| F|  |TAMS 0x0000000087900000, 0x0000000087900000| Untracked 
|  92|0x0000000087a00000, 0x0000000087a00000, 0x0000000087b00000|  0%| F|  |TAMS 0x0000000087a00000, 0x0000000087a00000| Untracked 
|  93|0x0000000087b00000, 0x0000000087b00000, 0x0000000087c00000|  0%| F|  |TAMS 0x0000000087b00000, 0x0000000087b00000| Untracked 
|  94|0x0000000087c00000, 0x0000000087c00000, 0x0000000087d00000|  0%| F|  |TAMS 0x0000000087c00000, 0x0000000087c00000| Untracked 
|  95|0x0000000087d00000, 0x0000000087d00000, 0x0000000087e00000|  0%| F|  |TAMS 0x0000000087d00000, 0x0000000087d00000| Untracked 
|  96|0x0000000087e00000, 0x0000000087e00000, 0x0000000087f00000|  0%| F|  |TAMS 0x0000000087e00000, 0x0000000087e00000| Untracked 
|  97|0x0000000087f00000, 0x0000000087f00000, 0x0000000088000000|  0%| F|  |TAMS 0x0000000087f00000, 0x0000000087f00000| Untracked 
|  98|0x0000000088000000, 0x0000000088000000, 0x0000000088100000|  0%| F|  |TAMS 0x0000000088000000, 0x0000000088000000| Untracked 
|  99|0x0000000088100000, 0x0000000088100000, 0x0000000088200000|  0%| F|  |TAMS 0x0000000088100000, 0x0000000088100000| Untracked 
| 100|0x0000000088200000, 0x0000000088200000, 0x0000000088300000|  0%| F|  |TAMS 0x0000000088200000, 0x0000000088200000| Untracked 
| 101|0x0000000088300000, 0x0000000088300000, 0x0000000088400000|  0%| F|  |TAMS 0x0000000088300000, 0x0000000088300000| Untracked 
| 102|0x0000000088400000, 0x0000000088400000, 0x0000000088500000|  0%| F|  |TAMS 0x0000000088400000, 0x0000000088400000| Untracked 
| 103|0x0000000088500000, 0x0000000088500000, 0x0000000088600000|  0%| F|  |TAMS 0x0000000088500000, 0x0000000088500000| Untracked 
| 104|0x0000000088600000, 0x0000000088600000, 0x0000000088700000|  0%| F|  |TAMS 0x0000000088600000, 0x0000000088600000| Untracked 
| 105|0x0000000088700000, 0x0000000088700000, 0x0000000088800000|  0%| F|  |TAMS 0x0000000088700000, 0x0000000088700000| Untracked 
| 106|0x0000000088800000, 0x0000000088800000, 0x0000000088900000|  0%| F|  |TAMS 0x0000000088800000, 0x0000000088800000| Untracked 
| 107|0x0000000088900000, 0x0000000088900000, 0x0000000088a00000|  0%| F|  |TAMS 0x0000000088900000, 0x0000000088900000| Untracked 
| 108|0x0000000088a00000, 0x0000000088a00000, 0x0000000088b00000|  0%| F|  |TAMS 0x0000000088a00000, 0x0000000088a00000| Untracked 
| 109|0x0000000088b00000, 0x0000000088b00000, 0x0000000088c00000|  0%| F|  |TAMS 0x0000000088b00000, 0x0000000088b00000| Untracked 
| 110|0x0000000088c00000, 0x0000000088c00000, 0x0000000088d00000|  0%| F|  |TAMS 0x0000000088c00000, 0x0000000088c00000| Untracked 
| 111|0x0000000088d00000, 0x0000000088d00000, 0x0000000088e00000|  0%| F|  |TAMS 0x0000000088d00000, 0x0000000088d00000| Untracked 
| 112|0x0000000088e00000, 0x0000000088e00000, 0x0000000088f00000|  0%| F|  |TAMS 0x0000000088e00000, 0x0000000088e00000| Untracked 
| 113|0x0000000088f00000, 0x0000000088f00000, 0x0000000089000000|  0%| F|  |TAMS 0x0000000088f00000, 0x0000000088f00000| Untracked 
| 114|0x0000000089000000, 0x0000000089000000, 0x0000000089100000|  0%| F|  |TAMS 0x0000000089000000, 0x0000000089000000| Untracked 
| 115|0x0000000089100000, 0x0000000089100000, 0x0000000089200000|  0%| F|  |TAMS 0x0000000089100000, 0x0000000089100000| Untracked 
| 116|0x0000000089200000, 0x0000000089200000, 0x0000000089300000|  0%| F|  |TAMS 0x0000000089200000, 0x0000000089200000| Untracked 
| 117|0x0000000089300000, 0x0000000089300000, 0x0000000089400000|  0%| F|  |TAMS 0x0000000089300000, 0x0000000089300000| Untracked 
| 118|0x0000000089400000, 0x0000000089400000, 0x0000000089500000|  0%| F|  |TAMS 0x0000000089400000, 0x0000000089400000| Untracked 
| 119|0x0000000089500000, 0x0000000089500000, 0x0000000089600000|  0%| F|  |TAMS 0x0000000089500000, 0x0000000089500000| Untracked 
| 120|0x0000000089600000, 0x0000000089600000, 0x0000000089700000|  0%| F|  |TAMS 0x0000000089600000, 0x0000000089600000| Untracked 
| 121|0x0000000089700000, 0x0000000089700000, 0x0000000089800000|  0%| F|  |TAMS 0x0000000089700000, 0x0000000089700000| Untracked 
| 122|0x0000000089800000, 0x0000000089800000, 0x0000000089900000|  0%| F|  |TAMS 0x0000000089800000, 0x0000000089800000| Untracked 
| 123|0x0000000089900000, 0x0000000089900000, 0x0000000089a00000|  0%| F|  |TAMS 0x0000000089900000, 0x0000000089900000| Untracked 
| 124|0x0000000089a00000, 0x0000000089a00000, 0x0000000089b00000|  0%| F|  |TAMS 0x0000000089a00000, 0x0000000089a00000| Untracked 
| 125|0x0000000089b00000, 0x0000000089b00000, 0x0000000089c00000|  0%| F|  |TAMS 0x0000000089b00000, 0x0000000089b00000| Untracked 
| 126|0x0000000089c00000, 0x0000000089c77200, 0x0000000089d00000| 46%| S|CS|TAMS 0x0000000089c00000, 0x0000000089c00000| Complete 
| 127|0x0000000089d00000, 0x0000000089d00000, 0x0000000089e00000|  0%| F|  |TAMS 0x0000000089d00000, 0x0000000089d00000| Untracked 

Card table byte_map: [0x000001f31d100000,0x000001f31d500000] _byte_map_base: 0x000001f31ccf1000

Marking Bits (Prev, Next): (CMBitMap*) 0x000001f30840d740, (CMBitMap*) 0x000001f30840d708
 Prev Bits: [0x000001f31f890000, 0x000001f321818000)
 Next Bits: [0x000001f31d900000, 0x000001f31f888000)

Polling page: 0x000001f3084b0000

Metaspace:

Usage:
  Non-class:     13.25 MB capacity,    13.07 MB ( 99%) used,   161.84 KB (  1%) free+waste,    21.50 KB ( <1%) overhead. 
      Class:      1.83 MB capacity,     1.73 MB ( 94%) used,    94.38 KB (  5%) free+waste,    10.75 KB ( <1%) overhead. 
       Both:     15.08 MB capacity,    14.79 MB ( 98%) used,   256.22 KB (  2%) free+waste,    32.25 KB ( <1%) overhead. 

Virtual space:
  Non-class space:       28.00 MB reserved,      13.25 MB ( 47%) committed 
      Class space:        1.00 GB reserved,       1.88 MB ( <1%) committed 
             Both:        1.03 GB reserved,      15.13 MB (  1%) committed 

Chunk freelists:
   Non-Class:  3.00 KB
       Class:  15.00 KB
        Both:  18.00 KB

MaxMetaspaceSize: 17179869184.00 GB
CompressedClassSpaceSize: 1.00 GB
Initial GC threshold: 20.80 MB
Current GC threshold: 25.54 MB
CDS: off

CodeHeap 'non-profiled nmethods': size=120064Kb used=423Kb max_used=423Kb free=119640Kb
 bounds [0x000001f3151a0000, 0x000001f315410000, 0x000001f31c6e0000]
CodeHeap 'profiled nmethods': size=120000Kb used=2050Kb max_used=2050Kb free=117949Kb
 bounds [0x000001f30dc70000, 0x000001f30dee0000, 0x000001f3151a0000]
CodeHeap 'non-nmethods': size=5696Kb used=1161Kb max_used=1173Kb free=4534Kb
 bounds [0x000001f30d6e0000, 0x000001f30d950000, 0x000001f30dc70000]
 total_blobs=1547 nmethods=1129 adapters=331
 compilation: enabled
              stopped_count=0, restarted_count=0
 full_count=0

Compilation events (20 events):
Event: 2.074 Thread 0x000001f323e9d000 1117       1       java.util.concurrent.locks.AbstractQueuedSynchronizer::setState (6 bytes)
Event: 2.074 Thread 0x000001f323e9d000 nmethod 1117 0x000001f315208a90 code [0x000001f315208c40, 0x000001f315208cf8]
Event: 2.170 Thread 0x000001f323e9d000 1118       3       java.lang.Thread::interrupted (8 bytes)
Event: 2.170 Thread 0x000001f323e9d000 nmethod 1118 0x000001f30de6a190 code [0x000001f30de6a340, 0x000001f30de6a468]
Event: 2.503 Thread 0x000001f323e9d000 1119       3       com.esotericsoftware.kryo.io.Input::require (220 bytes)
Event: 2.504 Thread 0x000001f323e9d000 nmethod 1119 0x000001f30de6a510 code [0x000001f30de6a800, 0x000001f30de6b5d8]
Event: 2.533 Thread 0x000001f323e9d000 1120       3       jdk.internal.misc.Unsafe::checkSize (32 bytes)
Event: 2.533 Thread 0x000001f323e9d000 nmethod 1120 0x000001f30de6bb10 code [0x000001f30de6bce0, 0x000001f30de6bf48]
Event: 2.547 Thread 0x000001f323e9d000 1122   !   3       java.lang.ref.ReferenceQueue::enqueue (119 bytes)
Event: 2.548 Thread 0x000001f323e9d000 nmethod 1122 0x000001f30de6c090 code [0x000001f30de6c280, 0x000001f30de6c9e8]
Event: 2.548 Thread 0x000001f323e9d000 1124       3       jdk.internal.org.objectweb.asm.Frame::type (416 bytes)
Event: 2.549 Thread 0x000001f323e9a800 1125       4       java.lang.String::getBytes (44 bytes)
Event: 2.551 Thread 0x000001f323e9a800 nmethod 1125 0x000001f315209490 code [0x000001f315209620, 0x000001f315209718]
Event: 2.551 Thread 0x000001f323e9d000 nmethod 1124 0x000001f30de6cb90 code [0x000001f30de6cfa0, 0x000001f30de6efb8]
Event: 2.553 Thread 0x000001f323e9d000 1126       3       java.lang.invoke.MemberName::isCallerSensitive (7 bytes)
Event: 2.553 Thread 0x000001f323e9d000 nmethod 1126 0x000001f30de6fa90 code [0x000001f30de6fc40, 0x000001f30de6fe78]
Event: 2.556 Thread 0x000001f323e9d000 1128       3       jdk.internal.reflect.ClassFileAssembler::emitShort (24 bytes)
Event: 2.557 Thread 0x000001f323e9d000 nmethod 1128 0x000001f30de6ff90 code [0x000001f30de70180, 0x000001f30de70478]
Event: 2.557 Thread 0x000001f323e9d000 1129       3       jdk.internal.reflect.ClassFileAssembler::cpi (22 bytes)
Event: 2.557 Thread 0x000001f323e9d000 nmethod 1129 0x000001f30de70610 code [0x000001f30de707e0, 0x000001f30de709e8]

GC Heap History (6 events):
Event: 0.604 GC heap before
{Heap before GC invocations=0 (full 0):
 garbage-first heap   total 131072K, used 16384K [0x0000000081e00000, 0x0000000100000000)
  region size 1024K, 14 young (14336K), 0 survivors (0K)
 Metaspace       used 7929K, capacity 8113K, committed 8320K, reserved 1056768K
  class space    used 714K, capacity 786K, committed 896K, reserved 1048576K
}
Event: 0.607 GC heap after
{Heap after GC invocations=1 (full 0):
 garbage-first heap   total 131072K, used 3256K [0x0000000081e00000, 0x0000000100000000)
  region size 1024K, 2 young (2048K), 2 survivors (2048K)
 Metaspace       used 7929K, capacity 8113K, committed 8320K, reserved 1056768K
  class space    used 714K, capacity 786K, committed 896K, reserved 1048576K
}
Event: 2.541 GC heap before
{Heap before GC invocations=1 (full 0):
 garbage-first heap   total 131072K, used 33976K [0x0000000081e00000, 0x0000000100000000)
  region size 1024K, 30 young (30720K), 2 survivors (2048K)
 Metaspace       used 14921K, capacity 15133K, committed 15232K, reserved 1069056K
  class space    used 1739K, capacity 1835K, committed 1920K, reserved 1048576K
}
Event: 2.547 GC heap after
{Heap after GC invocations=2 (full 0):
 garbage-first heap   total 131072K, used 9915K [0x0000000081e00000, 0x0000000100000000)
  region size 1024K, 6 young (6144K), 6 survivors (6144K)
 Metaspace       used 14921K, capacity 15133K, committed 15232K, reserved 1069056K
  class space    used 1739K, capacity 1835K, committed 1920K, reserved 1048576K
}
Event: 2.559 GC heap before
{Heap before GC invocations=3 (full 0):
 garbage-first heap   total 131072K, used 9915K [0x0000000081e00000, 0x0000000100000000)
  region size 1024K, 7 young (7168K), 6 survivors (6144K)
 Metaspace       used 15149K, capacity 15438K, committed 15488K, reserved 1075200K
  class space    used 1767K, capacity 1873K, committed 1920K, reserved 1048576K
}
Event: 2.565 GC heap after
{Heap after GC invocations=4 (full 0):
 garbage-first heap   total 131072K, used 10527K [0x0000000081e00000, 0x0000000100000000)
  region size 1024K, 1 young (1024K), 1 survivors (1024K)
 Metaspace       used 15149K, capacity 15438K, committed 15488K, reserved 1075200K
  class space    used 1767K, capacity 1873K, committed 1920K, reserved 1048576K
}

Deoptimization events (20 events):
Event: 0.998 Thread 0x000001f3083ce000 DEOPT PACKING pc=0x000001f30dd07d7f sp=0x000000b77b5f98b0
Event: 0.998 Thread 0x000001f3083ce000 DEOPT UNPACKING pc=0x000001f30d72a95e sp=0x000000b77b5f8d00 mode 0
Event: 1.059 Thread 0x000001f3083ce000 Uncommon trap: trap_request=0xffffff4d fr.pc=0x000001f3151f0070 relative=0x00000000000001b0
Event: 1.059 Thread 0x000001f3083ce000 Uncommon trap: reason=unstable_if action=reinterpret pc=0x000001f3151f0070 method=java.util.HashMap.getNode(ILjava/lang/Object;)Ljava/util/HashMap$Node; @ 129 c2
Event: 1.059 Thread 0x000001f3083ce000 DEOPT PACKING pc=0x000001f3151f0070 sp=0x000000b77b5fa880
Event: 1.059 Thread 0x000001f3083ce000 DEOPT UNPACKING pc=0x000001f30d72a1af sp=0x000000b77b5fa780 mode 2
Event: 1.062 Thread 0x000001f3083ce000 DEOPT PACKING pc=0x000001f30dd84230 sp=0x000000b77b5f8b20
Event: 1.062 Thread 0x000001f3083ce000 DEOPT UNPACKING pc=0x000001f30d72a95e sp=0x000000b77b5f8038 mode 0
Event: 1.216 Thread 0x000001f3083ce000 Uncommon trap: trap_request=0xffffff4d fr.pc=0x000001f3151d5a50 relative=0x0000000000000510
Event: 1.216 Thread 0x000001f3083ce000 Uncommon trap: reason=unstable_if action=reinterpret pc=0x000001f3151d5a50 method=java.lang.AbstractStringBuilder.append(Ljava/lang/String;)Ljava/lang/AbstractStringBuilder; @ 1 c2
Event: 1.216 Thread 0x000001f3083ce000 DEOPT PACKING pc=0x000001f3151d5a50 sp=0x000000b77b5fc6e0
Event: 1.216 Thread 0x000001f3083ce000 DEOPT UNPACKING pc=0x000001f30d72a1af sp=0x000000b77b5fc660 mode 2
Event: 1.216 Thread 0x000001f3083ce000 Uncommon trap: trap_request=0xffffff4d fr.pc=0x000001f3151d6ca4 relative=0x00000000000004e4
Event: 1.216 Thread 0x000001f3083ce000 Uncommon trap: reason=unstable_if action=reinterpret pc=0x000001f3151d6ca4 method=java.lang.AbstractStringBuilder.append(Ljava/lang/String;)Ljava/lang/AbstractStringBuilder; @ 1 c2
Event: 1.216 Thread 0x000001f3083ce000 DEOPT PACKING pc=0x000001f3151d6ca4 sp=0x000000b77b5fc680
Event: 1.216 Thread 0x000001f3083ce000 DEOPT UNPACKING pc=0x000001f30d72a1af sp=0x000000b77b5fc668 mode 2
Event: 2.558 Thread 0x000001f3083ce000 Uncommon trap: trap_request=0xffffff4d fr.pc=0x000001f3151f810c relative=0x0000000000000fcc
Event: 2.558 Thread 0x000001f3083ce000 Uncommon trap: reason=unstable_if action=reinterpret pc=0x000001f3151f810c method=java.util.concurrent.ConcurrentHashMap.putVal(Ljava/lang/Object;Ljava/lang/Object;Z)Ljava/lang/Object; @ 231 c2
Event: 2.558 Thread 0x000001f3083ce000 DEOPT PACKING pc=0x000001f3151f810c sp=0x000000b77b5fc140
Event: 2.558 Thread 0x000001f3083ce000 DEOPT UNPACKING pc=0x000001f30d72a1af sp=0x000000b77b5fc0c0 mode 2

Classes redefined (0 events):
No events

Internal exceptions (13 events):
Event: 0.186 Thread 0x000001f3083ce000 Exception <a 'java/lang/NoSuchMethodError'{0x0000000089c88ab0}: 'int java.lang.invoke.DirectMethodHandle$Holder.invokeSpecialIFC(java.lang.Object, java.lang.Object, int)'> (0x0000000089c88ab0) thrown at [./src/hotspot/share/interpreter/linkResolver.cpp, line 773]
Event: 0.274 Thread 0x000001f3083ce000 Exception <a 'java/lang/NoSuchMethodError'{0x0000000089a0e4f8}: 'int java.lang.invoke.DirectMethodHandle$Holder.invokeStaticInit(java.lang.Object, java.lang.Object)'> (0x0000000089a0e4f8) thrown at [./src/hotspot/share/interpreter/linkResolver.cpp, line 773]
Event: 0.314 Thread 0x000001f3083ce000 Exception <a 'java/lang/NoSuchMethodError'{0x0000000089adc730}: 'int java.lang.invoke.DirectMethodHandle$Holder.invokeSpecial(java.lang.Object, java.lang.Object, java.lang.Object, java.lang.Object)'> (0x0000000089adc730) thrown at [./src/hotspot/share/interpreter/linkResolver.cpp, line 773]
Event: 0.809 Thread 0x000001f3083ce000 Exception <a 'java/lang/NoClassDefFoundError'{0x00000000895eaf70}: org/slf4j/impl/StaticMarkerBinder> (0x00000000895eaf70) thrown at [./src/hotspot/share/classfile/systemDictionary.cpp, line 220]
Event: 0.823 Thread 0x000001f3083ce000 Exception <a 'java/lang/NoSuchMethodError'{0x00000000894e6e90}: 'java.lang.Object java.lang.invoke.DirectMethodHandle$Holder.invokeVirtual(java.lang.Object, java.lang.Object, java.lang.Object, java.lang.Object, java.lang.Object, java.lang.Object, java.lang.Object)'> (0x00000000894e6e90) thrown at [./src/hotspot/share/interpreter/linkResolver.cpp, line 773]
Event: 0.827 Thread 0x000001f3083ce000 Exception <a 'java/lang/NoSuchMethodError'{0x00000000894faf60}: 'java.lang.Object java.lang.invoke.Invokers$Holder.invoker(java.lang.Object, java.lang.Object, java.lang.Object)'> (0x00000000894faf60) thrown at [./src/hotspot/share/interpreter/linkResolver.cpp, line 773]
Event: 0.830 Thread 0x000001f3083ce000 Exception <a 'java/lang/NoSuchMethodError'{0x000000008930c128}: 'void java.lang.invoke.DelegatingMethodHandle$Holder.delegate(java.lang.Object, java.lang.Object, int, java.lang.Object)'> (0x000000008930c128) thrown at [./src/hotspot/share/interpreter/linkResolver.cpp, line 773]
Event: 0.926 Thread 0x000001f3083ce000 Exception <a 'java/lang/NoSuchMethodError'{0x0000000088b5b230}: 'java.lang.Object java.lang.invoke.DirectMethodHandle$Holder.invokeInterface(java.lang.Object, java.lang.Object, java.lang.Object)'> (0x0000000088b5b230) thrown at [./src/hotspot/share/interpreter/linkResolver.cpp, line 773]
Event: 0.984 Thread 0x000001f3083ce000 Exception <a 'java/lang/NoSuchMethodError'{0x00000000888029d0}: 'java.lang.Object java.lang.invoke.DirectMethodHandle$Holder.invokeStaticInit(java.lang.Object, java.lang.Object, java.lang.Object)'> (0x00000000888029d0) thrown at [./src/hotspot/share/interpreter/linkResolver.cpp, line 773]
Event: 1.078 Thread 0x000001f3083ce000 Exception <a 'java/lang/NoSuchMethodError'{0x000000008836b308}: 'java.lang.Object java.lang.invoke.DirectMethodHandle$Holder.invokeStaticInit(java.lang.Object, int, int, int, int)'> (0x000000008836b308) thrown at [./src/hotspot/share/interpreter/linkResolver.cpp, line 773]
Event: 1.135 Thread 0x000001f3083ce000 Exception <a 'java/lang/NoSuchMethodError'{0x000000008839b4e0}: 'java.lang.Object java.lang.invoke.DirectMethodHandle$Holder.invokeStaticInit(java.lang.Object, java.lang.Object, int, int, int, int)'> (0x000000008839b4e0) thrown at [./src/hotspot/share/interpreter/linkResolver.cpp, line 773]
Event: 1.216 Thread 0x000001f3083ce000 Implicit null exception at 0x000001f3151d5574 to 0x000001f3151d5a3c
Event: 1.216 Thread 0x000001f3083ce000 Implicit null exception at 0x000001f3151d67f4 to 0x000001f3151d6c90

Events (20 events):
Event: 2.557 loading class java/io/ObjectOutput
Event: 2.557 loading class java/io/ObjectOutput done
Event: 2.557 loading class java/io/ObjectOutputStream done
Event: 2.557 loading class java/util/StringJoiner
Event: 2.558 loading class java/util/StringJoiner done
Event: 2.558 loading class java/lang/CloneNotSupportedException
Event: 2.558 loading class java/lang/CloneNotSupportedException done
Event: 2.558 loading class java/io/ObjectStreamClass$FieldReflectorKey
Event: 2.558 loading class java/io/ObjectStreamClass$FieldReflectorKey done
Event: 2.558 loading class java/io/ObjectStreamClass$FieldReflector
Event: 2.558 loading class java/io/ObjectStreamClass$FieldReflector done
Event: 2.558 Executing VM operation: RevokeBias
Event: 2.558 Executing VM operation: RevokeBias done
Event: 2.559 loading class java/io/ObjectStreamClass$ClassDataSlot
Event: 2.559 loading class java/io/ObjectStreamClass$ClassDataSlot done
Event: 2.559 loading class java/io/ObjectInputStream$FieldValues
Event: 2.559 loading class java/io/ObjectInputStream$FieldValues done
Event: 2.559 loading class java/io/SerialCallbackContext
Event: 2.559 loading class java/io/SerialCallbackContext done
Event: 2.559 Executing VM operation: CollectForMetadataAllocation


Dynamic libraries:
0x00007ff7808b0000 - 0x00007ff7808ba000 	C:\Program Files\Android\Android Studio\jre\bin\java.exe
0x00007ffb91650000 - 0x00007ffb91847000 	C:\WINDOWS\SYSTEM32\ntdll.dll
0x00007ffb90a20000 - 0x00007ffb90add000 	C:\WINDOWS\System32\KERNEL32.DLL
0x00007ffb8f1e0000 - 0x00007ffb8f4d6000 	C:\WINDOWS\System32\KERNELBASE.dll
0x00007ffb8ef30000 - 0x00007ffb8f030000 	C:\WINDOWS\System32\ucrtbase.dll
0x00007ffb6f4c0000 - 0x00007ffb6f4d9000 	C:\Program Files\Android\Android Studio\jre\bin\jli.dll
0x00007ffb90880000 - 0x00007ffb90a1e000 	C:\WINDOWS\System32\USER32.dll
0x00007ffb8f030000 - 0x00007ffb8f052000 	C:\WINDOWS\System32\win32u.dll
0x00007ffb90bf0000 - 0x00007ffb90c1c000 	C:\WINDOWS\System32\GDI32.dll
0x00007ffb8f590000 - 0x00007ffb8f6aa000 	C:\WINDOWS\System32\gdi32full.dll
0x00007ffb8f140000 - 0x00007ffb8f1dd000 	C:\WINDOWS\System32\msvcp_win.dll
0x00007ffb6f4e0000 - 0x00007ffb6f4f7000 	C:\Program Files\Android\Android Studio\jre\bin\VCRUNTIME140.dll
0x00007ffb856e0000 - 0x00007ffb8597a000 	C:\WINDOWS\WinSxS\amd64_microsoft.windows.common-controls_6595b64144ccf1df_6.0.19041.3570_none_60bb2a3971f3e41a\COMCTL32.dll
0x00007ffb90440000 - 0x00007ffb904de000 	C:\WINDOWS\System32\msvcrt.dll
0x00007ffb904e0000 - 0x00007ffb90510000 	C:\WINDOWS\System32\IMM32.DLL
0x00007ffb6c830000 - 0x00007ffb6c8cd000 	C:\Program Files\Android\Android Studio\jre\bin\msvcp140.dll
0x00007ffb5ab40000 - 0x00007ffb5b625000 	C:\Program Files\Android\Android Studio\jre\bin\server\jvm.dll
0x00007ffb90630000 - 0x00007ffb906de000 	C:\WINDOWS\System32\ADVAPI32.dll
0x00007ffb91040000 - 0x00007ffb910dc000 	C:\WINDOWS\System32\sechost.dll
0x00007ffb90c90000 - 0x00007ffb90db6000 	C:\WINDOWS\System32\RPCRT4.dll
0x00007ffb90ee0000 - 0x00007ffb90ee8000 	C:\WINDOWS\System32\PSAPI.DLL
0x00007ffb7f080000 - 0x00007ffb7f089000 	C:\WINDOWS\SYSTEM32\WSOCK32.dll
0x00007ffb90c20000 - 0x00007ffb90c8b000 	C:\WINDOWS\System32\WS2_32.dll
0x00007ffb885b0000 - 0x00007ffb885d7000 	C:\WINDOWS\SYSTEM32\WINMM.dll
0x00007ffb82f30000 - 0x00007ffb82f3a000 	C:\WINDOWS\SYSTEM32\VERSION.dll
0x00007ffb8cbf0000 - 0x00007ffb8cc02000 	C:\WINDOWS\SYSTEM32\kernel.appcore.dll
0x00007ffb5ab20000 - 0x00007ffb5ab31000 	C:\Program Files\Android\Android Studio\jre\bin\verify.dll
0x00007ffb7eb80000 - 0x00007ffb7ed64000 	C:\WINDOWS\SYSTEM32\DBGHELP.DLL
0x00007ffb7eab0000 - 0x00007ffb7eae4000 	C:\WINDOWS\SYSTEM32\dbgcore.DLL
0x00007ffb8f060000 - 0x00007ffb8f0e2000 	C:\WINDOWS\System32\bcryptPrimitives.dll
0x00007ffb5aaf0000 - 0x00007ffb5ab19000 	C:\Program Files\Android\Android Studio\jre\bin\java.dll
0x00007ffb5aae0000 - 0x00007ffb5aaeb000 	C:\Program Files\Android\Android Studio\jre\bin\jimage.dll
0x00007ffb5a910000 - 0x00007ffb5a928000 	C:\Program Files\Android\Android Studio\jre\bin\zip.dll
0x00007ffb8fcf0000 - 0x00007ffb90434000 	C:\WINDOWS\System32\SHELL32.dll
0x00007ffb8cdf0000 - 0x00007ffb8d58b000 	C:\WINDOWS\SYSTEM32\windows.storage.dll
0x00007ffb910e0000 - 0x00007ffb91434000 	C:\WINDOWS\System32\combase.dll
0x00007ffb8e6a0000 - 0x00007ffb8e6cd000 	C:\WINDOWS\SYSTEM32\Wldp.dll
0x00007ffb90b40000 - 0x00007ffb90bed000 	C:\WINDOWS\System32\SHCORE.dll
0x00007ffb90510000 - 0x00007ffb90565000 	C:\WINDOWS\System32\shlwapi.dll
0x00007ffb8ec60000 - 0x00007ffb8ec85000 	C:\WINDOWS\SYSTEM32\profapi.dll
0x00007ffb5a960000 - 0x00007ffb5a97a000 	C:\Program Files\Android\Android Studio\jre\bin\net.dll
0x00007ffb887f0000 - 0x00007ffb888fa000 	C:\WINDOWS\SYSTEM32\WINHTTP.dll
0x00007ffb8e400000 - 0x00007ffb8e46a000 	C:\WINDOWS\system32\mswsock.dll
0x00007ffb5a940000 - 0x00007ffb5a954000 	C:\Program Files\Android\Android Studio\jre\bin\nio.dll
0x00007ffb6c800000 - 0x00007ffb6c827000 	C:\Users\pc\.gradle\native\e1d6ef7f7dcc3fd88c89a11ec53ec762bb8ba0a96d01ffa2cd45eb1d1d8dd5c5\windows-amd64\native-platform.dll
0x00007ffb5a9a0000 - 0x00007ffb5a9aa000 	C:\Program Files\Android\Android Studio\jre\bin\management.dll
0x00007ffb5a990000 - 0x00007ffb5a99d000 	C:\Program Files\Android\Android Studio\jre\bin\management_ext.dll
0x00007ffb8e5f0000 - 0x00007ffb8e608000 	C:\WINDOWS\SYSTEM32\CRYPTSP.dll
0x00007ffb8dd10000 - 0x00007ffb8dd44000 	C:\WINDOWS\system32\rsaenh.dll
0x00007ffb8ee90000 - 0x00007ffb8eeb7000 	C:\WINDOWS\System32\bcrypt.dll
0x00007ffb8ec20000 - 0x00007ffb8ec4e000 	C:\WINDOWS\SYSTEM32\USERENV.dll
0x00007ffb8e610000 - 0x00007ffb8e61c000 	C:\WINDOWS\SYSTEM32\CRYPTBASE.dll
0x00007ffb8e0f0000 - 0x00007ffb8e12b000 	C:\WINDOWS\SYSTEM32\IPHLPAPI.DLL
0x00007ffb90620000 - 0x00007ffb90628000 	C:\WINDOWS\System32\NSI.dll
0x00007ffb89530000 - 0x00007ffb89547000 	C:\WINDOWS\SYSTEM32\dhcpcsvc6.DLL
0x00007ffb894e0000 - 0x00007ffb894fd000 	C:\WINDOWS\SYSTEM32\dhcpcsvc.DLL
0x00007ffb8e130000 - 0x00007ffb8e1fa000 	C:\WINDOWS\SYSTEM32\DNSAPI.dll

dbghelp: loaded successfully - version: 4.0.5 - missing functions: none
symbol engine: initialized successfully - sym options: 0x614 - pdb path: .;C:\Program Files\Android\Android Studio\jre\bin;C:\WINDOWS\SYSTEM32;C:\WINDOWS\WinSxS\amd64_microsoft.windows.common-controls_6595b64144ccf1df_6.0.19041.3570_none_60bb2a3971f3e41a;C:\Program Files\Android\Android Studio\jre\bin\server;C:\Users\pc\.gradle\native\e1d6ef7f7dcc3fd88c89a11ec53ec762bb8ba0a96d01ffa2cd45eb1d1d8dd5c5\windows-amd64

VM Arguments:
jvm_args: -Dorg.gradle.appname=gradlew 
java_command: org.gradle.wrapper.GradleWrapperMain -q -Ptarget-platform=android-arm64 -Ptarget=C:\Users\pc\Downloads\CBI_Flutter_App\lib\main.dart -Pbase-application-name=android.app.Application -Pdart-defines=Zmx1dHRlci5pbnNwZWN0b3Iuc3RydWN0dXJlZEVycm9ycz10cnVl,RkxVVFRFUl9XRUJfQVVUT19ERVRFQ1Q9dHJ1ZQ==,RkxVVFRFUl9XRUJfQ0FOVkFTS0lUX1VSTD1odHRwczovL3d3dy5nc3RhdGljLmNvbS9mbHV0dGVyLWNhbnZhc2tpdC8wNTQ1Zjg3MDVkZjMwMTg3N2Q3ODcxMDdiYWMxYTZlOWZjOWVlMWFkLw== -Pdart-obfuscation=false -Ptrack-widget-creation=true -Ptree-shake-icons=false -Pfilesystem-scheme=org-dartlang-root assembleDebug
java_class_path (initial): C:\Users\pc\Downloads\CBI_Flutter_App\android\\gradle\wrapper\gradle-wrapper.jar
Launcher Type: SUN_STANDARD

[Global flags]
     intx CICompilerCount                          = 3                                         {product} {ergonomic}
     uint ConcGCThreads                            = 1                                         {product} {ergonomic}
     uint G1ConcRefinementThreads                  = 4                                         {product} {ergonomic}
   size_t G1HeapRegionSize                         = 1048576                                   {product} {ergonomic}
    uintx GCDrainStackTargetSize                   = 64                                        {product} {ergonomic}
   size_t InitialHeapSize                          = 134217728                                 {product} {ergonomic}
   size_t MarkStackSize                            = 4194304                                   {product} {ergonomic}
   size_t MaxHeapSize                              = 2116026368                                {product} {ergonomic}
   size_t MaxNewSize                               = 1268776960                                {product} {ergonomic}
   size_t MinHeapDeltaBytes                        = 1048576                                   {product} {ergonomic}
    uintx NonNMethodCodeHeapSize                   = 5830732                                {pd product} {ergonomic}
    uintx NonProfiledCodeHeapSize                  = 122913754                              {pd product} {ergonomic}
    uintx ProfiledCodeHeapSize                     = 122913754                              {pd product} {ergonomic}
    uintx ReservedCodeCacheSize                    = 251658240                              {pd product} {ergonomic}
     bool SegmentedCodeCache                       = true                                      {product} {ergonomic}
     bool UseCompressedClassPointers               = true                                 {lp64_product} {ergonomic}
     bool UseCompressedOops                        = true                                 {lp64_product} {ergonomic}
     bool UseG1GC                                  = true                                      {product} {ergonomic}
     bool UseLargePagesIndividualAllocation        = false                                  {pd product} {ergonomic}

Logging:
Log output configuration:
 #0: stdout all=warning uptime,level,tags
 #1: stderr all=off uptime,level,tags

Environment Variables:
JAVA_HOME=C:\Program Files\Android\Android Studio\jre
CLASSPATH=C:\Users\pc\Downloads\CBI_Flutter_App\android\\gradle\wrapper\gradle-wrapper.jar
PATH=C:\Program Files\Android\Android Studio\jre\bin;C:\Program Files (x86)\Common Files\Oracle\Java\javapath;C:\WINDOWS\system32;C:\WINDOWS;C:\WINDOWS\System32\Wbem;C:\WINDOWS\System32\WindowsPowerShell\v1.0\;C:\WINDOWS\System32\OpenSSH\;C:\Program Files\Git\cmd;C:\MinGW\bin;C:\Program Files\dotnet\;C:\Users\pc\AppData\Local\Microsoft\WindowsApps;C:\Users\pc\Downloads\flutter\bin;;C:\Users\pc\AppData\Local\Programs\Microsoft VS Code\bin;C:\Users\pc\Downloads\flutter\bin\mingit\cmd
USERNAME=pc
OS=Windows_NT
PROCESSOR_IDENTIFIER=Intel64 Family 6 Model 58 Stepping 9, GenuineIntel



---------------  S Y S T E M  ---------------

OS: Windows 10 , 64 bit Build 19041 (10.0.19041.3570)
OS uptime: 0 days 0:59 hours

CPU:total 4 (initial active 4) (4 cores per cpu, 1 threads per core) family 6 model 58 stepping 9 microcode 0x21, cmov, cx8, fxsr, mmx, sse, sse2, sse3, ssse3, sse4.1, sse4.2, popcnt, avx, aes, clmul, erms, tsc, tscinvbit, tscinv

Memory: 4k page, system-wide physical 8065M (485M free)
TotalPageFile size 10113M (AvailPageFile size 0M)
current process WorkingSet (physical memory assigned to process): 109M, peak: 109M
current process commit charge ("private bytes"): 223M, peak: 224M

vm_info: OpenJDK 64-Bit Server VM (11.0.12+7-b1504.28-7817840) for windows-amd64 JRE (11.0.12+7-b1504.28-7817840), built on Oct 13 2021 22:12:33 by "builder" with MS VC++ 14.0 (VS2015)

END.
