#
# There is insufficient memory for the Java Runtime Environment to continue.
# Native memory allocation (malloc) failed to allocate 1068656 bytes for Chunk::new
# Possible reasons:
#   The system is out of physical RAM or swap space
#   The process is running with CompressedOops enabled, and the Java Heap may be blocking the growth of the native heap
# Possible solutions:
#   Reduce memory load on the system
#   Increase physical memory or swap space
#   Check if swap backing store is full
#   Decrease Java heap size (-Xmx/-Xms)
#   Decrease number of Java threads
#   Decrease Java thread stack sizes (-Xss)
#   Set larger code cache with -XX:ReservedCodeCacheSize=
#   JVM is running with Unscaled Compressed Oops mode in which the Java heap is
#     placed in the first 4GB address space. The Java Heap base address is the
#     maximum limit for the native heap growth. Please use -XX:HeapBaseMinAddress
#     to set the Java Heap base and to place the Java Heap above 4GB virtual address.
# This output file may be truncated or incomplete.
#
#  Out of Memory Error (./src/hotspot/share/memory/arena.cpp:197), pid=2512, tid=4220
#
# JRE version: OpenJDK Runtime Environment (11.0.12+7) (build 11.0.12+7-b1504.28-7817840)
# Java VM: OpenJDK 64-Bit Server VM (11.0.12+7-b1504.28-7817840, mixed mode, tiered, compressed oops, g1 gc, windows-amd64)
# No core dump will be written. Minidumps are not enabled by default on client versions of Windows
#

---------------  S U M M A R Y ------------

Command Line: --add-opens=java.base/java.util=ALL-UNNAMED --add-opens=java.base/java.lang=ALL-UNNAMED --add-opens=java.base/java.lang.invoke=ALL-UNNAMED --add-opens=java.base/java.util=ALL-UNNAMED --add-opens=java.prefs/java.util.prefs=ALL-UNNAMED --add-opens=java.prefs/java.util.prefs=ALL-UNNAMED --add-opens=java.base/java.nio.charset=ALL-UNNAMED --add-opens=java.base/java.net=ALL-UNNAMED --add-opens=java.base/java.util.concurrent.atomic=ALL-UNNAMED -Xmx1536M -Dfile.encoding=windows-1252 -Duser.country=US -Duser.language=en -Duser.variant org.gradle.launcher.daemon.bootstrap.GradleDaemon 7.5

Host: Intel(R) Core(TM) i5-3470 CPU @ 3.20GHz, 4 cores, 7G,  Windows 10 , 64 bit Build 19041 (10.0.19041.3570)
Time: Thu Nov  2 14:12:41 2023 India Standard Time elapsed time: 4544.988393 seconds (0d 1h 15m 44s)

---------------  T H R E A D  ---------------

Current thread (0x0000026be6231000):  JavaThread "C2 CompilerThread1" daemon [_thread_in_native, id=4220, stack(0x000000c607f00000,0x000000c608000000)]


Current CompileTask:
C2:4544988 14984       4       org.gradle.internal.operations.DefaultBuildOperationRunner::execute (23 bytes)

Stack: [0x000000c607f00000,0x000000c608000000]
Native frames: (J=compiled Java code, j=interpreted, Vv=VM code, C=native code)
V  [jvm.dll+0x5fbcea]
V  [jvm.dll+0x731905]
V  [jvm.dll+0x732f1d]
V  [jvm.dll+0x7335d3]
V  [jvm.dll+0x247bf8]
V  [jvm.dll+0xc018c]
V  [jvm.dll+0xc06cc]
V  [jvm.dll+0x2bcc04]
V  [jvm.dll+0x5113a8]
V  [jvm.dll+0x201b42]
V  [jvm.dll+0x1ff71f]
V  [jvm.dll+0x18868c]
V  [jvm.dll+0x20e0d7]
V  [jvm.dll+0x20c901]
V  [jvm.dll+0x6f9b7f]
V  [jvm.dll+0x6f26a5]
V  [jvm.dll+0x5fabf6]
C  [ucrtbase.dll+0x21bb2]
C  [KERNEL32.DLL+0x17344]
C  [ntdll.dll+0x526b1]


---------------  P R O C E S S  ---------------

Threads class SMR info:
_java_thread_list=0x0000026be6286a00, length=80, elements={
0x0000026bc500e800, 0x0000026bdd8fc800, 0x0000026bdd8fe000, 0x0000026bdd91c000,
0x0000026bdd91d000, 0x0000026bdd91e000, 0x0000026bdd922000, 0x0000026bdd926800,
0x0000026bdd92b000, 0x0000026bde3d3800, 0x0000026be0467000, 0x0000026bdf864800,
0x0000026bded81800, 0x0000026be07ce800, 0x0000026be07d2000, 0x0000026be07cd000,
0x0000026be07cc800, 0x0000026be07d1000, 0x0000026be07d3000, 0x0000026be1ca1000,
0x0000026be1ca6000, 0x0000026be1ca6800, 0x0000026be1ca3800, 0x0000026be1ca2800,
0x0000026be03f3800, 0x0000026be03f6000, 0x0000026be03ec000, 0x0000026be03ee800,
0x0000026be03ee000, 0x0000026be03f0800, 0x0000026be03ea800, 0x0000026be03ef800,
0x0000026be03f1000, 0x0000026be03eb800, 0x0000026be03f2000, 0x0000026be03f2800,
0x0000026be03ed000, 0x0000026be03f5000, 0x0000026be03f4800, 0x0000026be6231000,
0x0000026be03f7800, 0x0000026be03f7000, 0x0000026be03f9800, 0x0000026be1ca5000,
0x0000026be1ca0000, 0x0000026be1ca9000, 0x0000026be1caa000, 0x0000026be1cae000,
0x0000026be1cab000, 0x0000026be1cab800, 0x0000026be1cac800, 0x0000026be1cad000,
0x0000026be1ca8800, 0x0000026be1caf000, 0x0000026be07d0800, 0x0000026be07ce000,
0x0000026be07cf800, 0x0000026bdf4fc000, 0x0000026bdf4f7800, 0x0000026bdf4f8000,
0x0000026bdf4fe800, 0x0000026bdf4f9800, 0x0000026bdf4fb800, 0x0000026bdf4f9000,
0x0000026bdf4fa800, 0x0000026bdf4ff800, 0x0000026bdf500800, 0x0000026bdf501000,
0x0000026bdf502800, 0x0000026bdf4fe000, 0x0000026bdf502000, 0x0000026bdf4fd000,
0x0000026bdf503800, 0x0000026bdf505000, 0x0000026bdf504800, 0x0000026bdf506000,
0x0000026be02b9800, 0x0000026be02ba000, 0x0000026be02bb000, 0x0000026be02b5800
}

Java Threads: ( => current thread )
  0x0000026bc500e800 JavaThread "main" [_thread_blocked, id=10632, stack(0x000000c606400000,0x000000c606500000)]
  0x0000026bdd8fc800 JavaThread "Reference Handler" daemon [_thread_blocked, id=4052, stack(0x000000c606b00000,0x000000c606c00000)]
  0x0000026bdd8fe000 JavaThread "Finalizer" daemon [_thread_blocked, id=8528, stack(0x000000c606c00000,0x000000c606d00000)]
  0x0000026bdd91c000 JavaThread "Signal Dispatcher" daemon [_thread_blocked, id=8304, stack(0x000000c606d00000,0x000000c606e00000)]
  0x0000026bdd91d000 JavaThread "Attach Listener" daemon [_thread_blocked, id=5228, stack(0x000000c606e00000,0x000000c606f00000)]
  0x0000026bdd91e000 JavaThread "Service Thread" daemon [_thread_blocked, id=1556, stack(0x000000c606f00000,0x000000c607000000)]
  0x0000026bdd922000 JavaThread "C2 CompilerThread0" daemon [_thread_in_native, id=2168, stack(0x000000c607000000,0x000000c607100000)]
  0x0000026bdd926800 JavaThread "C1 CompilerThread0" daemon [_thread_blocked, id=4468, stack(0x000000c607100000,0x000000c607200000)]
  0x0000026bdd92b000 JavaThread "Sweeper thread" daemon [_thread_blocked, id=10636, stack(0x000000c607200000,0x000000c607300000)]
  0x0000026bde3d3800 JavaThread "Common-Cleaner" daemon [_thread_blocked, id=4784, stack(0x000000c607300000,0x000000c607400000)]
  0x0000026be0467000 JavaThread "Daemon health stats" [_thread_blocked, id=4924, stack(0x000000c607800000,0x000000c607900000)]
  0x0000026bdf864800 JavaThread "Incoming local TCP Connector on port 51334" [_thread_in_native, id=8900, stack(0x000000c607900000,0x000000c607a00000)]
  0x0000026bded81800 JavaThread "Daemon periodic checks" [_thread_blocked, id=9004, stack(0x000000c607a00000,0x000000c607b00000)]
  0x0000026be07ce800 JavaThread "Cache worker for journal cache (C:\Users\pc\.gradle\caches\journal-1)" [_thread_blocked, id=10084, stack(0x000000c607500000,0x000000c607600000)]
  0x0000026be07d2000 JavaThread "File lock request listener" [_thread_in_native, id=3040, stack(0x000000c608200000,0x000000c608300000)]
  0x0000026be07cd000 JavaThread "Cache worker for file hash cache (C:\Users\pc\.gradle\caches\7.5\fileHashes)" [_thread_blocked, id=4352, stack(0x000000c608400000,0x000000c608500000)]
  0x0000026be07cc800 JavaThread "File watcher server" daemon [_thread_in_native, id=8960, stack(0x000000c608600000,0x000000c608700000)]
  0x0000026be07d1000 JavaThread "File watcher consumer" daemon [_thread_blocked, id=632, stack(0x000000c608700000,0x000000c608800000)]
  0x0000026be07d3000 JavaThread "Cache worker for file content cache (C:\Users\pc\.gradle\caches\7.5\fileContent)" [_thread_blocked, id=8140, stack(0x000000c608a00000,0x000000c608b00000)]
  0x0000026be1ca1000 JavaThread "Cache worker for execution history cache (C:\Users\pc\.gradle\caches\7.5\executionHistory)" [_thread_blocked, id=3484, stack(0x000000c608d00000,0x000000c608e00000)]
  0x0000026be1ca6000 JavaThread "jar transforms" [_thread_blocked, id=4020, stack(0x000000c608e00000,0x000000c608f00000)]
  0x0000026be1ca6800 JavaThread "jar transforms Thread 2" [_thread_blocked, id=4016, stack(0x000000c608f00000,0x000000c609000000)]
  0x0000026be1ca3800 JavaThread "jar transforms Thread 3" [_thread_blocked, id=1888, stack(0x000000c609000000,0x000000c609100000)]
  0x0000026be1ca2800 JavaThread "jar transforms Thread 4" [_thread_blocked, id=2128, stack(0x000000c609100000,0x000000c609200000)]
  0x0000026be03f3800 JavaThread "Memory manager" [_thread_blocked, id=8360, stack(0x000000c60bc00000,0x000000c60bd00000)]
  0x0000026be03f6000 JavaThread "Cache worker for kotlin-dsl (C:\Users\pc\.gradle\caches\7.5\kotlin-dsl)" [_thread_blocked, id=8764, stack(0x000000c60bd00000,0x000000c60be00000)]
  0x0000026be03ec000 JavaThread "Daemon Thread 2" [_thread_blocked, id=2668, stack(0x000000c606100000,0x000000c606200000)]
  0x0000026be03ee800 JavaThread "Handler for socket connection from /127.0.0.1:51334 to /127.0.0.1:52499" [_thread_in_native, id=3748, stack(0x000000c606200000,0x000000c606300000)]
  0x0000026be03ee000 JavaThread "Cancel handler" [_thread_blocked, id=7636, stack(0x000000c606300000,0x000000c606400000)]
  0x0000026be03f0800 JavaThread "Daemon worker Thread 2" [_thread_in_native, id=1864, stack(0x000000c607b00000,0x000000c607c00000)]
  0x0000026be03ea800 JavaThread "Asynchronous log dispatcher for DefaultDaemonConnection: socket connection from /127.0.0.1:51334 to /127.0.0.1:52499" [_thread_blocked, id=968, stack(0x000000c607c00000,0x000000c607d00000)]
  0x0000026be03ef800 JavaThread "Stdin handler" [_thread_blocked, id=4216, stack(0x000000c607d00000,0x000000c607e00000)]
  0x0000026be03f1000 JavaThread "Daemon client event forwarder" [_thread_blocked, id=4888, stack(0x000000c607e00000,0x000000c607f00000)]
  0x0000026be03eb800 JavaThread "Cache worker for checksums cache (C:\Users\pc\Downloads\CBI_Flutter_App\android\.gradle\7.5\checksums)" [_thread_blocked, id=4960, stack(0x000000c608000000,0x000000c608100000)]
  0x0000026be03f2000 JavaThread "Cache worker for cache directory md-rule (C:\Users\pc\.gradle\caches\7.5\md-rule)" [_thread_blocked, id=2684, stack(0x000000c608100000,0x000000c608200000)]
  0x0000026be03f2800 JavaThread "Cache worker for file hash cache (C:\Users\pc\Downloads\CBI_Flutter_App\android\.gradle\7.5\fileHashes)" [_thread_blocked, id=11172, stack(0x000000c608500000,0x000000c608600000)]
  0x0000026be03ed000 JavaThread "Cache worker for cache directory md-supplier (C:\Users\pc\.gradle\caches\7.5\md-supplier)" [_thread_blocked, id=5720, stack(0x000000c608800000,0x000000c608900000)]
  0x0000026be03f5000 JavaThread "Cache worker for dependencies-accessors (C:\Users\pc\Downloads\CBI_Flutter_App\android\.gradle\7.5\dependencies-accessors)" [_thread_blocked, id=1296, stack(0x000000c608900000,0x000000c608a00000)]
  0x0000026be03f4800 JavaThread "Cache worker for Build Output Cleanup Cache (C:\Users\pc\Downloads\CBI_Flutter_App\android\.gradle\buildOutputCleanup)" [_thread_blocked, id=10320, stack(0x000000c608b00000,0x000000c608c00000)]
=>0x0000026be6231000 JavaThread "C2 CompilerThread1" daemon [_thread_in_native, id=4220, stack(0x000000c607f00000,0x000000c608000000)]
  0x0000026be03f7800 JavaThread "Unconstrained build operations" [_thread_blocked, id=1324, stack(0x000000c608c00000,0x000000c608d00000)]
  0x0000026be03f7000 JavaThread "Unconstrained build operations Thread 2" [_thread_blocked, id=3156, stack(0x000000c609200000,0x000000c609300000)]
  0x0000026be03f9800 JavaThread "Unconstrained build operations Thread 3" [_thread_blocked, id=11000, stack(0x000000c609300000,0x000000c609400000)]
  0x0000026be1ca5000 JavaThread "Unconstrained build operations Thread 4" [_thread_blocked, id=5208, stack(0x000000c609400000,0x000000c609500000)]
  0x0000026be1ca0000 JavaThread "Unconstrained build operations Thread 5" [_thread_blocked, id=9360, stack(0x000000c609500000,0x000000c609600000)]
  0x0000026be1ca9000 JavaThread "Unconstrained build operations Thread 6" [_thread_blocked, id=9644, stack(0x000000c609600000,0x000000c609700000)]
  0x0000026be1caa000 JavaThread "Unconstrained build operations Thread 7" [_thread_blocked, id=4500, stack(0x000000c609700000,0x000000c609800000)]
  0x0000026be1cae000 JavaThread "Unconstrained build operations Thread 8" [_thread_blocked, id=9808, stack(0x000000c609800000,0x000000c609900000)]
  0x0000026be1cab000 JavaThread "Unconstrained build operations Thread 9" [_thread_blocked, id=8684, stack(0x000000c609900000,0x000000c609a00000)]
  0x0000026be1cab800 JavaThread "Unconstrained build operations Thread 10" [_thread_blocked, id=9228, stack(0x000000c609a00000,0x000000c609b00000)]
  0x0000026be1cac800 JavaThread "Unconstrained build operations Thread 11" [_thread_blocked, id=3320, stack(0x000000c609b00000,0x000000c609c00000)]
  0x0000026be1cad000 JavaThread "Unconstrained build operations Thread 12" [_thread_blocked, id=888, stack(0x000000c609c00000,0x000000c609d00000)]
  0x0000026be1ca8800 JavaThread "Unconstrained build operations Thread 13" [_thread_blocked, id=9868, stack(0x000000c609d00000,0x000000c609e00000)]
  0x0000026be1caf000 JavaThread "Unconstrained build operations Thread 14" [_thread_blocked, id=8164, stack(0x000000c609e00000,0x000000c609f00000)]
  0x0000026be07d0800 JavaThread "Unconstrained build operations Thread 15" [_thread_blocked, id=7656, stack(0x000000c609f00000,0x000000c60a000000)]
  0x0000026be07ce000 JavaThread "Unconstrained build operations Thread 16" [_thread_blocked, id=6932, stack(0x000000c60a000000,0x000000c60a100000)]
  0x0000026be07cf800 JavaThread "Unconstrained build operations Thread 17" [_thread_blocked, id=10412, stack(0x000000c60a100000,0x000000c60a200000)]
  0x0000026bdf4fc000 JavaThread "Unconstrained build operations Thread 18" [_thread_blocked, id=5092, stack(0x000000c60a200000,0x000000c60a300000)]
  0x0000026bdf4f7800 JavaThread "Unconstrained build operations Thread 19" [_thread_blocked, id=5248, stack(0x000000c60a300000,0x000000c60a400000)]
  0x0000026bdf4f8000 JavaThread "Unconstrained build operations Thread 20" [_thread_blocked, id=8776, stack(0x000000c60a400000,0x000000c60a500000)]
  0x0000026bdf4fe800 JavaThread "Unconstrained build operations Thread 21" [_thread_blocked, id=5304, stack(0x000000c60a500000,0x000000c60a600000)]
  0x0000026bdf4f9800 JavaThread "Unconstrained build operations Thread 22" [_thread_blocked, id=924, stack(0x000000c60a600000,0x000000c60a700000)]
  0x0000026bdf4fb800 JavaThread "Unconstrained build operations Thread 23" [_thread_blocked, id=1548, stack(0x000000c60a700000,0x000000c60a800000)]
  0x0000026bdf4f9000 JavaThread "Unconstrained build operations Thread 24" [_thread_blocked, id=5904, stack(0x000000c60a800000,0x000000c60a900000)]
  0x0000026bdf4fa800 JavaThread "Unconstrained build operations Thread 25" [_thread_blocked, id=1760, stack(0x000000c60a900000,0x000000c60aa00000)]
  0x0000026bdf4ff800 JavaThread "Unconstrained build operations Thread 26" [_thread_blocked, id=9384, stack(0x000000c60aa00000,0x000000c60ab00000)]
  0x0000026bdf500800 JavaThread "Unconstrained build operations Thread 27" [_thread_blocked, id=11108, stack(0x000000c60ab00000,0x000000c60ac00000)]
  0x0000026bdf501000 JavaThread "Unconstrained build operations Thread 28" [_thread_blocked, id=4956, stack(0x000000c60ac00000,0x000000c60ad00000)]
  0x0000026bdf502800 JavaThread "Unconstrained build operations Thread 29" [_thread_blocked, id=3312, stack(0x000000c60ad00000,0x000000c60ae00000)]
  0x0000026bdf4fe000 JavaThread "Unconstrained build operations Thread 30" [_thread_blocked, id=9996, stack(0x000000c60ae00000,0x000000c60af00000)]
  0x0000026bdf502000 JavaThread "Unconstrained build operations Thread 31" [_thread_blocked, id=6356, stack(0x000000c60af00000,0x000000c60b000000)]
  0x0000026bdf4fd000 JavaThread "Unconstrained build operations Thread 32" [_thread_blocked, id=4764, stack(0x000000c60b000000,0x000000c60b100000)]
  0x0000026bdf503800 JavaThread "Unconstrained build operations Thread 33" [_thread_blocked, id=9456, stack(0x000000c60b100000,0x000000c60b200000)]
  0x0000026bdf505000 JavaThread "Unconstrained build operations Thread 34" [_thread_blocked, id=7404, stack(0x000000c60b200000,0x000000c60b300000)]
  0x0000026bdf504800 JavaThread "Unconstrained build operations Thread 35" [_thread_blocked, id=9956, stack(0x000000c60b300000,0x000000c60b400000)]
  0x0000026bdf506000 JavaThread "Unconstrained build operations Thread 36" [_thread_blocked, id=9552, stack(0x000000c60b400000,0x000000c60b500000)]
  0x0000026be02b9800 JavaThread "Unconstrained build operations Thread 37" [_thread_blocked, id=1604, stack(0x000000c60b500000,0x000000c60b600000)]
  0x0000026be02ba000 JavaThread "Unconstrained build operations Thread 38" [_thread_blocked, id=9696, stack(0x000000c60b600000,0x000000c60b700000)]
  0x0000026be02bb000 JavaThread "Unconstrained build operations Thread 39" [_thread_blocked, id=1676, stack(0x000000c60b700000,0x000000c60b800000)]
  0x0000026be02b5800 JavaThread "Unconstrained build operations Thread 40" [_thread_blocked, id=480, stack(0x000000c60b800000,0x000000c60b900000)]

Other Threads:
  0x0000026bdd8d6800 VMThread "VM Thread" [stack: 0x000000c606a00000,0x000000c606b00000] [id=5320]
  0x0000026bde3e4800 WatcherThread [stack: 0x000000c607400000,0x000000c607500000] [id=1040]
  0x0000026bc5028000 GCTaskThread "GC Thread#0" [stack: 0x000000c606500000,0x000000c606600000] [id=10664]
  0x0000026bdea71000 GCTaskThread "GC Thread#1" [stack: 0x000000c607600000,0x000000c607700000] [id=8880]
  0x0000026bde81c000 GCTaskThread "GC Thread#2" [stack: 0x000000c607700000,0x000000c607800000] [id=552]
  0x0000026be0fdb000 GCTaskThread "GC Thread#3" [stack: 0x000000c608300000,0x000000c608400000] [id=5204]
  0x0000026bc504d000 ConcurrentGCThread "G1 Main Marker" [stack: 0x000000c606600000,0x000000c606700000] [id=4228]
  0x0000026bc504e000 ConcurrentGCThread "G1 Conc#0" [stack: 0x000000c606700000,0x000000c606800000] [id=7244]
  0x0000026bc50dd000 ConcurrentGCThread "G1 Refine#0" [stack: 0x000000c606800000,0x000000c606900000] [id=5216]
  0x0000026bc50de800 ConcurrentGCThread "G1 Young RemSet Sampling" [stack: 0x000000c606900000,0x000000c606a00000] [id=8844]

Threads with active compile tasks:
C2 CompilerThread14545012 14984       4       org.gradle.internal.operations.DefaultBuildOperationRunner::execute (23 bytes)

VM state:not at safepoint (normal execution)

VM Mutex/Monitor currently owned by a thread: None

Heap address: 0x00000000a0000000, size: 1536 MB, Compressed Oops mode: 32-bit
Narrow klass base: 0x0000000000000000, Narrow klass shift: 3
Compressed class space size: 1073741824 Address: 0x0000000100000000

Heap:
 garbage-first heap   total 189440K, used 155797K [0x00000000a0000000, 0x0000000100000000)
  region size 1024K, 29 young (29696K), 1 survivors (1024K)
 Metaspace       used 103293K, capacity 106277K, committed 107008K, reserved 1142784K
  class space    used 13429K, capacity 14474K, committed 14668K, reserved 1048576K
Heap Regions: E=young(eden), S=young(survivor), O=old, HS=humongous(starts), HC=humongous(continues), CS=collection set, F=free, A=archive, TAMS=top-at-mark-start (previous, next)
|   0|0x00000000a0000000, 0x00000000a0100000, 0x00000000a0100000|100%|HS|  |TAMS 0x00000000a0100000, 0x00000000a0000000| Complete 
|   1|0x00000000a0100000, 0x00000000a0200000, 0x00000000a0200000|100%|HC|  |TAMS 0x00000000a0200000, 0x00000000a0100000| Complete 
|   2|0x00000000a0200000, 0x00000000a0300000, 0x00000000a0300000|100%|HC|  |TAMS 0x00000000a0300000, 0x00000000a0200000| Complete 
|   3|0x00000000a0300000, 0x00000000a0400000, 0x00000000a0400000|100%| O|  |TAMS 0x00000000a0400000, 0x00000000a0300000| Untracked 
|   4|0x00000000a0400000, 0x00000000a0500000, 0x00000000a0500000|100%| O|  |TAMS 0x00000000a0500000, 0x00000000a0400000| Untracked 
|   5|0x00000000a0500000, 0x00000000a0600000, 0x00000000a0600000|100%| O|  |TAMS 0x00000000a0600000, 0x00000000a0500000| Untracked 
|   6|0x00000000a0600000, 0x00000000a0700000, 0x00000000a0700000|100%| O|  |TAMS 0x00000000a0700000, 0x00000000a0600000| Untracked 
|   7|0x00000000a0700000, 0x00000000a0800000, 0x00000000a0800000|100%| O|  |TAMS 0x00000000a0800000, 0x00000000a0700000| Complete 
|   8|0x00000000a0800000, 0x00000000a0900000, 0x00000000a0900000|100%| O|  |TAMS 0x00000000a0900000, 0x00000000a0800000| Untracked 
|   9|0x00000000a0900000, 0x00000000a0a00000, 0x00000000a0a00000|100%| O|  |TAMS 0x00000000a0a00000, 0x00000000a0900000| Complete 
|  10|0x00000000a0a00000, 0x00000000a0b00000, 0x00000000a0b00000|100%| O|  |TAMS 0x00000000a0b00000, 0x00000000a0a00000| Untracked 
|  11|0x00000000a0b00000, 0x00000000a0c00000, 0x00000000a0c00000|100%| O|  |TAMS 0x00000000a0c00000, 0x00000000a0b00000| Untracked 
|  12|0x00000000a0c00000, 0x00000000a0d00000, 0x00000000a0d00000|100%| O|  |TAMS 0x00000000a0d00000, 0x00000000a0c00000| Untracked 
|  13|0x00000000a0d00000, 0x00000000a0e00000, 0x00000000a0e00000|100%| O|  |TAMS 0x00000000a0e00000, 0x00000000a0d00000| Untracked 
|  14|0x00000000a0e00000, 0x00000000a0f00000, 0x00000000a0f00000|100%| O|  |TAMS 0x00000000a0f00000, 0x00000000a0e00000| Untracked 
|  15|0x00000000a0f00000, 0x00000000a1000000, 0x00000000a1000000|100%| O|  |TAMS 0x00000000a1000000, 0x00000000a0f00000| Untracked 
|  16|0x00000000a1000000, 0x00000000a1100000, 0x00000000a1100000|100%| O|  |TAMS 0x00000000a1100000, 0x00000000a1000000| Untracked 
|  17|0x00000000a1100000, 0x00000000a1200000, 0x00000000a1200000|100%|HS|  |TAMS 0x00000000a1200000, 0x00000000a1100000| Complete 
|  18|0x00000000a1200000, 0x00000000a1300000, 0x00000000a1300000|100%| O|  |TAMS 0x00000000a1300000, 0x00000000a1200000| Untracked 
|  19|0x00000000a1300000, 0x00000000a1400000, 0x00000000a1400000|100%| O|  |TAMS 0x00000000a1400000, 0x00000000a1300000| Complete 
|  20|0x00000000a1400000, 0x00000000a1500000, 0x00000000a1500000|100%| O|  |TAMS 0x00000000a1500000, 0x00000000a1400000| Untracked 
|  21|0x00000000a1500000, 0x00000000a1600000, 0x00000000a1600000|100%| O|  |TAMS 0x00000000a1600000, 0x00000000a1500000| Complete 
|  22|0x00000000a1600000, 0x00000000a1700000, 0x00000000a1700000|100%| O|  |TAMS 0x00000000a1700000, 0x00000000a1600000| Complete 
|  23|0x00000000a1700000, 0x00000000a1800000, 0x00000000a1800000|100%| O|  |TAMS 0x00000000a1800000, 0x00000000a1700000| Complete 
|  24|0x00000000a1800000, 0x00000000a1900000, 0x00000000a1900000|100%| O|  |TAMS 0x00000000a1900000, 0x00000000a1800000| Complete 
|  25|0x00000000a1900000, 0x00000000a1a00000, 0x00000000a1a00000|100%| O|  |TAMS 0x00000000a1a00000, 0x00000000a1900000| Complete 
|  26|0x00000000a1a00000, 0x00000000a1b00000, 0x00000000a1b00000|100%| O|  |TAMS 0x00000000a1b00000, 0x00000000a1a00000| Complete 
|  27|0x00000000a1b00000, 0x00000000a1b00000, 0x00000000a1c00000|  0%| F|  |TAMS 0x00000000a1b00000, 0x00000000a1b00000| Untracked 
|  28|0x00000000a1c00000, 0x00000000a1d00000, 0x00000000a1d00000|100%|HS|  |TAMS 0x00000000a1d00000, 0x00000000a1c00000| Complete 
|  29|0x00000000a1d00000, 0x00000000a1e00000, 0x00000000a1e00000|100%|HS|  |TAMS 0x00000000a1e00000, 0x00000000a1d00000| Complete 
|  30|0x00000000a1e00000, 0x00000000a1f00000, 0x00000000a1f00000|100%|HS|  |TAMS 0x00000000a1f00000, 0x00000000a1e00000| Complete 
|  31|0x00000000a1f00000, 0x00000000a2000000, 0x00000000a2000000|100%|HC|  |TAMS 0x00000000a2000000, 0x00000000a1f00000| Complete 
|  32|0x00000000a2000000, 0x00000000a2100000, 0x00000000a2100000|100%|HC|  |TAMS 0x00000000a2100000, 0x00000000a2000000| Complete 
|  33|0x00000000a2100000, 0x00000000a2200000, 0x00000000a2200000|100%| O|  |TAMS 0x00000000a2200000, 0x00000000a2100000| Complete 
|  34|0x00000000a2200000, 0x00000000a2300000, 0x00000000a2300000|100%| O|  |TAMS 0x00000000a2300000, 0x00000000a2200000| Complete 
|  35|0x00000000a2300000, 0x00000000a2400000, 0x00000000a2400000|100%| O|  |TAMS 0x00000000a2400000, 0x00000000a2300000| Complete 
|  36|0x00000000a2400000, 0x00000000a2500000, 0x00000000a2500000|100%| O|  |TAMS 0x00000000a2500000, 0x00000000a2400000| Untracked 
|  37|0x00000000a2500000, 0x00000000a2600000, 0x00000000a2600000|100%|HS|  |TAMS 0x00000000a2600000, 0x00000000a2500000| Complete 
|  38|0x00000000a2600000, 0x00000000a2700000, 0x00000000a2700000|100%|HC|  |TAMS 0x00000000a2700000, 0x00000000a2600000| Complete 
|  39|0x00000000a2700000, 0x00000000a2800000, 0x00000000a2800000|100%| O|  |TAMS 0x00000000a2800000, 0x00000000a2700000| Untracked 
|  40|0x00000000a2800000, 0x00000000a2900000, 0x00000000a2900000|100%| O|  |TAMS 0x00000000a2900000, 0x00000000a2800000| Complete 
|  41|0x00000000a2900000, 0x00000000a2a00000, 0x00000000a2a00000|100%| O|  |TAMS 0x00000000a2a00000, 0x00000000a2900000| Untracked 
|  42|0x00000000a2a00000, 0x00000000a2b00000, 0x00000000a2b00000|100%| O|  |TAMS 0x00000000a2b00000, 0x00000000a2a00000| Untracked 
|  43|0x00000000a2b00000, 0x00000000a2c00000, 0x00000000a2c00000|100%| O|  |TAMS 0x00000000a2c00000, 0x00000000a2b00000| Untracked 
|  44|0x00000000a2c00000, 0x00000000a2d00000, 0x00000000a2d00000|100%| O|  |TAMS 0x00000000a2d00000, 0x00000000a2c00000| Complete 
|  45|0x00000000a2d00000, 0x00000000a2e00000, 0x00000000a2e00000|100%| O|  |TAMS 0x00000000a2e00000, 0x00000000a2d00000| Untracked 
|  46|0x00000000a2e00000, 0x00000000a2f00000, 0x00000000a2f00000|100%| O|  |TAMS 0x00000000a2f00000, 0x00000000a2e00000| Complete 
|  47|0x00000000a2f00000, 0x00000000a3000000, 0x00000000a3000000|100%| O|  |TAMS 0x00000000a3000000, 0x00000000a2f00000| Complete 
|  48|0x00000000a3000000, 0x00000000a3100000, 0x00000000a3100000|100%| O|  |TAMS 0x00000000a3100000, 0x00000000a3000000| Complete 
|  49|0x00000000a3100000, 0x00000000a3200000, 0x00000000a3200000|100%| O|  |TAMS 0x00000000a3200000, 0x00000000a3100000| Untracked 
|  50|0x00000000a3200000, 0x00000000a3300000, 0x00000000a3300000|100%| O|  |TAMS 0x00000000a3300000, 0x00000000a3200000| Complete 
|  51|0x00000000a3300000, 0x00000000a3400000, 0x00000000a3400000|100%| O|  |TAMS 0x00000000a3400000, 0x00000000a3300000| Complete 
|  52|0x00000000a3400000, 0x00000000a3500000, 0x00000000a3500000|100%| O|  |TAMS 0x00000000a3500000, 0x00000000a3400000| Complete 
|  53|0x00000000a3500000, 0x00000000a3600000, 0x00000000a3600000|100%| O|  |TAMS 0x00000000a3600000, 0x00000000a3500000| Complete 
|  54|0x00000000a3600000, 0x00000000a3700000, 0x00000000a3700000|100%| O|  |TAMS 0x00000000a3700000, 0x00000000a3600000| Complete 
|  55|0x00000000a3700000, 0x00000000a3800000, 0x00000000a3800000|100%|HS|  |TAMS 0x00000000a3800000, 0x00000000a3700000| Complete 
|  56|0x00000000a3800000, 0x00000000a3900000, 0x00000000a3900000|100%| O|  |TAMS 0x00000000a3900000, 0x00000000a3800000| Untracked 
|  57|0x00000000a3900000, 0x00000000a3a00000, 0x00000000a3a00000|100%| O|  |TAMS 0x00000000a3a00000, 0x00000000a3900000| Complete 
|  58|0x00000000a3a00000, 0x00000000a3b00000, 0x00000000a3b00000|100%| O|  |TAMS 0x00000000a3b00000, 0x00000000a3a00000| Untracked 
|  59|0x00000000a3b00000, 0x00000000a3c00000, 0x00000000a3c00000|100%| O|  |TAMS 0x00000000a3c00000, 0x00000000a3b00000| Complete 
|  60|0x00000000a3c00000, 0x00000000a3d00000, 0x00000000a3d00000|100%| O|  |TAMS 0x00000000a3d00000, 0x00000000a3c00000| Complete 
|  61|0x00000000a3d00000, 0x00000000a3e00000, 0x00000000a3e00000|100%| O|  |TAMS 0x00000000a3e00000, 0x00000000a3d00000| Complete 
|  62|0x00000000a3e00000, 0x00000000a3f00000, 0x00000000a3f00000|100%| O|  |TAMS 0x00000000a3f00000, 0x00000000a3e00000| Untracked 
|  63|0x00000000a3f00000, 0x00000000a4000000, 0x00000000a4000000|100%| O|  |TAMS 0x00000000a4000000, 0x00000000a3f00000| Complete 
|  64|0x00000000a4000000, 0x00000000a4100000, 0x00000000a4100000|100%| O|  |TAMS 0x00000000a4100000, 0x00000000a4000000| Complete 
|  65|0x00000000a4100000, 0x00000000a4200000, 0x00000000a4200000|100%| O|  |TAMS 0x00000000a4200000, 0x00000000a4100000| Complete 
|  66|0x00000000a4200000, 0x00000000a4300000, 0x00000000a4300000|100%| O|  |TAMS 0x00000000a4300000, 0x00000000a4200000| Complete 
|  67|0x00000000a4300000, 0x00000000a4400000, 0x00000000a4400000|100%| O|  |TAMS 0x00000000a4400000, 0x00000000a4300000| Complete 
|  68|0x00000000a4400000, 0x00000000a4500000, 0x00000000a4500000|100%| O|  |TAMS 0x00000000a4500000, 0x00000000a4400000| Complete 
|  69|0x00000000a4500000, 0x00000000a4600000, 0x00000000a4600000|100%| O|  |TAMS 0x00000000a4600000, 0x00000000a4500000| Complete 
|  70|0x00000000a4600000, 0x00000000a4700000, 0x00000000a4700000|100%| O|  |TAMS 0x00000000a4700000, 0x00000000a4600000| Complete 
|  71|0x00000000a4700000, 0x00000000a4800000, 0x00000000a4800000|100%| O|  |TAMS 0x00000000a4800000, 0x00000000a4700000| Complete 
|  72|0x00000000a4800000, 0x00000000a4900000, 0x00000000a4900000|100%| O|  |TAMS 0x00000000a4900000, 0x00000000a4800000| Complete 
|  73|0x00000000a4900000, 0x00000000a4a00000, 0x00000000a4a00000|100%| O|  |TAMS 0x00000000a4a00000, 0x00000000a4900000| Complete 
|  74|0x00000000a4a00000, 0x00000000a4b00000, 0x00000000a4b00000|100%| O|  |TAMS 0x00000000a4b00000, 0x00000000a4a00000| Complete 
|  75|0x00000000a4b00000, 0x00000000a4c00000, 0x00000000a4c00000|100%| O|  |TAMS 0x00000000a4c00000, 0x00000000a4b00000| Untracked 
|  76|0x00000000a4c00000, 0x00000000a4d00000, 0x00000000a4d00000|100%| O|  |TAMS 0x00000000a4d00000, 0x00000000a4c00000| Untracked 
|  77|0x00000000a4d00000, 0x00000000a4e00000, 0x00000000a4e00000|100%| O|  |TAMS 0x00000000a4e00000, 0x00000000a4d00000| Complete 
|  78|0x00000000a4e00000, 0x00000000a4f00000, 0x00000000a4f00000|100%| O|  |TAMS 0x00000000a4f00000, 0x00000000a4e00000| Complete 
|  79|0x00000000a4f00000, 0x00000000a5000000, 0x00000000a5000000|100%| O|  |TAMS 0x00000000a5000000, 0x00000000a4f00000| Complete 
|  80|0x00000000a5000000, 0x00000000a5100000, 0x00000000a5100000|100%| O|  |TAMS 0x00000000a5100000, 0x00000000a5000000| Complete 
|  81|0x00000000a5100000, 0x00000000a5200000, 0x00000000a5200000|100%|HS|  |TAMS 0x00000000a5200000, 0x00000000a5100000| Complete 
|  82|0x00000000a5200000, 0x00000000a5300000, 0x00000000a5300000|100%|HS|  |TAMS 0x00000000a5300000, 0x00000000a5200000| Complete 
|  83|0x00000000a5300000, 0x00000000a5400000, 0x00000000a5400000|100%|HC|  |TAMS 0x00000000a5400000, 0x00000000a5300000| Complete 
|  84|0x00000000a5400000, 0x00000000a5500000, 0x00000000a5500000|100%| O|  |TAMS 0x00000000a5500000, 0x00000000a5400000| Complete 
|  85|0x00000000a5500000, 0x00000000a5600000, 0x00000000a5600000|100%| O|  |TAMS 0x00000000a5600000, 0x00000000a5500000| Untracked 
|  86|0x00000000a5600000, 0x00000000a5700000, 0x00000000a5700000|100%| O|  |TAMS 0x00000000a5700000, 0x00000000a5600000| Complete 
|  87|0x00000000a5700000, 0x00000000a5800000, 0x00000000a5800000|100%| O|  |TAMS 0x00000000a5800000, 0x00000000a5700000| Untracked 
|  88|0x00000000a5800000, 0x00000000a5900000, 0x00000000a5900000|100%| O|  |TAMS 0x00000000a5900000, 0x00000000a5800000| Complete 
|  89|0x00000000a5900000, 0x00000000a5a00000, 0x00000000a5a00000|100%| O|  |TAMS 0x00000000a5a00000, 0x00000000a5900000| Untracked 
|  90|0x00000000a5a00000, 0x00000000a5b00000, 0x00000000a5b00000|100%| O|  |TAMS 0x00000000a5b00000, 0x00000000a5a00000| Untracked 
|  91|0x00000000a5b00000, 0x00000000a5c00000, 0x00000000a5c00000|100%| O|  |TAMS 0x00000000a5c00000, 0x00000000a5b00000| Untracked 
|  92|0x00000000a5c00000, 0x00000000a5d00000, 0x00000000a5d00000|100%| O|  |TAMS 0x00000000a5d00000, 0x00000000a5c00000| Untracked 
|  93|0x00000000a5d00000, 0x00000000a5e00000, 0x00000000a5e00000|100%| O|  |TAMS 0x00000000a5e00000, 0x00000000a5d00000| Complete 
|  94|0x00000000a5e00000, 0x00000000a5f00000, 0x00000000a5f00000|100%| O|  |TAMS 0x00000000a5f00000, 0x00000000a5e00000| Untracked 
|  95|0x00000000a5f00000, 0x00000000a6000000, 0x00000000a6000000|100%| O|  |TAMS 0x00000000a6000000, 0x00000000a5f00000| Complete 
|  96|0x00000000a6000000, 0x00000000a6100000, 0x00000000a6100000|100%| O|  |TAMS 0x00000000a6100000, 0x00000000a6000000| Complete 
|  97|0x00000000a6100000, 0x00000000a6200000, 0x00000000a6200000|100%| O|  |TAMS 0x00000000a6200000, 0x00000000a6100000| Complete 
|  98|0x00000000a6200000, 0x00000000a6300000, 0x00000000a6300000|100%| O|  |TAMS 0x00000000a6300000, 0x00000000a6200000| Untracked 
|  99|0x00000000a6300000, 0x00000000a6400000, 0x00000000a6400000|100%| O|  |TAMS 0x00000000a6400000, 0x00000000a6300000| Untracked 
| 100|0x00000000a6400000, 0x00000000a6500000, 0x00000000a6500000|100%| O|  |TAMS 0x00000000a6500000, 0x00000000a6400000| Untracked 
| 101|0x00000000a6500000, 0x00000000a6600000, 0x00000000a6600000|100%| O|  |TAMS 0x00000000a6600000, 0x00000000a6500000| Complete 
| 102|0x00000000a6600000, 0x00000000a6700000, 0x00000000a6700000|100%| O|  |TAMS 0x00000000a6700000, 0x00000000a6600000| Complete 
| 103|0x00000000a6700000, 0x00000000a6800000, 0x00000000a6800000|100%| O|  |TAMS 0x00000000a6800000, 0x00000000a6700000| Untracked 
| 104|0x00000000a6800000, 0x00000000a6900000, 0x00000000a6900000|100%| O|  |TAMS 0x00000000a6900000, 0x00000000a6800000| Complete 
| 105|0x00000000a6900000, 0x00000000a6900000, 0x00000000a6a00000|  0%| F|  |TAMS 0x00000000a6900000, 0x00000000a6900000| Untracked 
| 106|0x00000000a6a00000, 0x00000000a6b00000, 0x00000000a6b00000|100%| O|  |TAMS 0x00000000a6b00000, 0x00000000a6a00000| Complete 
| 107|0x00000000a6b00000, 0x00000000a6b00000, 0x00000000a6c00000|  0%| F|  |TAMS 0x00000000a6b00000, 0x00000000a6b00000| Untracked 
| 108|0x00000000a6c00000, 0x00000000a6d00000, 0x00000000a6d00000|100%| O|  |TAMS 0x00000000a6d00000, 0x00000000a6c00000| Complete 
| 109|0x00000000a6d00000, 0x00000000a6e00000, 0x00000000a6e00000|100%| O|  |TAMS 0x00000000a6e00000, 0x00000000a6d00000| Complete 
| 110|0x00000000a6e00000, 0x00000000a6f00000, 0x00000000a6f00000|100%| O|  |TAMS 0x00000000a6f00000, 0x00000000a6e00000| Complete 
| 111|0x00000000a6f00000, 0x00000000a7000000, 0x00000000a7000000|100%| O|  |TAMS 0x00000000a7000000, 0x00000000a6f00000| Complete 
| 112|0x00000000a7000000, 0x00000000a7100000, 0x00000000a7100000|100%| O|  |TAMS 0x00000000a7100000, 0x00000000a7000000| Complete 
| 113|0x00000000a7100000, 0x00000000a7200000, 0x00000000a7200000|100%| O|  |TAMS 0x00000000a7200000, 0x00000000a7100000| Complete 
| 114|0x00000000a7200000, 0x00000000a7300000, 0x00000000a7300000|100%| O|  |TAMS 0x00000000a7300000, 0x00000000a7200000| Complete 
| 115|0x00000000a7300000, 0x00000000a7400000, 0x00000000a7400000|100%| O|  |TAMS 0x00000000a7400000, 0x00000000a7300000| Untracked 
| 116|0x00000000a7400000, 0x00000000a7500000, 0x00000000a7500000|100%| O|  |TAMS 0x00000000a7500000, 0x00000000a7400000| Untracked 
| 117|0x00000000a7500000, 0x00000000a7600000, 0x00000000a7600000|100%| O|  |TAMS 0x00000000a7600000, 0x00000000a7500000| Complete 
| 118|0x00000000a7600000, 0x00000000a7700000, 0x00000000a7700000|100%| O|  |TAMS 0x00000000a7700000, 0x00000000a7600000| Untracked 
| 119|0x00000000a7700000, 0x00000000a7800000, 0x00000000a7800000|100%| O|  |TAMS 0x00000000a7800000, 0x00000000a7700000| Untracked 
| 120|0x00000000a7800000, 0x00000000a7900000, 0x00000000a7900000|100%| O|  |TAMS 0x00000000a7900000, 0x00000000a7800000| Complete 
| 121|0x00000000a7900000, 0x00000000a7a00000, 0x00000000a7a00000|100%| O|  |TAMS 0x00000000a7a00000, 0x00000000a7900000| Complete 
| 122|0x00000000a7a00000, 0x00000000a7b00000, 0x00000000a7b00000|100%| O|  |TAMS 0x00000000a7b00000, 0x00000000a7a00000| Complete 
| 123|0x00000000a7b00000, 0x00000000a7c00000, 0x00000000a7c00000|100%| O|  |TAMS 0x00000000a7c00000, 0x00000000a7b00000| Complete 
| 124|0x00000000a7c00000, 0x00000000a7d00000, 0x00000000a7d00000|100%| O|  |TAMS 0x00000000a7d00000, 0x00000000a7c00000| Untracked 
| 125|0x00000000a7d00000, 0x00000000a7e00000, 0x00000000a7e00000|100%| O|  |TAMS 0x00000000a7e00000, 0x00000000a7d00000| Complete 
| 126|0x00000000a7e00000, 0x00000000a7f00000, 0x00000000a7f00000|100%| O|  |TAMS 0x00000000a7f00000, 0x00000000a7e00000| Untracked 
| 127|0x00000000a7f00000, 0x00000000a7f38c00, 0x00000000a8000000| 22%| O|  |TAMS 0x00000000a7f38c00, 0x00000000a7f00000| Untracked 
| 128|0x00000000a8000000, 0x00000000a8000000, 0x00000000a8100000|  0%| F|  |TAMS 0x00000000a8000000, 0x00000000a8000000| Untracked 
| 129|0x00000000a8100000, 0x00000000a8100000, 0x00000000a8200000|  0%| F|  |TAMS 0x00000000a8100000, 0x00000000a8100000| Untracked 
| 130|0x00000000a8200000, 0x00000000a8200000, 0x00000000a8300000|  0%| F|  |TAMS 0x00000000a8200000, 0x00000000a8200000| Untracked 
| 131|0x00000000a8300000, 0x00000000a8300000, 0x00000000a8400000|  0%| F|  |TAMS 0x00000000a8300000, 0x00000000a8300000| Untracked 
| 132|0x00000000a8400000, 0x00000000a8400000, 0x00000000a8500000|  0%| F|  |TAMS 0x00000000a8400000, 0x00000000a8400000| Untracked 
| 133|0x00000000a8500000, 0x00000000a8500000, 0x00000000a8600000|  0%| F|  |TAMS 0x00000000a8500000, 0x00000000a8500000| Untracked 
| 134|0x00000000a8600000, 0x00000000a8600000, 0x00000000a8700000|  0%| F|  |TAMS 0x00000000a8600000, 0x00000000a8600000| Untracked 
| 135|0x00000000a8700000, 0x00000000a8700000, 0x00000000a8800000|  0%| F|  |TAMS 0x00000000a8700000, 0x00000000a8700000| Untracked 
| 136|0x00000000a8800000, 0x00000000a8800000, 0x00000000a8900000|  0%| F|  |TAMS 0x00000000a8800000, 0x00000000a8800000| Untracked 
| 137|0x00000000a8900000, 0x00000000a8900000, 0x00000000a8a00000|  0%| F|  |TAMS 0x00000000a8900000, 0x00000000a8900000| Untracked 
| 138|0x00000000a8a00000, 0x00000000a8a00000, 0x00000000a8b00000|  0%| F|  |TAMS 0x00000000a8a00000, 0x00000000a8a00000| Untracked 
| 139|0x00000000a8b00000, 0x00000000a8b00000, 0x00000000a8c00000|  0%| F|  |TAMS 0x00000000a8b00000, 0x00000000a8b00000| Untracked 
| 140|0x00000000a8c00000, 0x00000000a8c00000, 0x00000000a8d00000|  0%| F|  |TAMS 0x00000000a8c00000, 0x00000000a8c00000| Untracked 
| 141|0x00000000a8d00000, 0x00000000a8d00000, 0x00000000a8e00000|  0%| F|  |TAMS 0x00000000a8d00000, 0x00000000a8d00000| Untracked 
| 142|0x00000000a8e00000, 0x00000000a8e00000, 0x00000000a8f00000|  0%| F|  |TAMS 0x00000000a8e00000, 0x00000000a8e00000| Untracked 
| 143|0x00000000a8f00000, 0x00000000a8f00000, 0x00000000a9000000|  0%| F|  |TAMS 0x00000000a8f00000, 0x00000000a8f00000| Untracked 
| 144|0x00000000a9000000, 0x00000000a9000000, 0x00000000a9100000|  0%| F|  |TAMS 0x00000000a9000000, 0x00000000a9000000| Untracked 
| 145|0x00000000a9100000, 0x00000000a9100000, 0x00000000a9200000|  0%| F|  |TAMS 0x00000000a9100000, 0x00000000a9100000| Untracked 
| 146|0x00000000a9200000, 0x00000000a9200000, 0x00000000a9300000|  0%| F|  |TAMS 0x00000000a9200000, 0x00000000a9200000| Untracked 
| 147|0x00000000a9300000, 0x00000000a9300000, 0x00000000a9400000|  0%| F|  |TAMS 0x00000000a9300000, 0x00000000a9300000| Untracked 
| 148|0x00000000a9400000, 0x00000000a9400000, 0x00000000a9500000|  0%| F|  |TAMS 0x00000000a9400000, 0x00000000a9400000| Untracked 
| 149|0x00000000a9500000, 0x00000000a95ec968, 0x00000000a9600000| 92%| S|CS|TAMS 0x00000000a9500000, 0x00000000a9500000| Complete 
| 150|0x00000000a9600000, 0x00000000a9600000, 0x00000000a9700000|  0%| F|  |TAMS 0x00000000a9600000, 0x00000000a9600000| Untracked 
| 151|0x00000000a9700000, 0x00000000a9700000, 0x00000000a9800000|  0%| F|  |TAMS 0x00000000a9700000, 0x00000000a9700000| Untracked 
| 152|0x00000000a9800000, 0x00000000a9800000, 0x00000000a9900000|  0%| F|  |TAMS 0x00000000a9800000, 0x00000000a9800000| Untracked 
| 153|0x00000000a9900000, 0x00000000a9900000, 0x00000000a9a00000|  0%| F|  |TAMS 0x00000000a9900000, 0x00000000a9900000| Untracked 
| 154|0x00000000a9a00000, 0x00000000a9a00000, 0x00000000a9b00000|  0%| F|  |TAMS 0x00000000a9a00000, 0x00000000a9a00000| Untracked 
| 155|0x00000000a9b00000, 0x00000000a9b00000, 0x00000000a9c00000|  0%| F|  |TAMS 0x00000000a9b00000, 0x00000000a9b00000| Untracked 
| 156|0x00000000a9c00000, 0x00000000a9c00000, 0x00000000a9d00000|  0%| F|  |TAMS 0x00000000a9c00000, 0x00000000a9c00000| Untracked 
| 157|0x00000000a9d00000, 0x00000000a9d75a50, 0x00000000a9e00000| 45%| E|  |TAMS 0x00000000a9d00000, 0x00000000a9d00000| Complete 
| 158|0x00000000a9e00000, 0x00000000a9f00000, 0x00000000a9f00000|100%| E|CS|TAMS 0x00000000a9e00000, 0x00000000a9e00000| Complete 
| 159|0x00000000a9f00000, 0x00000000aa000000, 0x00000000aa000000|100%| E|CS|TAMS 0x00000000a9f00000, 0x00000000a9f00000| Complete 
| 160|0x00000000aa000000, 0x00000000aa100000, 0x00000000aa100000|100%| E|CS|TAMS 0x00000000aa000000, 0x00000000aa000000| Complete 
| 161|0x00000000aa100000, 0x00000000aa200000, 0x00000000aa200000|100%| E|CS|TAMS 0x00000000aa100000, 0x00000000aa100000| Complete 
| 162|0x00000000aa200000, 0x00000000aa300000, 0x00000000aa300000|100%| E|CS|TAMS 0x00000000aa200000, 0x00000000aa200000| Complete 
| 163|0x00000000aa300000, 0x00000000aa400000, 0x00000000aa400000|100%| E|CS|TAMS 0x00000000aa300000, 0x00000000aa300000| Complete 
| 164|0x00000000aa400000, 0x00000000aa500000, 0x00000000aa500000|100%| E|CS|TAMS 0x00000000aa400000, 0x00000000aa400000| Complete 
| 165|0x00000000aa500000, 0x00000000aa600000, 0x00000000aa600000|100%| E|CS|TAMS 0x00000000aa500000, 0x00000000aa500000| Complete 
| 166|0x00000000aa600000, 0x00000000aa700000, 0x00000000aa700000|100%| E|CS|TAMS 0x00000000aa600000, 0x00000000aa600000| Complete 
| 167|0x00000000aa700000, 0x00000000aa800000, 0x00000000aa800000|100%| E|CS|TAMS 0x00000000aa700000, 0x00000000aa700000| Complete 
| 168|0x00000000aa800000, 0x00000000aa900000, 0x00000000aa900000|100%| E|CS|TAMS 0x00000000aa800000, 0x00000000aa800000| Complete 
| 169|0x00000000aa900000, 0x00000000aaa00000, 0x00000000aaa00000|100%| E|CS|TAMS 0x00000000aa900000, 0x00000000aa900000| Complete 
| 170|0x00000000aaa00000, 0x00000000aab00000, 0x00000000aab00000|100%| E|CS|TAMS 0x00000000aaa00000, 0x00000000aaa00000| Complete 
| 171|0x00000000aab00000, 0x00000000aac00000, 0x00000000aac00000|100%| E|CS|TAMS 0x00000000aab00000, 0x00000000aab00000| Complete 
| 172|0x00000000aac00000, 0x00000000aad00000, 0x00000000aad00000|100%| E|CS|TAMS 0x00000000aac00000, 0x00000000aac00000| Complete 
| 173|0x00000000aad00000, 0x00000000aae00000, 0x00000000aae00000|100%| E|CS|TAMS 0x00000000aad00000, 0x00000000aad00000| Complete 
| 174|0x00000000aae00000, 0x00000000aaf00000, 0x00000000aaf00000|100%| E|CS|TAMS 0x00000000aae00000, 0x00000000aae00000| Complete 
| 175|0x00000000aaf00000, 0x00000000ab000000, 0x00000000ab000000|100%| E|CS|TAMS 0x00000000aaf00000, 0x00000000aaf00000| Complete 
| 176|0x00000000ab000000, 0x00000000ab100000, 0x00000000ab100000|100%| E|CS|TAMS 0x00000000ab000000, 0x00000000ab000000| Complete 
| 177|0x00000000ab100000, 0x00000000ab200000, 0x00000000ab200000|100%| E|CS|TAMS 0x00000000ab100000, 0x00000000ab100000| Complete 
| 178|0x00000000ab200000, 0x00000000ab300000, 0x00000000ab300000|100%| E|CS|TAMS 0x00000000ab200000, 0x00000000ab200000| Complete 
| 179|0x00000000ab300000, 0x00000000ab400000, 0x00000000ab400000|100%| E|CS|TAMS 0x00000000ab300000, 0x00000000ab300000| Complete 
| 180|0x00000000ab400000, 0x00000000ab500000, 0x00000000ab500000|100%| E|CS|TAMS 0x00000000ab400000, 0x00000000ab400000| Complete 
| 181|0x00000000ab500000, 0x00000000ab600000, 0x00000000ab600000|100%| E|CS|TAMS 0x00000000ab500000, 0x00000000ab500000| Complete 
| 182|0x00000000ab600000, 0x00000000ab700000, 0x00000000ab700000|100%| E|CS|TAMS 0x00000000ab600000, 0x00000000ab600000| Complete 
| 183|0x00000000ab700000, 0x00000000ab800000, 0x00000000ab800000|100%| E|CS|TAMS 0x00000000ab700000, 0x00000000ab700000| Complete 
| 184|0x00000000ab800000, 0x00000000ab900000, 0x00000000ab900000|100%| E|CS|TAMS 0x00000000ab800000, 0x00000000ab800000| Complete 

Card table byte_map: [0x0000026bd7e20000,0x0000026bd8120000] _byte_map_base: 0x0000026bd7920000

Marking Bits (Prev, Next): (CMBitMap*) 0x0000026bc5045f88, (CMBitMap*) 0x0000026bc5045fc0
 Prev Bits: [0x0000026bd8420000, 0x0000026bd9c20000)
 Next Bits: [0x0000026bd9c20000, 0x0000026bdb420000)

Polling page: 0x0000026bc3190000

Metaspace:

Usage:
  Non-class:     89.65 MB capacity,    87.76 MB ( 98%) used,     1.60 MB (  2%) free+waste,   302.06 KB ( <1%) overhead. 
      Class:     14.13 MB capacity,    13.11 MB ( 93%) used,   911.03 KB (  6%) free+waste,   133.38 KB ( <1%) overhead. 
       Both:    103.79 MB capacity,   100.87 MB ( 97%) used,     2.49 MB (  2%) free+waste,   435.44 KB ( <1%) overhead. 

Virtual space:
  Non-class space:       92.00 MB reserved,      90.18 MB ( 98%) committed 
      Class space:        1.00 GB reserved,      14.32 MB (  1%) committed 
             Both:        1.09 GB reserved,     104.50 MB (  9%) committed 

Chunk freelists:
   Non-Class:  345.00 KB
       Class:  154.00 KB
        Both:  499.00 KB

MaxMetaspaceSize: 17179869184.00 GB
CompressedClassSpaceSize: 1.00 GB
Initial GC threshold: 20.80 MB
Current GC threshold: 173.75 MB
CDS: off

CodeHeap 'non-profiled nmethods': size=120064Kb used=10320Kb max_used=10320Kb free=109743Kb
 bounds [0x0000026bd05e0000, 0x0000026bd1000000, 0x0000026bd7b20000]
CodeHeap 'profiled nmethods': size=120000Kb used=33258Kb max_used=33258Kb free=86741Kb
 bounds [0x0000026bc90b0000, 0x0000026bcb130000, 0x0000026bd05e0000]
CodeHeap 'non-nmethods': size=5696Kb used=2404Kb max_used=2459Kb free=3291Kb
 bounds [0x0000026bc8b20000, 0x0000026bc8da0000, 0x0000026bc90b0000]
 total_blobs=15914 nmethods=14989 adapters=837
 compilation: enabled
              stopped_count=0, restarted_count=0
 full_count=0

Compilation events (20 events):
Event: 4544.971 Thread 0x0000026bdd926800 nmethod 15002 0x0000026bcb125a10 code [0x0000026bcb125c00, 0x0000026bcb125fb8]
Event: 4544.971 Thread 0x0000026bdd926800 15003       3       org.gradle.api.internal.artifacts.ivyservice.modulecache.artifacts.DefaultModuleArtifactCache::lookup (14 bytes)
Event: 4544.972 Thread 0x0000026bdd926800 nmethod 15003 0x0000026bcb126190 code [0x0000026bcb126380, 0x0000026bcb126798]
Event: 4544.972 Thread 0x0000026bdd926800 15004       3       org.gradle.internal.resource.cached.AbstractCachedIndex$$Lambda$585/0x0000000100690840::get$Lambda (10 bytes)
Event: 4544.973 Thread 0x0000026bdd926800 nmethod 15004 0x0000026bcb126910 code [0x0000026bcb126ae0, 0x0000026bcb126d98]
Event: 4544.973 Thread 0x0000026bdd926800 15005       3       org.gradle.internal.resource.cached.AbstractCachedIndex$$Lambda$585/0x0000000100690840::create (12 bytes)
Event: 4544.973 Thread 0x0000026bdd926800 nmethod 15005 0x0000026bcb126e90 code [0x0000026bcb127040, 0x0000026bcb127188]
Event: 4544.973 Thread 0x0000026bdd926800 15006       3       org.gradle.internal.resource.cached.AbstractCachedIndex::lambda$lookup$0 (50 bytes)
Event: 4544.974 Thread 0x0000026bdd926800 nmethod 15006 0x0000026bcb127290 code [0x0000026bcb127500, 0x0000026bcb128158]
Event: 4544.974 Thread 0x0000026bdd926800 15007       3       org.gradle.internal.resource.cached.AbstractCachedIndex::getPersistentCache (20 bytes)
Event: 4544.974 Thread 0x0000026bdd926800 nmethod 15007 0x0000026bcb128510 code [0x0000026bcb1286e0, 0x0000026bcb1289a8]
Event: 4544.974 Thread 0x0000026bdd926800 15008       3       org.gradle.api.internal.artifacts.ivyservice.modulecache.artifacts.DefaultModuleArtifactCache$ArtifactAtRepositoryKeySerializer::write (10 bytes)
Event: 4544.974 Thread 0x0000026bdd926800 nmethod 15008 0x0000026bcb128a90 code [0x0000026bcb128c80, 0x0000026bcb1290d8]
Event: 4544.974 Thread 0x0000026bdd926800 15009       3       org.gradle.api.internal.artifacts.ivyservice.modulecache.artifacts.DefaultModuleArtifactCache$ArtifactAtRepositoryKeySerializer::write (25 bytes)
Event: 4544.974 Thread 0x0000026bdd926800 nmethod 15009 0x0000026bcb129290 code [0x0000026bcb129460, 0x0000026bcb129738]
Event: 4544.974 Thread 0x0000026bdd926800 15010       3       org.gradle.api.internal.artifacts.ivyservice.modulecache.artifacts.DefaultModuleArtifactCache$CachedArtifactSerializer::read (6 bytes)
Event: 4544.974 Thread 0x0000026bdd926800 nmethod 15010 0x0000026bcb129890 code [0x0000026bcb129a40, 0x0000026bcb129b88]
Event: 4544.978 Thread 0x0000026bdd926800 15011       3       org.gradle.internal.logging.events.ProgressStartEvent::<init> (74 bytes)
Event: 4544.978 Thread 0x0000026bdd926800 nmethod 15011 0x0000026bcb129c10 code [0x0000026bcb129e00, 0x0000026bcb12a3f8]
Event: 4544.981 Thread 0x0000026bdd922000 15012       4       java.util.concurrent.locks.AbstractQueuedSynchronizer::transferForSignal (45 bytes)

GC Heap History (20 events):
Event: 29.766 GC heap before
{Heap before GC invocations=45 (full 0):
 garbage-first heap   total 189440K, used 152929K [0x00000000a0000000, 0x0000000100000000)
  region size 1024K, 40 young (40960K), 5 survivors (5120K)
 Metaspace       used 95764K, capacity 98786K, committed 98944K, reserved 1134592K
  class space    used 12643K, capacity 13724K, committed 13772K, reserved 1048576K
}
Event: 29.776 GC heap after
{Heap after GC invocations=46 (full 0):
 garbage-first heap   total 189440K, used 120917K [0x00000000a0000000, 0x0000000100000000)
  region size 1024K, 3 young (3072K), 3 survivors (3072K)
 Metaspace       used 95764K, capacity 98786K, committed 98944K, reserved 1134592K
  class space    used 12643K, capacity 13724K, committed 13772K, reserved 1048576K
}
Event: 30.698 GC heap before
{Heap before GC invocations=47 (full 0):
 garbage-first heap   total 189440K, used 154709K [0x00000000a0000000, 0x0000000100000000)
  region size 1024K, 37 young (37888K), 3 survivors (3072K)
 Metaspace       used 97396K, capacity 100473K, committed 100736K, reserved 1136640K
  class space    used 12858K, capacity 13958K, committed 14028K, reserved 1048576K
}
Event: 30.705 GC heap after
{Heap after GC invocations=48 (full 0):
 garbage-first heap   total 189440K, used 122941K [0x00000000a0000000, 0x0000000100000000)
  region size 1024K, 2 young (2048K), 2 survivors (2048K)
 Metaspace       used 97396K, capacity 100473K, committed 100736K, reserved 1136640K
  class space    used 12858K, capacity 13958K, committed 14028K, reserved 1048576K
}
Event: 31.093 GC heap before
{Heap before GC invocations=48 (full 0):
 garbage-first heap   total 189440K, used 156733K [0x00000000a0000000, 0x0000000100000000)
  region size 1024K, 36 young (36864K), 2 survivors (2048K)
 Metaspace       used 100072K, capacity 103161K, committed 103424K, reserved 1138688K
  class space    used 13191K, capacity 14278K, committed 14412K, reserved 1048576K
}
Event: 31.099 GC heap after
{Heap after GC invocations=49 (full 0):
 garbage-first heap   total 189440K, used 123698K [0x00000000a0000000, 0x0000000100000000)
  region size 1024K, 3 young (3072K), 3 survivors (3072K)
 Metaspace       used 100072K, capacity 103161K, committed 103424K, reserved 1138688K
  class space    used 13191K, capacity 14278K, committed 14412K, reserved 1048576K
}
Event: 31.685 GC heap before
{Heap before GC invocations=50 (full 0):
 garbage-first heap   total 189440K, used 158514K [0x00000000a0000000, 0x0000000100000000)
  region size 1024K, 37 young (37888K), 3 survivors (3072K)
 Metaspace       used 102051K, capacity 105027K, committed 105344K, reserved 1140736K
  class space    used 13382K, capacity 14466K, committed 14540K, reserved 1048576K
}
Event: 31.693 GC heap after
{Heap after GC invocations=51 (full 0):
 garbage-first heap   total 189440K, used 126597K [0x00000000a0000000, 0x0000000100000000)
  region size 1024K, 4 young (4096K), 4 survivors (4096K)
 Metaspace       used 102051K, capacity 105027K, committed 105344K, reserved 1140736K
  class space    used 13382K, capacity 14466K, committed 14540K, reserved 1048576K
}
Event: 32.427 GC heap before
{Heap before GC invocations=51 (full 0):
 garbage-first heap   total 189440K, used 159365K [0x00000000a0000000, 0x0000000100000000)
  region size 1024K, 37 young (37888K), 4 survivors (4096K)
 Metaspace       used 102583K, capacity 105679K, committed 105984K, reserved 1140736K
  class space    used 13434K, capacity 14544K, committed 14668K, reserved 1048576K
}
Event: 32.435 GC heap after
{Heap after GC invocations=52 (full 0):
 garbage-first heap   total 189440K, used 129095K [0x00000000a0000000, 0x0000000100000000)
  region size 1024K, 3 young (3072K), 3 survivors (3072K)
 Metaspace       used 102583K, capacity 105679K, committed 105984K, reserved 1140736K
  class space    used 13434K, capacity 14544K, committed 14668K, reserved 1048576K
}
Event: 160.090 GC heap before
{Heap before GC invocations=53 (full 0):
 garbage-first heap   total 189440K, used 159815K [0x00000000a0000000, 0x0000000100000000)
  region size 1024K, 34 young (34816K), 3 survivors (3072K)
 Metaspace       used 103171K, capacity 106263K, committed 106496K, reserved 1140736K
  class space    used 13508K, capacity 14625K, committed 14668K, reserved 1048576K
}
Event: 160.100 GC heap after
{Heap after GC invocations=54 (full 0):
 garbage-first heap   total 189440K, used 130007K [0x00000000a0000000, 0x0000000100000000)
  region size 1024K, 4 young (4096K), 4 survivors (4096K)
 Metaspace       used 103171K, capacity 106263K, committed 106496K, reserved 1140736K
  class space    used 13508K, capacity 14625K, committed 14668K, reserved 1048576K
}
Event: 1382.498 GC heap before
{Heap before GC invocations=54 (full 0):
 garbage-first heap   total 189440K, used 161751K [0x00000000a0000000, 0x0000000100000000)
  region size 1024K, 35 young (35840K), 4 survivors (4096K)
 Metaspace       used 103435K, capacity 106589K, committed 106752K, reserved 1140736K
  class space    used 13508K, capacity 14625K, committed 14668K, reserved 1048576K
}
Event: 1382.506 GC heap after
{Heap after GC invocations=55 (full 0):
 garbage-first heap   total 189440K, used 130236K [0x00000000a0000000, 0x0000000100000000)
  region size 1024K, 2 young (2048K), 2 survivors (2048K)
 Metaspace       used 103435K, capacity 106589K, committed 106752K, reserved 1140736K
  class space    used 13508K, capacity 14625K, committed 14668K, reserved 1048576K
}
Event: 2682.091 GC heap before
{Heap before GC invocations=56 (full 0):
 garbage-first heap   total 189440K, used 163004K [0x00000000a0000000, 0x0000000100000000)
  region size 1024K, 34 young (34816K), 2 survivors (2048K)
 Metaspace       used 103475K, capacity 106589K, committed 106752K, reserved 1140736K
  class space    used 13509K, capacity 14625K, committed 14668K, reserved 1048576K
}
Event: 2682.097 GC heap after
{Heap after GC invocations=57 (full 0):
 garbage-first heap   total 189440K, used 129992K [0x00000000a0000000, 0x0000000100000000)
  region size 1024K, 2 young (2048K), 2 survivors (2048K)
 Metaspace       used 103475K, capacity 106589K, committed 106752K, reserved 1140736K
  class space    used 13509K, capacity 14625K, committed 14668K, reserved 1048576K
}
Event: 2962.503 GC heap before
{Heap before GC invocations=57 (full 0):
 garbage-first heap   total 189440K, used 137160K [0x00000000a0000000, 0x0000000100000000)
  region size 1024K, 9 young (9216K), 2 survivors (2048K)
 Metaspace       used 103476K, capacity 106589K, committed 106752K, reserved 1140736K
  class space    used 13509K, capacity 14625K, committed 14668K, reserved 1048576K
}
Event: 2962.508 GC heap after
{Heap after GC invocations=58 (full 0):
 garbage-first heap   total 189440K, used 128120K [0x00000000a0000000, 0x0000000100000000)
  region size 1024K, 1 young (1024K), 1 survivors (1024K)
 Metaspace       used 103476K, capacity 106589K, committed 106752K, reserved 1140736K
  class space    used 13509K, capacity 14625K, committed 14668K, reserved 1048576K
}
Event: 4312.495 GC heap before
{Heap before GC invocations=58 (full 0):
 garbage-first heap   total 189440K, used 162936K [0x00000000a0000000, 0x0000000100000000)
  region size 1024K, 35 young (35840K), 1 survivors (1024K)
 Metaspace       used 103493K, capacity 106598K, committed 106752K, reserved 1140736K
  class space    used 13511K, capacity 14628K, committed 14668K, reserved 1048576K
}
Event: 4312.502 GC heap after
{Heap after GC invocations=59 (full 0):
 garbage-first heap   total 189440K, used 128149K [0x00000000a0000000, 0x0000000100000000)
  region size 1024K, 1 young (1024K), 1 survivors (1024K)
 Metaspace       used 103493K, capacity 106598K, committed 106752K, reserved 1140736K
  class space    used 13511K, capacity 14628K, committed 14668K, reserved 1048576K
}

Deoptimization events (20 events):
Event: 4544.519 Thread 0x0000026be03f0800 Uncommon trap: trap_request=0xffffffde fr.pc=0x0000026bd0c9e360 relative=0x0000000000000560
Event: 4544.519 Thread 0x0000026be03f0800 Uncommon trap: reason=class_check action=maybe_recompile pc=0x0000026bd0c9e360 method=java.util.regex.Pattern$Loop.match(Ljava/util/regex/Matcher;ILjava/lang/CharSequence;)Z @ 192 c2
Event: 4544.519 Thread 0x0000026be03f0800 DEOPT PACKING pc=0x0000026bd0c9e360 sp=0x000000c607bf7a60
Event: 4544.519 Thread 0x0000026be03f0800 DEOPT UNPACKING pc=0x0000026bc8b6a1af sp=0x000000c607bf7a08 mode 2
Event: 4544.519 Thread 0x0000026be03f0800 Uncommon trap: trap_request=0xffffffde fr.pc=0x0000026bd0c9e360 relative=0x0000000000000560
Event: 4544.519 Thread 0x0000026be03f0800 Uncommon trap: reason=class_check action=maybe_recompile pc=0x0000026bd0c9e360 method=java.util.regex.Pattern$Loop.match(Ljava/util/regex/Matcher;ILjava/lang/CharSequence;)Z @ 192 c2
Event: 4544.519 Thread 0x0000026be03f0800 DEOPT PACKING pc=0x0000026bd0c9e360 sp=0x000000c607bf7a50
Event: 4544.519 Thread 0x0000026be03f0800 DEOPT UNPACKING pc=0x0000026bc8b6a1af sp=0x000000c607bf79f8 mode 2
Event: 4544.618 Thread 0x0000026be03f0800 Uncommon trap: trap_request=0xffffffde fr.pc=0x0000026bd0e2b65c relative=0x0000000000002c5c
Event: 4544.618 Thread 0x0000026be03f0800 Uncommon trap: reason=class_check action=maybe_recompile pc=0x0000026bd0e2b65c method=org.gradle.api.internal.attributes.DefaultCompatibilityRuleChain.execute(Lorg/gradle/api/internal/attributes/CompatibilityCheckResult;)V @ 25 c2
Event: 4544.618 Thread 0x0000026be03f0800 DEOPT PACKING pc=0x0000026bd0e2b65c sp=0x000000c607bf8290
Event: 4544.618 Thread 0x0000026be03f0800 DEOPT UNPACKING pc=0x0000026bc8b6a1af sp=0x000000c607bf81d0 mode 2
Event: 4544.649 Thread 0x0000026be03f0800 Uncommon trap: trap_request=0xffffffde fr.pc=0x0000026bd0c9e360 relative=0x0000000000000560
Event: 4544.649 Thread 0x0000026be03f0800 Uncommon trap: reason=class_check action=maybe_recompile pc=0x0000026bd0c9e360 method=java.util.regex.Pattern$Loop.match(Ljava/util/regex/Matcher;ILjava/lang/CharSequence;)Z @ 192 c2
Event: 4544.649 Thread 0x0000026be03f0800 DEOPT PACKING pc=0x0000026bd0c9e360 sp=0x000000c607bf7ae0
Event: 4544.649 Thread 0x0000026be03f0800 DEOPT UNPACKING pc=0x0000026bc8b6a1af sp=0x000000c607bf7a88 mode 2
Event: 4544.649 Thread 0x0000026be03f0800 Uncommon trap: trap_request=0xffffffde fr.pc=0x0000026bd0c9e360 relative=0x0000000000000560
Event: 4544.649 Thread 0x0000026be03f0800 Uncommon trap: reason=class_check action=maybe_recompile pc=0x0000026bd0c9e360 method=java.util.regex.Pattern$Loop.match(Ljava/util/regex/Matcher;ILjava/lang/CharSequence;)Z @ 192 c2
Event: 4544.649 Thread 0x0000026be03f0800 DEOPT PACKING pc=0x0000026bd0c9e360 sp=0x000000c607bf7ad0
Event: 4544.649 Thread 0x0000026be03f0800 DEOPT UNPACKING pc=0x0000026bc8b6a1af sp=0x000000c607bf7a78 mode 2

Classes redefined (0 events):
No events

Internal exceptions (20 events):
Event: 32.479 Thread 0x0000026be8ba2000 Exception <a 'java/lang/ClassNotFoundException'{0x00000000ab2176f0}: org/codehaus/groovy/runtime/HandleMetaClassCustomizer> (0x00000000ab2176f0) thrown at [./src/hotspot/share/classfile/systemDictionary.cpp, line 231]
Event: 32.504 Thread 0x0000026be8ba2000 Exception <a 'java/lang/ClassNotFoundException'{0x00000000ab12c628}: java/util/Collections$SingletonListBeanInfo> (0x00000000ab12c628) thrown at [./src/hotspot/share/classfile/systemDictionary.cpp, line 231]
Event: 32.504 Thread 0x0000026be8ba2000 Exception <a 'java/lang/ClassNotFoundException'{0x00000000ab139240}: java/util/Collections$SingletonListCustomizer> (0x00000000ab139240) thrown at [./src/hotspot/share/classfile/systemDictionary.cpp, line 231]
Event: 32.511 Thread 0x0000026be8ba2000 Exception <a 'java/lang/ClassNotFoundException'{0x00000000ab1b4830}: com/android/build/OutputFileBeanInfo> (0x00000000ab1b4830) thrown at [./src/hotspot/share/classfile/systemDictionary.cpp, line 231]
Event: 32.511 Thread 0x0000026be8ba2000 Exception <a 'java/lang/ClassNotFoundException'{0x00000000ab1c9618}: com/android/build/OutputFileCustomizer> (0x00000000ab1c9618) thrown at [./src/hotspot/share/classfile/systemDictionary.cpp, line 231]
Event: 35.863 Thread 0x0000026be08e3800 Implicit null exception at 0x0000026bd0b7942f to 0x0000026bd0b7947c
Event: 42.497 Thread 0x0000026bded81800 Implicit null exception at 0x0000026bd094fb94 to 0x0000026bd0950110
Event: 42.498 Thread 0x0000026bded81800 Implicit null exception at 0x0000026bd092f814 to 0x0000026bd092fd68
Event: 4543.910 Thread 0x0000026be03ee800 Implicit null exception at 0x0000026bd0790927 to 0x0000026bd0790aa8
Event: 4543.928 Thread 0x0000026be03f0800 Implicit null exception at 0x0000026bd0f94d45 to 0x0000026bd0f98cd8
Event: 4543.929 Thread 0x0000026be03f0800 Implicit null exception at 0x0000026bd07c3ecf to 0x0000026bd07c4264
Event: 4543.966 Thread 0x0000026be03f0800 Implicit null exception at 0x0000026bd0b1e4c4 to 0x0000026bd0b21f3c
Event: 4544.032 Thread 0x0000026be03f0800 Implicit null exception at 0x0000026bd0a1d1d5 to 0x0000026bd0a1d548
Event: 4544.033 Thread 0x0000026be03f0800 Implicit null exception at 0x0000026bd09a311b to 0x0000026bd09a31e4
Event: 4544.033 Thread 0x0000026be03f0800 Implicit null exception at 0x0000026bd0a93afc to 0x0000026bd0a94334
Event: 4544.123 Thread 0x0000026be03f0800 Implicit null exception at 0x0000026bd09e6eba to 0x0000026bd09e7a6c
Event: 4544.322 Thread 0x0000026be03f0800 Exception <a 'java/lang/NoSuchMethodError'{0x00000000aac967f8}: 'java.lang.Object java.lang.invoke.DelegatingMethodHandle$Holder.reinvoke_L(java.lang.Object, java.lang.Object, java.lang.Object, java.lang.Object, java.lang.Object, java.lang.Object, java.lang.Object, java.lang.Object, java.lang.Object, java.lang.Object, java.lang.Object, java.lang.Object, java.lang.Object, java.lang.Object, java.lang.Object, java.lang.Object, java.lang.Object, java.lang.Object, java.lang.Object, java.lang.Object, java.lang.O
Event: 4544.330 Thread 0x0000026be03f0800 Exception <a 'java/lang/NoSuchMethodError'{0x00000000aab02430}: 'java.lang.Object java.lang.invoke.DelegatingMethodHandle$Holder.reinvoke_L(java.lang.Object, java.lang.Object, java.lang.Object, java.lang.Object, java.lang.Object, java.lang.Object, java.lang.Object, java.lang.Object, java.lang.Object, java.lang.Object, java.lang.Object, java.lang.Object, java.lang.Object, java.lang.Object, java.lang.Object, java.lang.Object, java.lang.Object, java.lang.Object, java.lang.Object, java.lang.Object)'> (0x000000
Event: 4544.507 Thread 0x0000026be03f0800 Implicit null exception at 0x0000026bd0eecda7 to 0x0000026bd0eedce8
Event: 4544.507 Thread 0x0000026be03f0800 Implicit null exception at 0x0000026bd0adc8b7 to 0x0000026bd0adcc3c

Events (20 events):
Event: 4544.846 Thread 0x0000026bdf4fe800 Thread added: 0x0000026bdf4fe800
Event: 4544.846 Thread 0x0000026bdf4f9800 Thread added: 0x0000026bdf4f9800
Event: 4544.846 Thread 0x0000026bdf4fb800 Thread added: 0x0000026bdf4fb800
Event: 4544.846 Thread 0x0000026bdf4f9000 Thread added: 0x0000026bdf4f9000
Event: 4544.846 Thread 0x0000026bdf4fa800 Thread added: 0x0000026bdf4fa800
Event: 4544.846 Thread 0x0000026bdf4ff800 Thread added: 0x0000026bdf4ff800
Event: 4544.847 Thread 0x0000026bdf500800 Thread added: 0x0000026bdf500800
Event: 4544.847 Thread 0x0000026bdf501000 Thread added: 0x0000026bdf501000
Event: 4544.847 Thread 0x0000026bdf502800 Thread added: 0x0000026bdf502800
Event: 4544.847 Thread 0x0000026bdf4fe000 Thread added: 0x0000026bdf4fe000
Event: 4544.848 Thread 0x0000026bdf502000 Thread added: 0x0000026bdf502000
Event: 4544.848 Thread 0x0000026bdf4fd000 Thread added: 0x0000026bdf4fd000
Event: 4544.848 Thread 0x0000026bdf503800 Thread added: 0x0000026bdf503800
Event: 4544.848 Thread 0x0000026bdf505000 Thread added: 0x0000026bdf505000
Event: 4544.848 Thread 0x0000026bdf504800 Thread added: 0x0000026bdf504800
Event: 4544.848 Thread 0x0000026bdf506000 Thread added: 0x0000026bdf506000
Event: 4544.848 Thread 0x0000026be02b9800 Thread added: 0x0000026be02b9800
Event: 4544.848 Thread 0x0000026be02ba000 Thread added: 0x0000026be02ba000
Event: 4544.848 Thread 0x0000026be02bb000 Thread added: 0x0000026be02bb000
Event: 4544.848 Thread 0x0000026be02b5800 Thread added: 0x0000026be02b5800


Dynamic libraries:
0x00007ff6fcf20000 - 0x00007ff6fcf2a000 	C:\Program Files\Android\Android Studio\jre\bin\java.exe
0x00007fff190b0000 - 0x00007fff192a7000 	C:\WINDOWS\SYSTEM32\ntdll.dll
0x00007fff17a60000 - 0x00007fff17b1d000 	C:\WINDOWS\System32\KERNEL32.DLL
0x00007fff16880000 - 0x00007fff16b76000 	C:\WINDOWS\System32\KERNELBASE.dll
0x00007fff16f60000 - 0x00007fff17060000 	C:\WINDOWS\System32\ucrtbase.dll
0x00007ffeef8a0000 - 0x00007ffeef8b7000 	C:\Program Files\Android\Android Studio\jre\bin\VCRUNTIME140.dll
0x00007ffeef8c0000 - 0x00007ffeef8d9000 	C:\Program Files\Android\Android Studio\jre\bin\jli.dll
0x00007fff18290000 - 0x00007fff1842e000 	C:\WINDOWS\System32\USER32.dll
0x00007fff0d630000 - 0x00007fff0d8ca000 	C:\WINDOWS\WinSxS\amd64_microsoft.windows.common-controls_6595b64144ccf1df_6.0.19041.3570_none_60bb2a3971f3e41a\COMCTL32.dll
0x00007fff16bb0000 - 0x00007fff16bd2000 	C:\WINDOWS\System32\win32u.dll
0x00007fff17610000 - 0x00007fff176ae000 	C:\WINDOWS\System32\msvcrt.dll
0x00007fff17130000 - 0x00007fff1715c000 	C:\WINDOWS\System32\GDI32.dll
0x00007fff16ce0000 - 0x00007fff16dfa000 	C:\WINDOWS\System32\gdi32full.dll
0x00007fff16790000 - 0x00007fff1682d000 	C:\WINDOWS\System32\msvcp_win.dll
0x00007fff17440000 - 0x00007fff17470000 	C:\WINDOWS\System32\IMM32.DLL
0x00007ffee3470000 - 0x00007ffee350d000 	C:\Program Files\Android\Android Studio\jre\bin\msvcp140.dll
0x00007ffeda570000 - 0x00007ffedb055000 	C:\Program Files\Android\Android Studio\jre\bin\server\jvm.dll
0x00007fff179b0000 - 0x00007fff17a5e000 	C:\WINDOWS\System32\ADVAPI32.dll
0x00007fff176c0000 - 0x00007fff1775c000 	C:\WINDOWS\System32\sechost.dll
0x00007fff177d0000 - 0x00007fff178f6000 	C:\WINDOWS\System32\RPCRT4.dll
0x00007fff176b0000 - 0x00007fff176b8000 	C:\WINDOWS\System32\PSAPI.DLL
0x00007fff09440000 - 0x00007fff09449000 	C:\WINDOWS\SYSTEM32\WSOCK32.dll
0x00007fff17760000 - 0x00007fff177cb000 	C:\WINDOWS\System32\WS2_32.dll
0x00007fff10570000 - 0x00007fff10597000 	C:\WINDOWS\SYSTEM32\WINMM.dll
0x00007fff0c1c0000 - 0x00007fff0c1ca000 	C:\WINDOWS\SYSTEM32\VERSION.dll
0x00007fff14650000 - 0x00007fff14662000 	C:\WINDOWS\SYSTEM32\kernel.appcore.dll
0x00007ffeda550000 - 0x00007ffeda561000 	C:\Program Files\Android\Android Studio\jre\bin\verify.dll
0x00007fff07830000 - 0x00007fff07a14000 	C:\WINDOWS\SYSTEM32\DBGHELP.DLL
0x00007fff07500000 - 0x00007fff07534000 	C:\WINDOWS\SYSTEM32\dbgcore.DLL
0x00007fff16c50000 - 0x00007fff16cd2000 	C:\WINDOWS\System32\bcryptPrimitives.dll
0x00007ffeda520000 - 0x00007ffeda549000 	C:\Program Files\Android\Android Studio\jre\bin\java.dll
0x00007ffeda510000 - 0x00007ffeda51b000 	C:\Program Files\Android\Android Studio\jre\bin\jimage.dll
0x00007ffeda4f0000 - 0x00007ffeda508000 	C:\Program Files\Android\Android Studio\jre\bin\zip.dll
0x00007fff18430000 - 0x00007fff18b74000 	C:\WINDOWS\System32\SHELL32.dll
0x00007fff14850000 - 0x00007fff14feb000 	C:\WINDOWS\SYSTEM32\windows.storage.dll
0x00007fff18d10000 - 0x00007fff19064000 	C:\WINDOWS\System32\combase.dll
0x00007fff16100000 - 0x00007fff1612d000 	C:\WINDOWS\SYSTEM32\Wldp.dll
0x00007fff17900000 - 0x00007fff179ad000 	C:\WINDOWS\System32\SHCORE.dll
0x00007fff175b0000 - 0x00007fff17605000 	C:\WINDOWS\System32\shlwapi.dll
0x00007fff166c0000 - 0x00007fff166e5000 	C:\WINDOWS\SYSTEM32\profapi.dll
0x00007ffeda4d0000 - 0x00007ffeda4ea000 	C:\Program Files\Android\Android Studio\jre\bin\net.dll
0x00007fff102d0000 - 0x00007fff103da000 	C:\WINDOWS\SYSTEM32\WINHTTP.dll
0x00007fff15e60000 - 0x00007fff15eca000 	C:\WINDOWS\system32\mswsock.dll
0x00007ffeda4b0000 - 0x00007ffeda4c4000 	C:\Program Files\Android\Android Studio\jre\bin\nio.dll
0x00007ffeeed90000 - 0x00007ffeeedb7000 	C:\Users\pc\.gradle\native\e1d6ef7f7dcc3fd88c89a11ec53ec762bb8ba0a96d01ffa2cd45eb1d1d8dd5c5\windows-amd64\native-platform.dll
0x00007ffed6e70000 - 0x00007ffed6fb4000 	C:\Users\pc\.gradle\native\0d407fdbe67a94daf76414ababcb853783967236a71b16ec16e742cd7a986fd3\windows-amd64\native-platform-file-events.dll
0x00007ffeda390000 - 0x00007ffeda39a000 	C:\Program Files\Android\Android Studio\jre\bin\management.dll
0x00007ffeda380000 - 0x00007ffeda38d000 	C:\Program Files\Android\Android Studio\jre\bin\management_ext.dll
0x00007fff16050000 - 0x00007fff16068000 	C:\WINDOWS\SYSTEM32\CRYPTSP.dll
0x00007fff15770000 - 0x00007fff157a4000 	C:\WINDOWS\system32\rsaenh.dll
0x00007fff16b80000 - 0x00007fff16ba7000 	C:\WINDOWS\System32\bcrypt.dll
0x00007fff16630000 - 0x00007fff1665e000 	C:\WINDOWS\SYSTEM32\USERENV.dll
0x00007fff16070000 - 0x00007fff1607c000 	C:\WINDOWS\SYSTEM32\CRYPTBASE.dll
0x00007fff15b50000 - 0x00007fff15b8b000 	C:\WINDOWS\SYSTEM32\IPHLPAPI.DLL
0x00007fff173d0000 - 0x00007fff173d8000 	C:\WINDOWS\System32\NSI.dll
0x00007fff10eb0000 - 0x00007fff10ec7000 	C:\WINDOWS\SYSTEM32\dhcpcsvc6.DLL
0x00007fff10e90000 - 0x00007fff10ead000 	C:\WINDOWS\SYSTEM32\dhcpcsvc.DLL
0x00007fff15b90000 - 0x00007fff15c5a000 	C:\WINDOWS\SYSTEM32\DNSAPI.dll

dbghelp: loaded successfully - version: 4.0.5 - missing functions: none
symbol engine: initialized successfully - sym options: 0x614 - pdb path: .;C:\Program Files\Android\Android Studio\jre\bin;C:\WINDOWS\SYSTEM32;C:\WINDOWS\WinSxS\amd64_microsoft.windows.common-controls_6595b64144ccf1df_6.0.19041.3570_none_60bb2a3971f3e41a;C:\Program Files\Android\Android Studio\jre\bin\server;C:\Users\pc\.gradle\native\e1d6ef7f7dcc3fd88c89a11ec53ec762bb8ba0a96d01ffa2cd45eb1d1d8dd5c5\windows-amd64;C:\Users\pc\.gradle\native\0d407fdbe67a94daf76414ababcb853783967236a71b16ec16e742cd7a986fd3\windows-amd64

VM Arguments:
jvm_args: --add-opens=java.base/java.util=ALL-UNNAMED --add-opens=java.base/java.lang=ALL-UNNAMED --add-opens=java.base/java.lang.invoke=ALL-UNNAMED --add-opens=java.base/java.util=ALL-UNNAMED --add-opens=java.prefs/java.util.prefs=ALL-UNNAMED --add-opens=java.prefs/java.util.prefs=ALL-UNNAMED --add-opens=java.base/java.nio.charset=ALL-UNNAMED --add-opens=java.base/java.net=ALL-UNNAMED --add-opens=java.base/java.util.concurrent.atomic=ALL-UNNAMED -Xmx1536M -Dfile.encoding=windows-1252 -Duser.country=US -Duser.language=en -Duser.variant 
java_command: org.gradle.launcher.daemon.bootstrap.GradleDaemon 7.5
java_class_path (initial): C:\Users\pc\.gradle\wrapper\dists\gradle-7.5-all\6qsw290k5lz422uaf8jf6m7co\gradle-7.5\lib\gradle-launcher-7.5.jar
Launcher Type: SUN_STANDARD

[Global flags]
     intx CICompilerCount                          = 3                                         {product} {ergonomic}
     uint ConcGCThreads                            = 1                                         {product} {ergonomic}
     uint G1ConcRefinementThreads                  = 4                                         {product} {ergonomic}
   size_t G1HeapRegionSize                         = 1048576                                   {product} {ergonomic}
    uintx GCDrainStackTargetSize                   = 64                                        {product} {ergonomic}
   size_t InitialHeapSize                          = 134217728                                 {product} {ergonomic}
   size_t MarkStackSize                            = 4194304                                   {product} {ergonomic}
   size_t MaxHeapSize                              = 1610612736                                {product} {command line}
   size_t MaxNewSize                               = 965738496                                 {product} {ergonomic}
   size_t MinHeapDeltaBytes                        = 1048576                                   {product} {ergonomic}
    uintx NonNMethodCodeHeapSize                   = 5830732                                {pd product} {ergonomic}
    uintx NonProfiledCodeHeapSize                  = 122913754                              {pd product} {ergonomic}
    uintx ProfiledCodeHeapSize                     = 122913754                              {pd product} {ergonomic}
    uintx ReservedCodeCacheSize                    = 251658240                              {pd product} {ergonomic}
     bool SegmentedCodeCache                       = true                                      {product} {ergonomic}
     bool UseCompressedClassPointers               = true                                 {lp64_product} {ergonomic}
     bool UseCompressedOops                        = true                                 {lp64_product} {ergonomic}
     bool UseG1GC                                  = true                                      {product} {ergonomic}
     bool UseLargePagesIndividualAllocation        = false                                  {pd product} {ergonomic}

Logging:
Log output configuration:
 #0: stdout all=warning uptime,level,tags
 #1: stderr all=off uptime,level,tags

Environment Variables:
JAVA_HOME=C:\Program Files\Android\Android Studio\jre
CLASSPATH=C:\Users\pc\Downloads\CBI_Flutter_App\android\\gradle\wrapper\gradle-wrapper.jar
PATH=C:\Program Files\Android\Android Studio\jre\bin;C:\Program Files (x86)\Common Files\Oracle\Java\javapath;C:\WINDOWS\system32;C:\WINDOWS;C:\WINDOWS\System32\Wbem;C:\WINDOWS\System32\WindowsPowerShell\v1.0\;C:\WINDOWS\System32\OpenSSH\;C:\Program Files\Git\cmd;C:\MinGW\bin;C:\Program Files\dotnet\;C:\Users\pc\AppData\Local\Microsoft\WindowsApps;C:\Users\pc\Downloads\flutter\bin;;C:\Users\pc\AppData\Local\Programs\Microsoft VS Code\bin;C:\Users\pc\Downloads\flutter\bin\mingit\cmd
USERNAME=pc
OS=Windows_NT
PROCESSOR_IDENTIFIER=Intel64 Family 6 Model 58 Stepping 9, GenuineIntel



---------------  S Y S T E M  ---------------

OS: Windows 10 , 64 bit Build 19041 (10.0.19041.3570)
OS uptime: 0 days 1:39 hours

CPU:total 4 (initial active 4) (4 cores per cpu, 1 threads per core) family 6 model 58 stepping 9 microcode 0x21, cmov, cx8, fxsr, mmx, sse, sse2, sse3, ssse3, sse4.1, sse4.2, popcnt, avx, aes, clmul, erms, tsc, tscinvbit, tscinv

Memory: 4k page, system-wide physical 8065M (892M free)
TotalPageFile size 10113M (AvailPageFile size 1M)
current process WorkingSet (physical memory assigned to process): 375M, peak: 481M
current process commit charge ("private bytes"): 513M, peak: 514M

vm_info: OpenJDK 64-Bit Server VM (11.0.12+7-b1504.28-7817840) for windows-amd64 JRE (11.0.12+7-b1504.28-7817840), built on Oct 13 2021 22:12:33 by "builder" with MS VC++ 14.0 (VS2015)

END.
