#
# There is insufficient memory for the Java Runtime Environment to continue.
# Native memory allocation (malloc) failed to allocate 180416 bytes for Chunk::new
# Possible reasons:
#   The system is out of physical RAM or swap space
#   The process is running with CompressedOops enabled, and the Java Heap may be blocking the growth of the native heap
# Possible solutions:
#   Reduce memory load on the system
#   Increase physical memory or swap space
#   Check if swap backing store is full
#   Decrease Java heap size (-Xmx/-Xms)
#   Decrease number of Java threads
#   Decrease Java thread stack sizes (-Xss)
#   Set larger code cache with -XX:ReservedCodeCacheSize=
#   JVM is running with Unscaled Compressed Oops mode in which the Java heap is
#     placed in the first 4GB address space. The Java Heap base address is the
#     maximum limit for the native heap growth. Please use -XX:HeapBaseMinAddress
#     to set the Java Heap base and to place the Java Heap above 4GB virtual address.
# This output file may be truncated or incomplete.
#
#  Out of Memory Error (./src/hotspot/share/memory/arena.cpp:197), pid=6112, tid=5684
#
# JRE version: OpenJDK Runtime Environment (11.0.12+7) (build 11.0.12+7-b1504.28-7817840)
# Java VM: OpenJDK 64-Bit Server VM (11.0.12+7-b1504.28-7817840, mixed mode, tiered, compressed oops, g1 gc, windows-amd64)
# No core dump will be written. Minidumps are not enabled by default on client versions of Windows
#

---------------  S U M M A R Y ------------

Command Line: -Dorg.gradle.appname=gradlew org.gradle.wrapper.GradleWrapperMain -q -Ptarget-platform=android-arm64 -Ptarget=C:\Users\pc\Downloads\CBI_Flutter_App\lib\main.dart -Pbase-application-name=android.app.Application -Pdart-defines=Zmx1dHRlci5pbnNwZWN0b3Iuc3RydWN0dXJlZEVycm9ycz10cnVl,RkxVVFRFUl9XRUJfQVVUT19ERVRFQ1Q9dHJ1ZQ==,RkxVVFRFUl9XRUJfQ0FOVkFTS0lUX1VSTD1odHRwczovL3d3dy5nc3RhdGljLmNvbS9mbHV0dGVyLWNhbnZhc2tpdC8wNTQ1Zjg3MDVkZjMwMTg3N2Q3ODcxMDdiYWMxYTZlOWZjOWVlMWFkLw== -Pdart-obfuscation=false -Ptrack-widget-creation=true -Ptree-shake-icons=false -Pfilesystem-scheme=org-dartlang-root assembleDebug

Host: Intel(R) Core(TM) i5-3470 CPU @ 3.20GHz, 4 cores, 7G,  Windows 10 , 64 bit Build 19041 (10.0.19041.3570)
Time: Thu Nov  2 14:07:42 2023 India Standard Time elapsed time: 0.864436 seconds (0d 0h 0m 0s)

---------------  T H R E A D  ---------------

Current thread (0x000001c8d658a800):  JavaThread "C2 CompilerThread0" daemon [_thread_in_native, id=5684, stack(0x000000954f500000,0x000000954f600000)]


Current CompileTask:
C2:    864  789   !   4       java.util.jar.JarFile::checkForSpecialAttributes (163 bytes)

Stack: [0x000000954f500000,0x000000954f600000]
Native frames: (J=compiled Java code, j=interpreted, Vv=VM code, C=native code)
V  [jvm.dll+0x5fbcea]
V  [jvm.dll+0x731905]
V  [jvm.dll+0x732f1d]
V  [jvm.dll+0x7335d3]
V  [jvm.dll+0x247bf8]
V  [jvm.dll+0xc018c]
V  [jvm.dll+0xc06cc]
V  [jvm.dll+0x2bcc04]
V  [jvm.dll+0x5113a8]
V  [jvm.dll+0x201b42]
V  [jvm.dll+0x1ff71f]
V  [jvm.dll+0x18868c]
V  [jvm.dll+0x20e0d7]
V  [jvm.dll+0x20c901]
V  [jvm.dll+0x6f9b7f]
V  [jvm.dll+0x6f26a5]
V  [jvm.dll+0x5fabf6]
C  [ucrtbase.dll+0x21bb2]
C  [KERNEL32.DLL+0x17344]
C  [ntdll.dll+0x526b1]


---------------  P R O C E S S  ---------------

Threads class SMR info:
_java_thread_list=0x000001c8d7031ba0, length=10, elements={
0x000001c8bca4d800, 0x000001c8d656b000, 0x000001c8d656c000, 0x000001c8d6582000,
0x000001c8d6585800, 0x000001c8d6587800, 0x000001c8d658a800, 0x000001c8d6599800,
0x000001c8d65a5000, 0x000001c8d7042800
}

Java Threads: ( => current thread )
  0x000001c8bca4d800 JavaThread "main" [_thread_in_native, id=9876, stack(0x000000954e900000,0x000000954ea00000)]
  0x000001c8d656b000 JavaThread "Reference Handler" daemon [_thread_blocked, id=8908, stack(0x000000954f000000,0x000000954f100000)]
  0x000001c8d656c000 JavaThread "Finalizer" daemon [_thread_blocked, id=3436, stack(0x000000954f100000,0x000000954f200000)]
  0x000001c8d6582000 JavaThread "Signal Dispatcher" daemon [_thread_blocked, id=4108, stack(0x000000954f200000,0x000000954f300000)]
  0x000001c8d6585800 JavaThread "Attach Listener" daemon [_thread_blocked, id=10008, stack(0x000000954f300000,0x000000954f400000)]
  0x000001c8d6587800 JavaThread "Service Thread" daemon [_thread_blocked, id=8992, stack(0x000000954f400000,0x000000954f500000)]
=>0x000001c8d658a800 JavaThread "C2 CompilerThread0" daemon [_thread_in_native, id=5684, stack(0x000000954f500000,0x000000954f600000)]
  0x000001c8d6599800 JavaThread "C1 CompilerThread0" daemon [_thread_in_vm, id=10268, stack(0x000000954f600000,0x000000954f700000)]
  0x000001c8d65a5000 JavaThread "Sweeper thread" daemon [_thread_blocked, id=9748, stack(0x000000954f700000,0x000000954f800000)]
  0x000001c8d7042800 JavaThread "Common-Cleaner" daemon [_thread_blocked, id=6812, stack(0x000000954f900000,0x000000954fa00000)]

Other Threads:
  0x000001c8d6543800 VMThread "VM Thread" [stack: 0x000000954ef00000,0x000000954f000000] [id=8252]
  0x000001c8d703a000 WatcherThread [stack: 0x000000954f800000,0x000000954f900000] [id=9608]
  0x000001c8bca66000 GCTaskThread "GC Thread#0" [stack: 0x000000954ea00000,0x000000954eb00000] [id=5284]
  0x000001c8d732d000 GCTaskThread "GC Thread#1" [stack: 0x000000954fa00000,0x000000954fb00000] [id=8604]
  0x000001c8d75f2800 GCTaskThread "GC Thread#2" [stack: 0x000000954fb00000,0x000000954fc00000] [id=4236]
  0x000001c8bca95800 ConcurrentGCThread "G1 Main Marker" [stack: 0x000000954eb00000,0x000000954ec00000] [id=4368]
  0x000001c8bca98000 ConcurrentGCThread "G1 Conc#0" [stack: 0x000000954ec00000,0x000000954ed00000] [id=9160]
  0x000001c8bcb28800 ConcurrentGCThread "G1 Refine#0" [stack: 0x000000954ed00000,0x000000954ee00000] [id=6148]
  0x000001c8bcb29800 ConcurrentGCThread "G1 Young RemSet Sampling" [stack: 0x000000954ee00000,0x000000954ef00000] [id=4608]

Threads with active compile tasks:
C2 CompilerThread0    926  789   !   4       java.util.jar.JarFile::checkForSpecialAttributes (163 bytes)
C1 CompilerThread0    926  821       3       java.lang.invoke.MemberName::getMethodOrFieldType (72 bytes)

VM state:not at safepoint (normal execution)

VM Mutex/Monitor currently owned by a thread: None

Heap address: 0x0000000081e00000, size: 2018 MB, Compressed Oops mode: 32-bit
Narrow klass base: 0x0000000000000000, Narrow klass shift: 3
Compressed class space size: 1073741824 Address: 0x0000000100000000

Heap:
 garbage-first heap   total 131072K, used 14574K [0x0000000081e00000, 0x0000000100000000)
  region size 1024K, 11 young (11264K), 2 survivors (2048K)
 Metaspace       used 9906K, capacity 10158K, committed 10368K, reserved 1058816K
  class space    used 998K, capacity 1065K, committed 1152K, reserved 1048576K
Heap Regions: E=young(eden), S=young(survivor), O=old, HS=humongous(starts), HC=humongous(continues), CS=collection set, F=free, A=archive, TAMS=top-at-mark-start (previous, next)
|   0|0x0000000081e00000, 0x0000000081f00000, 0x0000000081f00000|100%|HS|  |TAMS 0x0000000081e00000, 0x0000000081e00000| Complete 
|   1|0x0000000081f00000, 0x0000000082000000, 0x0000000082000000|100%|HC|  |TAMS 0x0000000081f00000, 0x0000000081f00000| Complete 
|   2|0x0000000082000000, 0x0000000082100000, 0x0000000082100000|100%|HC|  |TAMS 0x0000000082000000, 0x0000000082000000| Complete 
|   3|0x0000000082100000, 0x0000000082200000, 0x0000000082200000|100%| O|  |TAMS 0x0000000082100000, 0x0000000082100000| Untracked 
|   4|0x0000000082200000, 0x000000008223b800, 0x0000000082300000| 23%| O|  |TAMS 0x0000000082200000, 0x0000000082200000| Untracked 
|   5|0x0000000082300000, 0x0000000082300000, 0x0000000082400000|  0%| F|  |TAMS 0x0000000082300000, 0x0000000082300000| Untracked 
|   6|0x0000000082400000, 0x0000000082400000, 0x0000000082500000|  0%| F|  |TAMS 0x0000000082400000, 0x0000000082400000| Untracked 
|   7|0x0000000082500000, 0x0000000082500000, 0x0000000082600000|  0%| F|  |TAMS 0x0000000082500000, 0x0000000082500000| Untracked 
|   8|0x0000000082600000, 0x0000000082600000, 0x0000000082700000|  0%| F|  |TAMS 0x0000000082600000, 0x0000000082600000| Untracked 
|   9|0x0000000082700000, 0x0000000082700000, 0x0000000082800000|  0%| F|  |TAMS 0x0000000082700000, 0x0000000082700000| Untracked 
|  10|0x0000000082800000, 0x0000000082800000, 0x0000000082900000|  0%| F|  |TAMS 0x0000000082800000, 0x0000000082800000| Untracked 
|  11|0x0000000082900000, 0x0000000082900000, 0x0000000082a00000|  0%| F|  |TAMS 0x0000000082900000, 0x0000000082900000| Untracked 
|  12|0x0000000082a00000, 0x0000000082a00000, 0x0000000082b00000|  0%| F|  |TAMS 0x0000000082a00000, 0x0000000082a00000| Untracked 
|  13|0x0000000082b00000, 0x0000000082b00000, 0x0000000082c00000|  0%| F|  |TAMS 0x0000000082b00000, 0x0000000082b00000| Untracked 
|  14|0x0000000082c00000, 0x0000000082c00000, 0x0000000082d00000|  0%| F|  |TAMS 0x0000000082c00000, 0x0000000082c00000| Untracked 
|  15|0x0000000082d00000, 0x0000000082d00000, 0x0000000082e00000|  0%| F|  |TAMS 0x0000000082d00000, 0x0000000082d00000| Untracked 
|  16|0x0000000082e00000, 0x0000000082e00000, 0x0000000082f00000|  0%| F|  |TAMS 0x0000000082e00000, 0x0000000082e00000| Untracked 
|  17|0x0000000082f00000, 0x0000000082f00000, 0x0000000083000000|  0%| F|  |TAMS 0x0000000082f00000, 0x0000000082f00000| Untracked 
|  18|0x0000000083000000, 0x0000000083000000, 0x0000000083100000|  0%| F|  |TAMS 0x0000000083000000, 0x0000000083000000| Untracked 
|  19|0x0000000083100000, 0x0000000083100000, 0x0000000083200000|  0%| F|  |TAMS 0x0000000083100000, 0x0000000083100000| Untracked 
|  20|0x0000000083200000, 0x0000000083200000, 0x0000000083300000|  0%| F|  |TAMS 0x0000000083200000, 0x0000000083200000| Untracked 
|  21|0x0000000083300000, 0x0000000083300000, 0x0000000083400000|  0%| F|  |TAMS 0x0000000083300000, 0x0000000083300000| Untracked 
|  22|0x0000000083400000, 0x0000000083400000, 0x0000000083500000|  0%| F|  |TAMS 0x0000000083400000, 0x0000000083400000| Untracked 
|  23|0x0000000083500000, 0x0000000083500000, 0x0000000083600000|  0%| F|  |TAMS 0x0000000083500000, 0x0000000083500000| Untracked 
|  24|0x0000000083600000, 0x0000000083600000, 0x0000000083700000|  0%| F|  |TAMS 0x0000000083600000, 0x0000000083600000| Untracked 
|  25|0x0000000083700000, 0x0000000083700000, 0x0000000083800000|  0%| F|  |TAMS 0x0000000083700000, 0x0000000083700000| Untracked 
|  26|0x0000000083800000, 0x0000000083800000, 0x0000000083900000|  0%| F|  |TAMS 0x0000000083800000, 0x0000000083800000| Untracked 
|  27|0x0000000083900000, 0x0000000083900000, 0x0000000083a00000|  0%| F|  |TAMS 0x0000000083900000, 0x0000000083900000| Untracked 
|  28|0x0000000083a00000, 0x0000000083a00000, 0x0000000083b00000|  0%| F|  |TAMS 0x0000000083a00000, 0x0000000083a00000| Untracked 
|  29|0x0000000083b00000, 0x0000000083b00000, 0x0000000083c00000|  0%| F|  |TAMS 0x0000000083b00000, 0x0000000083b00000| Untracked 
|  30|0x0000000083c00000, 0x0000000083c00000, 0x0000000083d00000|  0%| F|  |TAMS 0x0000000083c00000, 0x0000000083c00000| Untracked 
|  31|0x0000000083d00000, 0x0000000083d00000, 0x0000000083e00000|  0%| F|  |TAMS 0x0000000083d00000, 0x0000000083d00000| Untracked 
|  32|0x0000000083e00000, 0x0000000083e00000, 0x0000000083f00000|  0%| F|  |TAMS 0x0000000083e00000, 0x0000000083e00000| Untracked 
|  33|0x0000000083f00000, 0x0000000083f00000, 0x0000000084000000|  0%| F|  |TAMS 0x0000000083f00000, 0x0000000083f00000| Untracked 
|  34|0x0000000084000000, 0x0000000084000000, 0x0000000084100000|  0%| F|  |TAMS 0x0000000084000000, 0x0000000084000000| Untracked 
|  35|0x0000000084100000, 0x0000000084100000, 0x0000000084200000|  0%| F|  |TAMS 0x0000000084100000, 0x0000000084100000| Untracked 
|  36|0x0000000084200000, 0x0000000084200000, 0x0000000084300000|  0%| F|  |TAMS 0x0000000084200000, 0x0000000084200000| Untracked 
|  37|0x0000000084300000, 0x0000000084300000, 0x0000000084400000|  0%| F|  |TAMS 0x0000000084300000, 0x0000000084300000| Untracked 
|  38|0x0000000084400000, 0x0000000084400000, 0x0000000084500000|  0%| F|  |TAMS 0x0000000084400000, 0x0000000084400000| Untracked 
|  39|0x0000000084500000, 0x0000000084500000, 0x0000000084600000|  0%| F|  |TAMS 0x0000000084500000, 0x0000000084500000| Untracked 
|  40|0x0000000084600000, 0x0000000084600000, 0x0000000084700000|  0%| F|  |TAMS 0x0000000084600000, 0x0000000084600000| Untracked 
|  41|0x0000000084700000, 0x0000000084700000, 0x0000000084800000|  0%| F|  |TAMS 0x0000000084700000, 0x0000000084700000| Untracked 
|  42|0x0000000084800000, 0x0000000084800000, 0x0000000084900000|  0%| F|  |TAMS 0x0000000084800000, 0x0000000084800000| Untracked 
|  43|0x0000000084900000, 0x0000000084900000, 0x0000000084a00000|  0%| F|  |TAMS 0x0000000084900000, 0x0000000084900000| Untracked 
|  44|0x0000000084a00000, 0x0000000084a00000, 0x0000000084b00000|  0%| F|  |TAMS 0x0000000084a00000, 0x0000000084a00000| Untracked 
|  45|0x0000000084b00000, 0x0000000084b00000, 0x0000000084c00000|  0%| F|  |TAMS 0x0000000084b00000, 0x0000000084b00000| Untracked 
|  46|0x0000000084c00000, 0x0000000084c00000, 0x0000000084d00000|  0%| F|  |TAMS 0x0000000084c00000, 0x0000000084c00000| Untracked 
|  47|0x0000000084d00000, 0x0000000084d00000, 0x0000000084e00000|  0%| F|  |TAMS 0x0000000084d00000, 0x0000000084d00000| Untracked 
|  48|0x0000000084e00000, 0x0000000084e00000, 0x0000000084f00000|  0%| F|  |TAMS 0x0000000084e00000, 0x0000000084e00000| Untracked 
|  49|0x0000000084f00000, 0x0000000084f00000, 0x0000000085000000|  0%| F|  |TAMS 0x0000000084f00000, 0x0000000084f00000| Untracked 
|  50|0x0000000085000000, 0x0000000085000000, 0x0000000085100000|  0%| F|  |TAMS 0x0000000085000000, 0x0000000085000000| Untracked 
|  51|0x0000000085100000, 0x0000000085100000, 0x0000000085200000|  0%| F|  |TAMS 0x0000000085100000, 0x0000000085100000| Untracked 
|  52|0x0000000085200000, 0x0000000085200000, 0x0000000085300000|  0%| F|  |TAMS 0x0000000085200000, 0x0000000085200000| Untracked 
|  53|0x0000000085300000, 0x0000000085300000, 0x0000000085400000|  0%| F|  |TAMS 0x0000000085300000, 0x0000000085300000| Untracked 
|  54|0x0000000085400000, 0x0000000085400000, 0x0000000085500000|  0%| F|  |TAMS 0x0000000085400000, 0x0000000085400000| Untracked 
|  55|0x0000000085500000, 0x0000000085500000, 0x0000000085600000|  0%| F|  |TAMS 0x0000000085500000, 0x0000000085500000| Untracked 
|  56|0x0000000085600000, 0x0000000085600000, 0x0000000085700000|  0%| F|  |TAMS 0x0000000085600000, 0x0000000085600000| Untracked 
|  57|0x0000000085700000, 0x0000000085700000, 0x0000000085800000|  0%| F|  |TAMS 0x0000000085700000, 0x0000000085700000| Untracked 
|  58|0x0000000085800000, 0x0000000085800000, 0x0000000085900000|  0%| F|  |TAMS 0x0000000085800000, 0x0000000085800000| Untracked 
|  59|0x0000000085900000, 0x0000000085900000, 0x0000000085a00000|  0%| F|  |TAMS 0x0000000085900000, 0x0000000085900000| Untracked 
|  60|0x0000000085a00000, 0x0000000085a00000, 0x0000000085b00000|  0%| F|  |TAMS 0x0000000085a00000, 0x0000000085a00000| Untracked 
|  61|0x0000000085b00000, 0x0000000085b00000, 0x0000000085c00000|  0%| F|  |TAMS 0x0000000085b00000, 0x0000000085b00000| Untracked 
|  62|0x0000000085c00000, 0x0000000085c00000, 0x0000000085d00000|  0%| F|  |TAMS 0x0000000085c00000, 0x0000000085c00000| Untracked 
|  63|0x0000000085d00000, 0x0000000085d00000, 0x0000000085e00000|  0%| F|  |TAMS 0x0000000085d00000, 0x0000000085d00000| Untracked 
|  64|0x0000000085e00000, 0x0000000085e00000, 0x0000000085f00000|  0%| F|  |TAMS 0x0000000085e00000, 0x0000000085e00000| Untracked 
|  65|0x0000000085f00000, 0x0000000085f00000, 0x0000000086000000|  0%| F|  |TAMS 0x0000000085f00000, 0x0000000085f00000| Untracked 
|  66|0x0000000086000000, 0x0000000086000000, 0x0000000086100000|  0%| F|  |TAMS 0x0000000086000000, 0x0000000086000000| Untracked 
|  67|0x0000000086100000, 0x0000000086100000, 0x0000000086200000|  0%| F|  |TAMS 0x0000000086100000, 0x0000000086100000| Untracked 
|  68|0x0000000086200000, 0x0000000086200000, 0x0000000086300000|  0%| F|  |TAMS 0x0000000086200000, 0x0000000086200000| Untracked 
|  69|0x0000000086300000, 0x0000000086300000, 0x0000000086400000|  0%| F|  |TAMS 0x0000000086300000, 0x0000000086300000| Untracked 
|  70|0x0000000086400000, 0x0000000086400000, 0x0000000086500000|  0%| F|  |TAMS 0x0000000086400000, 0x0000000086400000| Untracked 
|  71|0x0000000086500000, 0x0000000086500000, 0x0000000086600000|  0%| F|  |TAMS 0x0000000086500000, 0x0000000086500000| Untracked 
|  72|0x0000000086600000, 0x0000000086600000, 0x0000000086700000|  0%| F|  |TAMS 0x0000000086600000, 0x0000000086600000| Untracked 
|  73|0x0000000086700000, 0x0000000086700000, 0x0000000086800000|  0%| F|  |TAMS 0x0000000086700000, 0x0000000086700000| Untracked 
|  74|0x0000000086800000, 0x0000000086800000, 0x0000000086900000|  0%| F|  |TAMS 0x0000000086800000, 0x0000000086800000| Untracked 
|  75|0x0000000086900000, 0x0000000086900000, 0x0000000086a00000|  0%| F|  |TAMS 0x0000000086900000, 0x0000000086900000| Untracked 
|  76|0x0000000086a00000, 0x0000000086a00000, 0x0000000086b00000|  0%| F|  |TAMS 0x0000000086a00000, 0x0000000086a00000| Untracked 
|  77|0x0000000086b00000, 0x0000000086b00000, 0x0000000086c00000|  0%| F|  |TAMS 0x0000000086b00000, 0x0000000086b00000| Untracked 
|  78|0x0000000086c00000, 0x0000000086c00000, 0x0000000086d00000|  0%| F|  |TAMS 0x0000000086c00000, 0x0000000086c00000| Untracked 
|  79|0x0000000086d00000, 0x0000000086d00000, 0x0000000086e00000|  0%| F|  |TAMS 0x0000000086d00000, 0x0000000086d00000| Untracked 
|  80|0x0000000086e00000, 0x0000000086e00000, 0x0000000086f00000|  0%| F|  |TAMS 0x0000000086e00000, 0x0000000086e00000| Untracked 
|  81|0x0000000086f00000, 0x0000000086f00000, 0x0000000087000000|  0%| F|  |TAMS 0x0000000086f00000, 0x0000000086f00000| Untracked 
|  82|0x0000000087000000, 0x0000000087000000, 0x0000000087100000|  0%| F|  |TAMS 0x0000000087000000, 0x0000000087000000| Untracked 
|  83|0x0000000087100000, 0x0000000087100000, 0x0000000087200000|  0%| F|  |TAMS 0x0000000087100000, 0x0000000087100000| Untracked 
|  84|0x0000000087200000, 0x0000000087200000, 0x0000000087300000|  0%| F|  |TAMS 0x0000000087200000, 0x0000000087200000| Untracked 
|  85|0x0000000087300000, 0x0000000087300000, 0x0000000087400000|  0%| F|  |TAMS 0x0000000087300000, 0x0000000087300000| Untracked 
|  86|0x0000000087400000, 0x0000000087400000, 0x0000000087500000|  0%| F|  |TAMS 0x0000000087400000, 0x0000000087400000| Untracked 
|  87|0x0000000087500000, 0x0000000087500000, 0x0000000087600000|  0%| F|  |TAMS 0x0000000087500000, 0x0000000087500000| Untracked 
|  88|0x0000000087600000, 0x0000000087600000, 0x0000000087700000|  0%| F|  |TAMS 0x0000000087600000, 0x0000000087600000| Untracked 
|  89|0x0000000087700000, 0x0000000087700000, 0x0000000087800000|  0%| F|  |TAMS 0x0000000087700000, 0x0000000087700000| Untracked 
|  90|0x0000000087800000, 0x0000000087800000, 0x0000000087900000|  0%| F|  |TAMS 0x0000000087800000, 0x0000000087800000| Untracked 
|  91|0x0000000087900000, 0x0000000087900000, 0x0000000087a00000|  0%| F|  |TAMS 0x0000000087900000, 0x0000000087900000| Untracked 
|  92|0x0000000087a00000, 0x0000000087a00000, 0x0000000087b00000|  0%| F|  |TAMS 0x0000000087a00000, 0x0000000087a00000| Untracked 
|  93|0x0000000087b00000, 0x0000000087b00000, 0x0000000087c00000|  0%| F|  |TAMS 0x0000000087b00000, 0x0000000087b00000| Untracked 
|  94|0x0000000087c00000, 0x0000000087c00000, 0x0000000087d00000|  0%| F|  |TAMS 0x0000000087c00000, 0x0000000087c00000| Untracked 
|  95|0x0000000087d00000, 0x0000000087d00000, 0x0000000087e00000|  0%| F|  |TAMS 0x0000000087d00000, 0x0000000087d00000| Untracked 
|  96|0x0000000087e00000, 0x0000000087e00000, 0x0000000087f00000|  0%| F|  |TAMS 0x0000000087e00000, 0x0000000087e00000| Untracked 
|  97|0x0000000087f00000, 0x0000000087f00000, 0x0000000088000000|  0%| F|  |TAMS 0x0000000087f00000, 0x0000000087f00000| Untracked 
|  98|0x0000000088000000, 0x0000000088000000, 0x0000000088100000|  0%| F|  |TAMS 0x0000000088000000, 0x0000000088000000| Untracked 
|  99|0x0000000088100000, 0x0000000088100000, 0x0000000088200000|  0%| F|  |TAMS 0x0000000088100000, 0x0000000088100000| Untracked 
| 100|0x0000000088200000, 0x0000000088200000, 0x0000000088300000|  0%| F|  |TAMS 0x0000000088200000, 0x0000000088200000| Untracked 
| 101|0x0000000088300000, 0x0000000088300000, 0x0000000088400000|  0%| F|  |TAMS 0x0000000088300000, 0x0000000088300000| Untracked 
| 102|0x0000000088400000, 0x0000000088400000, 0x0000000088500000|  0%| F|  |TAMS 0x0000000088400000, 0x0000000088400000| Untracked 
| 103|0x0000000088500000, 0x0000000088500000, 0x0000000088600000|  0%| F|  |TAMS 0x0000000088500000, 0x0000000088500000| Untracked 
| 104|0x0000000088600000, 0x0000000088600000, 0x0000000088700000|  0%| F|  |TAMS 0x0000000088600000, 0x0000000088600000| Untracked 
| 105|0x0000000088700000, 0x0000000088700000, 0x0000000088800000|  0%| F|  |TAMS 0x0000000088700000, 0x0000000088700000| Untracked 
| 106|0x0000000088800000, 0x0000000088800000, 0x0000000088900000|  0%| F|  |TAMS 0x0000000088800000, 0x0000000088800000| Untracked 
| 107|0x0000000088900000, 0x0000000088900000, 0x0000000088a00000|  0%| F|  |TAMS 0x0000000088900000, 0x0000000088900000| Untracked 
| 108|0x0000000088a00000, 0x0000000088a00000, 0x0000000088b00000|  0%| F|  |TAMS 0x0000000088a00000, 0x0000000088a00000| Untracked 
| 109|0x0000000088b00000, 0x0000000088b00000, 0x0000000088c00000|  0%| F|  |TAMS 0x0000000088b00000, 0x0000000088b00000| Untracked 
| 110|0x0000000088c00000, 0x0000000088c00000, 0x0000000088d00000|  0%| F|  |TAMS 0x0000000088c00000, 0x0000000088c00000| Untracked 
| 111|0x0000000088d00000, 0x0000000088d00000, 0x0000000088e00000|  0%| F|  |TAMS 0x0000000088d00000, 0x0000000088d00000| Untracked 
| 112|0x0000000088e00000, 0x0000000088f00000, 0x0000000088f00000|100%| S|CS|TAMS 0x0000000088e00000, 0x0000000088e00000| Complete 
| 113|0x0000000088f00000, 0x0000000089000000, 0x0000000089000000|100%| S|CS|TAMS 0x0000000088f00000, 0x0000000088f00000| Complete 
| 114|0x0000000089000000, 0x0000000089000000, 0x0000000089100000|  0%| F|  |TAMS 0x0000000089000000, 0x0000000089000000| Untracked 
| 115|0x0000000089100000, 0x0000000089100000, 0x0000000089200000|  0%| F|  |TAMS 0x0000000089100000, 0x0000000089100000| Untracked 
| 116|0x0000000089200000, 0x0000000089200000, 0x0000000089300000|  0%| F|  |TAMS 0x0000000089200000, 0x0000000089200000| Untracked 
| 117|0x0000000089300000, 0x0000000089300000, 0x0000000089400000|  0%| F|  |TAMS 0x0000000089300000, 0x0000000089300000| Untracked 
| 118|0x0000000089400000, 0x0000000089400000, 0x0000000089500000|  0%| F|  |TAMS 0x0000000089400000, 0x0000000089400000| Untracked 
| 119|0x0000000089500000, 0x0000000089580800, 0x0000000089600000| 50%| E|  |TAMS 0x0000000089500000, 0x0000000089500000| Complete 
| 120|0x0000000089600000, 0x0000000089700000, 0x0000000089700000|100%| E|CS|TAMS 0x0000000089600000, 0x0000000089600000| Complete 
| 121|0x0000000089700000, 0x0000000089800000, 0x0000000089800000|100%| E|CS|TAMS 0x0000000089700000, 0x0000000089700000| Complete 
| 122|0x0000000089800000, 0x0000000089900000, 0x0000000089900000|100%| E|CS|TAMS 0x0000000089800000, 0x0000000089800000| Complete 
| 123|0x0000000089900000, 0x0000000089a00000, 0x0000000089a00000|100%| E|CS|TAMS 0x0000000089900000, 0x0000000089900000| Complete 
| 124|0x0000000089a00000, 0x0000000089b00000, 0x0000000089b00000|100%| E|CS|TAMS 0x0000000089a00000, 0x0000000089a00000| Complete 
| 125|0x0000000089b00000, 0x0000000089c00000, 0x0000000089c00000|100%| E|CS|TAMS 0x0000000089b00000, 0x0000000089b00000| Complete 
| 126|0x0000000089c00000, 0x0000000089d00000, 0x0000000089d00000|100%| E|CS|TAMS 0x0000000089c00000, 0x0000000089c00000| Complete 
| 127|0x0000000089d00000, 0x0000000089e00000, 0x0000000089e00000|100%| E|CS|TAMS 0x0000000089d00000, 0x0000000089d00000| Complete 

Card table byte_map: [0x000001c8cf960000,0x000001c8cfd60000] _byte_map_base: 0x000001c8cf551000

Marking Bits (Prev, Next): (CMBitMap*) 0x000001c8bca8cc58, (CMBitMap*) 0x000001c8bca8cc90
 Prev Bits: [0x000001c8d0160000, 0x000001c8d20e8000)
 Next Bits: [0x000001c8d20f0000, 0x000001c8d4078000)

Polling page: 0x000001c8baa60000

Metaspace:

Usage:
  Non-class:      8.88 MB capacity,     8.73 MB ( 98%) used,   140.63 KB (  2%) free+waste,    10.13 KB ( <1%) overhead. 
      Class:      1.04 MB capacity,  1001.46 KB ( 94%) used,    58.73 KB (  6%) free+waste,     4.81 KB ( <1%) overhead. 
       Both:      9.92 MB capacity,     9.71 MB ( 98%) used,   199.36 KB (  2%) free+waste,    14.94 KB ( <1%) overhead. 

Virtual space:
  Non-class space:       10.00 MB reserved,       9.00 MB ( 90%) committed 
      Class space:        1.00 GB reserved,       1.13 MB ( <1%) committed 
             Both:        1.01 GB reserved,      10.13 MB ( <1%) committed 

Chunk freelists:
   Non-Class:  59.00 KB
       Class:  23.00 KB
        Both:  82.00 KB

MaxMetaspaceSize: 17179869184.00 GB
CompressedClassSpaceSize: 1.00 GB
Initial GC threshold: 20.80 MB
Current GC threshold: 20.80 MB
CDS: off

CodeHeap 'non-profiled nmethods': size=120064Kb used=260Kb max_used=260Kb free=119803Kb
 bounds [0x000001c8c8020000, 0x000001c8c8290000, 0x000001c8cf560000]
CodeHeap 'profiled nmethods': size=120000Kb used=1537Kb max_used=1537Kb free=118462Kb
 bounds [0x000001c8c0af0000, 0x000001c8c0d60000, 0x000001c8c8020000]
CodeHeap 'non-nmethods': size=5696Kb used=1124Kb max_used=1136Kb free=4571Kb
 bounds [0x000001c8c0560000, 0x000001c8c07d0000, 0x000001c8c0af0000]
 total_blobs=1194 nmethods=826 adapters=281
 compilation: enabled
              stopped_count=0, restarted_count=0
 full_count=0

Compilation events (20 events):
Event: 0.854 Thread 0x000001c8d658a800 nmethod 788 0x000001c8c8060710 code [0x000001c8c80608c0, 0x000001c8c8060b38]
Event: 0.854 Thread 0x000001c8d658a800  789   !   4       java.util.jar.JarFile::checkForSpecialAttributes (163 bytes)
Event: 0.855 Thread 0x000001c8d6599800  793       3       java.util.zip.InflaterInputStream::<init> (79 bytes)
Event: 0.856 Thread 0x000001c8d6599800 nmethod 793 0x000001c8c0c56210 code [0x000001c8c0c56420, 0x000001c8c0c56c18]
Event: 0.856 Thread 0x000001c8d6599800  794       3       java.util.zip.ZipFile$InflaterCleanupAction::<init> (15 bytes)
Event: 0.856 Thread 0x000001c8d6599800 nmethod 794 0x000001c8c0c56e10 code [0x000001c8c0c56fc0, 0x000001c8c0c571d8]
Event: 0.856 Thread 0x000001c8d6599800  795       3       java.util.zip.ZipFile$ZipFileInflaterInputStream::fill (80 bytes)
Event: 0.856 Thread 0x000001c8d6599800 nmethod 795 0x000001c8c0c57290 code [0x000001c8c0c57480, 0x000001c8c0c577e8]
Event: 0.856 Thread 0x000001c8d6599800  796   !   3       java.util.zip.ZipFile$ZipFileInputStream::read (135 bytes)
Event: 0.857 Thread 0x000001c8d6599800 nmethod 796 0x000001c8c0c57990 code [0x000001c8c0c57bc0, 0x000001c8c0c58338]
Event: 0.857 Thread 0x000001c8d6599800  797       3       java.util.zip.ZipFile::ensureOpenOrZipException (18 bytes)
Event: 0.857 Thread 0x000001c8d6599800 nmethod 797 0x000001c8c0c58710 code [0x000001c8c0c588e0, 0x000001c8c0c58ae8]
Event: 0.857 Thread 0x000001c8d6599800  798       3       java.util.zip.ZipFile$ZipFileInputStream::initDataOffset (109 bytes)
Event: 0.857 Thread 0x000001c8d6599800 nmethod 798 0x000001c8c0c58c10 code [0x000001c8c0c58e40, 0x000001c8c0c59668]
Event: 0.857 Thread 0x000001c8d6599800  799       3       java.util.zip.ZipUtils::LOCNAM (7 bytes)
Event: 0.857 Thread 0x000001c8d6599800 nmethod 799 0x000001c8c0c59990 code [0x000001c8c0c59b40, 0x000001c8c0c59cd8]
Event: 0.857 Thread 0x000001c8d6599800  800       3       java.util.zip.ZipUtils::LOCEXT (7 bytes)
Event: 0.858 Thread 0x000001c8d6599800 nmethod 800 0x000001c8c0c59e10 code [0x000001c8c0c59fc0, 0x000001c8c0c5a158]
Event: 0.858 Thread 0x000001c8d6599800  801   !   3       java.util.zip.ZipFile$Source::readAt (39 bytes)
Event: 0.858 Thread 0x000001c8d6599800 nmethod 801 0x000001c8c0c5a290 code [0x000001c8c0c5a4a0, 0x000001c8c0c5a9c8]

GC Heap History (2 events):
Event: 0.657 GC heap before
{Heap before GC invocations=0 (full 0):
 garbage-first heap   total 131072K, used 16384K [0x0000000081e00000, 0x0000000100000000)
  region size 1024K, 14 young (14336K), 0 survivors (0K)
 Metaspace       used 7919K, capacity 8113K, committed 8320K, reserved 1056768K
  class space    used 714K, capacity 786K, committed 896K, reserved 1048576K
}
Event: 0.661 GC heap after
{Heap after GC invocations=1 (full 0):
 garbage-first heap   total 131072K, used 3310K [0x0000000081e00000, 0x0000000100000000)
  region size 1024K, 2 young (2048K), 2 survivors (2048K)
 Metaspace       used 7919K, capacity 8113K, committed 8320K, reserved 1056768K
  class space    used 714K, capacity 786K, committed 896K, reserved 1048576K
}

Deoptimization events (20 events):
Event: 0.655 Thread 0x000001c8bca4d800 DEOPT PACKING pc=0x000001c8c8048094 sp=0x000000954e9fa6f0
Event: 0.655 Thread 0x000001c8bca4d800 DEOPT UNPACKING pc=0x000001c8c05aa1af sp=0x000000954e9fa680 mode 2
Event: 0.676 Thread 0x000001c8bca4d800 DEOPT PACKING pc=0x000001c8c0bb9fa2 sp=0x000000954e9fa580
Event: 0.676 Thread 0x000001c8bca4d800 DEOPT UNPACKING pc=0x000001c8c05aa95e sp=0x000000954e9f99e8 mode 0
Event: 0.760 Thread 0x000001c8bca4d800 Uncommon trap: trap_request=0xffffffc6 fr.pc=0x000001c8c8051c94 relative=0x0000000000001174
Event: 0.760 Thread 0x000001c8bca4d800 Uncommon trap: reason=bimorphic_or_optimized_type_check action=maybe_recompile pc=0x000001c8c8051c94 method=java.util.HashMap.putVal(ILjava/lang/Object;Ljava/lang/Object;ZZ)Ljava/lang/Object; @ 91 c2
Event: 0.760 Thread 0x000001c8bca4d800 DEOPT PACKING pc=0x000001c8c8051c94 sp=0x000000954e9faff0
Event: 0.760 Thread 0x000001c8bca4d800 DEOPT UNPACKING pc=0x000001c8c05aa1af sp=0x000000954e9faf90 mode 2
Event: 0.760 Thread 0x000001c8bca4d800 Uncommon trap: trap_request=0xffffffc6 fr.pc=0x000001c8c8051c94 relative=0x0000000000001174
Event: 0.760 Thread 0x000001c8bca4d800 Uncommon trap: reason=bimorphic_or_optimized_type_check action=maybe_recompile pc=0x000001c8c8051c94 method=java.util.HashMap.putVal(ILjava/lang/Object;Ljava/lang/Object;ZZ)Ljava/lang/Object; @ 91 c2
Event: 0.760 Thread 0x000001c8bca4d800 DEOPT PACKING pc=0x000001c8c8051c94 sp=0x000000954e9fb050
Event: 0.760 Thread 0x000001c8bca4d800 DEOPT UNPACKING pc=0x000001c8c05aa1af sp=0x000000954e9faff0 mode 2
Event: 0.761 Thread 0x000001c8bca4d800 Uncommon trap: trap_request=0xffffffc6 fr.pc=0x000001c8c8051c94 relative=0x0000000000001174
Event: 0.761 Thread 0x000001c8bca4d800 Uncommon trap: reason=bimorphic_or_optimized_type_check action=maybe_recompile pc=0x000001c8c8051c94 method=java.util.HashMap.putVal(ILjava/lang/Object;Ljava/lang/Object;ZZ)Ljava/lang/Object; @ 91 c2
Event: 0.761 Thread 0x000001c8bca4d800 DEOPT PACKING pc=0x000001c8c8051c94 sp=0x000000954e9fafe0
Event: 0.761 Thread 0x000001c8bca4d800 DEOPT UNPACKING pc=0x000001c8c05aa1af sp=0x000000954e9faf80 mode 2
Event: 0.761 Thread 0x000001c8bca4d800 Uncommon trap: trap_request=0xffffffc6 fr.pc=0x000001c8c8051c94 relative=0x0000000000001174
Event: 0.761 Thread 0x000001c8bca4d800 Uncommon trap: reason=bimorphic_or_optimized_type_check action=maybe_recompile pc=0x000001c8c8051c94 method=java.util.HashMap.putVal(ILjava/lang/Object;Ljava/lang/Object;ZZ)Ljava/lang/Object; @ 91 c2
Event: 0.761 Thread 0x000001c8bca4d800 DEOPT PACKING pc=0x000001c8c8051c94 sp=0x000000954e9fb010
Event: 0.761 Thread 0x000001c8bca4d800 DEOPT UNPACKING pc=0x000001c8c05aa1af sp=0x000000954e9fafb0 mode 2

Classes redefined (0 events):
No events

Internal exceptions (3 events):
Event: 0.173 Thread 0x000001c8bca4d800 Exception <a 'java/lang/NoSuchMethodError'{0x0000000089c88ca0}: 'int java.lang.invoke.DirectMethodHandle$Holder.invokeSpecialIFC(java.lang.Object, java.lang.Object, int)'> (0x0000000089c88ca0) thrown at [./src/hotspot/share/interpreter/linkResolver.cpp, line 773]
Event: 0.261 Thread 0x000001c8bca4d800 Exception <a 'java/lang/NoSuchMethodError'{0x0000000089a0e6e8}: 'int java.lang.invoke.DirectMethodHandle$Holder.invokeStaticInit(java.lang.Object, java.lang.Object)'> (0x0000000089a0e6e8) thrown at [./src/hotspot/share/interpreter/linkResolver.cpp, line 773]
Event: 0.306 Thread 0x000001c8bca4d800 Exception <a 'java/lang/NoSuchMethodError'{0x0000000089adc7b8}: 'int java.lang.invoke.DirectMethodHandle$Holder.invokeSpecial(java.lang.Object, java.lang.Object, java.lang.Object, java.lang.Object)'> (0x0000000089adc7b8) thrown at [./src/hotspot/share/interpreter/linkResolver.cpp, line 773]

Events (20 events):
Event: 0.856 loading class org/gradle/internal/logging/LoggingConfigurationBuildOptions$WarningsOption
Event: 0.856 loading class org/gradle/internal/logging/LoggingConfigurationBuildOptions$WarningsOption done
Event: 0.856 loading class org/gradle/launcher/cli/converter/InitialPropertiesConverter
Event: 0.856 loading class org/gradle/launcher/cli/converter/InitialPropertiesConverter done
Event: 0.857 loading class org/gradle/launcher/configuration/InitialProperties
Event: 0.857 loading class org/gradle/launcher/configuration/InitialProperties done
Event: 0.857 loading class org/gradle/cli/SystemPropertiesCommandLineConverter
Event: 0.857 loading class org/gradle/cli/SystemPropertiesCommandLineConverter done
Event: 0.857 loading class org/gradle/cli/AbstractPropertiesCommandLineConverter
Event: 0.857 loading class org/gradle/cli/AbstractPropertiesCommandLineConverter done
Event: 0.857 loading class org/gradle/cli/AbstractCommandLineConverter
Event: 0.857 loading class org/gradle/cli/AbstractCommandLineConverter done
Event: 0.858 loading class org/gradle/launcher/cli/converter/BuildLayoutConverter
Event: 0.858 loading class org/gradle/launcher/cli/converter/BuildLayoutConverter done
Event: 0.858 loading class org/gradle/launcher/configuration/BuildLayoutResult
Event: 0.858 loading class org/gradle/launcher/configuration/BuildLayoutResult done
Event: 0.858 loading class org/gradle/initialization/LayoutCommandLineConverter
Event: 0.858 loading class org/gradle/initialization/LayoutCommandLineConverter done
Event: 0.860 loading class org/gradle/initialization/BuildLayoutParametersBuildOptions
Event: 0.860 loading class org/gradle/initialization/BuildLayoutParametersBuildOptions done


Dynamic libraries:
0x00007ff6fcf20000 - 0x00007ff6fcf2a000 	C:\Program Files\Android\Android Studio\jre\bin\java.exe
0x00007fff190b0000 - 0x00007fff192a7000 	C:\WINDOWS\SYSTEM32\ntdll.dll
0x00007fff17a60000 - 0x00007fff17b1d000 	C:\WINDOWS\System32\KERNEL32.DLL
0x00007fff16880000 - 0x00007fff16b76000 	C:\WINDOWS\System32\KERNELBASE.dll
0x00007fff16f60000 - 0x00007fff17060000 	C:\WINDOWS\System32\ucrtbase.dll
0x00007ffeef8a0000 - 0x00007ffeef8b7000 	C:\Program Files\Android\Android Studio\jre\bin\VCRUNTIME140.dll
0x00007ffeef8c0000 - 0x00007ffeef8d9000 	C:\Program Files\Android\Android Studio\jre\bin\jli.dll
0x00007fff18290000 - 0x00007fff1842e000 	C:\WINDOWS\System32\USER32.dll
0x00007fff16bb0000 - 0x00007fff16bd2000 	C:\WINDOWS\System32\win32u.dll
0x00007fff0d630000 - 0x00007fff0d8ca000 	C:\WINDOWS\WinSxS\amd64_microsoft.windows.common-controls_6595b64144ccf1df_6.0.19041.3570_none_60bb2a3971f3e41a\COMCTL32.dll
0x00007fff17130000 - 0x00007fff1715c000 	C:\WINDOWS\System32\GDI32.dll
0x00007fff17610000 - 0x00007fff176ae000 	C:\WINDOWS\System32\msvcrt.dll
0x00007fff16ce0000 - 0x00007fff16dfa000 	C:\WINDOWS\System32\gdi32full.dll
0x00007fff16790000 - 0x00007fff1682d000 	C:\WINDOWS\System32\msvcp_win.dll
0x00007fff17440000 - 0x00007fff17470000 	C:\WINDOWS\System32\IMM32.DLL
0x00007ffee3470000 - 0x00007ffee350d000 	C:\Program Files\Android\Android Studio\jre\bin\msvcp140.dll
0x00007ffeda570000 - 0x00007ffedb055000 	C:\Program Files\Android\Android Studio\jre\bin\server\jvm.dll
0x00007fff179b0000 - 0x00007fff17a5e000 	C:\WINDOWS\System32\ADVAPI32.dll
0x00007fff176c0000 - 0x00007fff1775c000 	C:\WINDOWS\System32\sechost.dll
0x00007fff177d0000 - 0x00007fff178f6000 	C:\WINDOWS\System32\RPCRT4.dll
0x00007fff176b0000 - 0x00007fff176b8000 	C:\WINDOWS\System32\PSAPI.DLL
0x00007fff09440000 - 0x00007fff09449000 	C:\WINDOWS\SYSTEM32\WSOCK32.dll
0x00007fff17760000 - 0x00007fff177cb000 	C:\WINDOWS\System32\WS2_32.dll
0x00007fff10570000 - 0x00007fff10597000 	C:\WINDOWS\SYSTEM32\WINMM.dll
0x00007fff0c1c0000 - 0x00007fff0c1ca000 	C:\WINDOWS\SYSTEM32\VERSION.dll
0x00007fff14650000 - 0x00007fff14662000 	C:\WINDOWS\SYSTEM32\kernel.appcore.dll
0x00007ffeda550000 - 0x00007ffeda561000 	C:\Program Files\Android\Android Studio\jre\bin\verify.dll
0x00007fff07830000 - 0x00007fff07a14000 	C:\WINDOWS\SYSTEM32\DBGHELP.DLL
0x00007fff07500000 - 0x00007fff07534000 	C:\WINDOWS\SYSTEM32\dbgcore.DLL
0x00007fff16c50000 - 0x00007fff16cd2000 	C:\WINDOWS\System32\bcryptPrimitives.dll
0x00007ffeda520000 - 0x00007ffeda549000 	C:\Program Files\Android\Android Studio\jre\bin\java.dll
0x00007ffeda510000 - 0x00007ffeda51b000 	C:\Program Files\Android\Android Studio\jre\bin\jimage.dll
0x00007ffeda4f0000 - 0x00007ffeda508000 	C:\Program Files\Android\Android Studio\jre\bin\zip.dll
0x00007fff18430000 - 0x00007fff18b74000 	C:\WINDOWS\System32\SHELL32.dll
0x00007fff14850000 - 0x00007fff14feb000 	C:\WINDOWS\SYSTEM32\windows.storage.dll
0x00007fff18d10000 - 0x00007fff19064000 	C:\WINDOWS\System32\combase.dll
0x00007fff16100000 - 0x00007fff1612d000 	C:\WINDOWS\SYSTEM32\Wldp.dll
0x00007fff17900000 - 0x00007fff179ad000 	C:\WINDOWS\System32\SHCORE.dll
0x00007fff175b0000 - 0x00007fff17605000 	C:\WINDOWS\System32\shlwapi.dll
0x00007fff166c0000 - 0x00007fff166e5000 	C:\WINDOWS\SYSTEM32\profapi.dll
0x00007ffeda4d0000 - 0x00007ffeda4ea000 	C:\Program Files\Android\Android Studio\jre\bin\net.dll
0x00007fff102d0000 - 0x00007fff103da000 	C:\WINDOWS\SYSTEM32\WINHTTP.dll
0x00007fff15e60000 - 0x00007fff15eca000 	C:\WINDOWS\system32\mswsock.dll
0x00007ffeda4b0000 - 0x00007ffeda4c4000 	C:\Program Files\Android\Android Studio\jre\bin\nio.dll

dbghelp: loaded successfully - version: 4.0.5 - missing functions: none
symbol engine: initialized successfully - sym options: 0x614 - pdb path: .;C:\Program Files\Android\Android Studio\jre\bin;C:\WINDOWS\SYSTEM32;C:\WINDOWS\WinSxS\amd64_microsoft.windows.common-controls_6595b64144ccf1df_6.0.19041.3570_none_60bb2a3971f3e41a;C:\Program Files\Android\Android Studio\jre\bin\server

VM Arguments:
jvm_args: -Dorg.gradle.appname=gradlew 
java_command: org.gradle.wrapper.GradleWrapperMain -q -Ptarget-platform=android-arm64 -Ptarget=C:\Users\pc\Downloads\CBI_Flutter_App\lib\main.dart -Pbase-application-name=android.app.Application -Pdart-defines=Zmx1dHRlci5pbnNwZWN0b3Iuc3RydWN0dXJlZEVycm9ycz10cnVl,RkxVVFRFUl9XRUJfQVVUT19ERVRFQ1Q9dHJ1ZQ==,RkxVVFRFUl9XRUJfQ0FOVkFTS0lUX1VSTD1odHRwczovL3d3dy5nc3RhdGljLmNvbS9mbHV0dGVyLWNhbnZhc2tpdC8wNTQ1Zjg3MDVkZjMwMTg3N2Q3ODcxMDdiYWMxYTZlOWZjOWVlMWFkLw== -Pdart-obfuscation=false -Ptrack-widget-creation=true -Ptree-shake-icons=false -Pfilesystem-scheme=org-dartlang-root assembleDebug
java_class_path (initial): C:\Users\pc\Downloads\CBI_Flutter_App\android\\gradle\wrapper\gradle-wrapper.jar
Launcher Type: SUN_STANDARD

[Global flags]
     intx CICompilerCount                          = 3                                         {product} {ergonomic}
     uint ConcGCThreads                            = 1                                         {product} {ergonomic}
     uint G1ConcRefinementThreads                  = 4                                         {product} {ergonomic}
   size_t G1HeapRegionSize                         = 1048576                                   {product} {ergonomic}
    uintx GCDrainStackTargetSize                   = 64                                        {product} {ergonomic}
   size_t InitialHeapSize                          = 134217728                                 {product} {ergonomic}
   size_t MarkStackSize                            = 4194304                                   {product} {ergonomic}
   size_t MaxHeapSize                              = 2116026368                                {product} {ergonomic}
   size_t MaxNewSize                               = 1268776960                                {product} {ergonomic}
   size_t MinHeapDeltaBytes                        = 1048576                                   {product} {ergonomic}
    uintx NonNMethodCodeHeapSize                   = 5830732                                {pd product} {ergonomic}
    uintx NonProfiledCodeHeapSize                  = 122913754                              {pd product} {ergonomic}
    uintx ProfiledCodeHeapSize                     = 122913754                              {pd product} {ergonomic}
    uintx ReservedCodeCacheSize                    = 251658240                              {pd product} {ergonomic}
     bool SegmentedCodeCache                       = true                                      {product} {ergonomic}
     bool UseCompressedClassPointers               = true                                 {lp64_product} {ergonomic}
     bool UseCompressedOops                        = true                                 {lp64_product} {ergonomic}
     bool UseG1GC                                  = true                                      {product} {ergonomic}
     bool UseLargePagesIndividualAllocation        = false                                  {pd product} {ergonomic}

Logging:
Log output configuration:
 #0: stdout all=warning uptime,level,tags
 #1: stderr all=off uptime,level,tags

Environment Variables:
JAVA_HOME=C:\Program Files\Android\Android Studio\jre
CLASSPATH=C:\Users\pc\Downloads\CBI_Flutter_App\android\\gradle\wrapper\gradle-wrapper.jar
PATH=C:\Program Files\Android\Android Studio\jre\bin;C:\Program Files (x86)\Common Files\Oracle\Java\javapath;C:\WINDOWS\system32;C:\WINDOWS;C:\WINDOWS\System32\Wbem;C:\WINDOWS\System32\WindowsPowerShell\v1.0\;C:\WINDOWS\System32\OpenSSH\;C:\Program Files\Git\cmd;C:\MinGW\bin;C:\Program Files\dotnet\;C:\Users\pc\AppData\Local\Microsoft\WindowsApps;C:\Users\pc\Downloads\flutter\bin;;C:\Users\pc\AppData\Local\Programs\Microsoft VS Code\bin;C:\Users\pc\Downloads\flutter\bin\mingit\cmd
USERNAME=pc
OS=Windows_NT
PROCESSOR_IDENTIFIER=Intel64 Family 6 Model 58 Stepping 9, GenuineIntel



---------------  S Y S T E M  ---------------

OS: Windows 10 , 64 bit Build 19041 (10.0.19041.3570)
OS uptime: 0 days 1:34 hours

CPU:total 4 (initial active 4) (4 cores per cpu, 1 threads per core) family 6 model 58 stepping 9 microcode 0x21, cmov, cx8, fxsr, mmx, sse, sse2, sse3, ssse3, sse4.1, sse4.2, popcnt, avx, aes, clmul, erms, tsc, tscinvbit, tscinv

Memory: 4k page, system-wide physical 8065M (606M free)
TotalPageFile size 10113M (AvailPageFile size 0M)
current process WorkingSet (physical memory assigned to process): 71M, peak: 71M
current process commit charge ("private bytes"): 210M, peak: 210M

vm_info: OpenJDK 64-Bit Server VM (11.0.12+7-b1504.28-7817840) for windows-amd64 JRE (11.0.12+7-b1504.28-7817840), built on Oct 13 2021 22:12:33 by "builder" with MS VC++ 14.0 (VS2015)

END.
